\BOOKMARK [0][-]{chapter*.1}{\376\377\000E\000i\000d\000e\000s\000s\000t\000a\000t\000t\000l\000i\000c\000h\000e\000\040\000E\000r\000k\000l\000\344\000r\000u\000n\000g}{}% 1
\BOOKMARK [0][-]{chapter*.3}{\376\377\000V\000o\000r\000w\000o\000r\000t}{}% 2
\BOOKMARK [0][-]{chapter*.4}{\376\377\000D\000i\000p\000l\000o\000m\000a\000r\000b\000e\000i\000t\000\040\000D\000o\000k\000u\000m\000e\000n\000t\000a\000t\000i\000o\000n}{}% 3
\BOOKMARK [0][-]{chapter*.5}{\376\377\000D\000i\000p\000l\000o\000m\000a\000\040\000T\000h\000e\000s\000i\000s\000\040\000D\000o\000c\000u\000m\000e\000n\000t\000a\000t\000i\000o\000n}{}% 4
\BOOKMARK [0][-]{chapter*.6}{\376\377\000K\000u\000r\000z\000f\000a\000s\000s\000u\000n\000g}{}% 5
\BOOKMARK [0][-]{chapter*.7}{\376\377\000A\000b\000s\000t\000r\000a\000c\000t}{}% 6
\BOOKMARK [0][-]{chapter.8}{\376\377\000E\000i\000n\000l\000e\000i\000t\000u\000n\000g}{}% 7
\BOOKMARK [1][-]{section.9}{\376\377\000A\000u\000s\000g\000a\000n\000g\000s\000l\000a\000g\000e}{chapter.8}% 8
\BOOKMARK [1][-]{section.10}{\376\377\000A\000u\000s\000l\000\366\000s\000e\000r}{chapter.8}% 9
\BOOKMARK [1][-]{section.11}{\376\377\000A\000u\000f\000g\000a\000b\000e\000n\000s\000t\000e\000l\000l\000u\000n\000g}{chapter.8}% 10
\BOOKMARK [1][-]{section.12}{\376\377\000T\000e\000a\000m}{chapter.8}% 11
\BOOKMARK [2][-]{subsection.13}{\376\377\000A\000u\000f\000t\000e\000i\000l\000u\000n\000g}{section.12}% 12
\BOOKMARK [0][-]{chapter.14}{\376\377\000G\000r\000u\000n\000d\000l\000a\000g\000e\000n}{}% 13
\BOOKMARK [1][-]{section.15}{\376\377\000V\000o\000r\000g\000e\000h\000e\000n\000s\000m\000o\000d\000e\000l\000l\000e}{chapter.14}% 14
\BOOKMARK [2][-]{subsection.16}{\376\377\000S\000c\000r\000u\000m}{section.15}% 15
\BOOKMARK [3][-]{subsubsection.18}{\376\377\000D\000i\000e\000\040\000d\000r\000e\000i\000\040\000R\000o\000l\000l\000e\000n\000\040\000i\000n\000\040\000S\000c\000r\000u\000m}{subsection.16}% 16
\BOOKMARK [3][-]{subsubsection.25}{\376\377\000S\000c\000r\000u\000m\000\040\000M\000e\000e\000t\000i\000n\000g\000s}{subsection.16}% 17
\BOOKMARK [2][-]{subsection.36}{\376\377\000B\000e\000g\000r\000\374\000n\000d\000u\000n\000g\000\040\000d\000e\000r\000\040\000A\000u\000s\000w\000a\000h\000l}{section.15}% 18
\BOOKMARK [1][-]{section.37}{\376\377\000P\000r\000o\000j\000e\000k\000t\000m\000a\000n\000a\000g\000e\000m\000e\000n\000t\000-\000T\000o\000o\000l\000s}{chapter.14}% 19
\BOOKMARK [2][-]{subsection.38}{\376\377\000G\000i\000t\000H\000u\000b}{section.37}% 20
\BOOKMARK [2][-]{subsection.39}{\376\377\000J\000i\000r\000a}{section.37}% 21
\BOOKMARK [1][-]{section.40}{\376\377\000K\000o\000n\000z\000e\000p\000t\000i\000o\000n\000\040\000v\000o\000n\000\040\000F\000r\000a\000g\000e\000b\000\366\000g\000e\000n}{chapter.14}% 22
\BOOKMARK [2][-]{subsection.41}{\376\377\000P\000l\000a\000n\000u\000n\000g\000\040\000d\000e\000r\000\040\000F\000r\000a\000g\000e\000b\000o\000g\000e\000n\000k\000o\000n\000s\000t\000r\000u\000k\000t\000i\000o\000n}{section.40}% 23
\BOOKMARK [2][-]{subsection.54}{\376\377\000F\000o\000r\000m\000u\000l\000i\000e\000r\000u\000n\000g\000\040\000d\000e\000r\000\040\000F\000r\000a\000g\000e\000n}{section.40}% 24
\BOOKMARK [2][-]{subsection.56}{\376\377\000A\000r\000t\000e\000n\000\040\000v\000o\000n\000\040\000F\000r\000a\000g\000e\000n}{section.40}% 25
\BOOKMARK [2][-]{subsection.62}{\376\377\000S\000t\000r\000u\000k\000t\000u\000r\000\040\000u\000n\000d\000\040\000G\000l\000i\000e\000d\000e\000r\000u\000n\000g\000\040\000v\000o\000n\000\040\000F\000r\000a\000g\000e\000b\000\366\000g\000e\000n}{section.40}% 26
\BOOKMARK [2][-]{subsection.63}{\376\377\000M\000\366\000g\000l\000i\000c\000h\000e\000\040\000V\000e\000r\000f\000\344\000l\000s\000c\000h\000u\000n\000g\000\040\000d\000e\000s\000\040\000R\000e\000s\000u\000l\000t\000a\000t\000s}{section.40}% 27
\BOOKMARK [2][-]{subsection.66}{\376\377\000A\000u\000s\000w\000e\000r\000t\000u\000n\000g\000\040\000v\000o\000n\000\040\000F\000r\000a\000g\000e\000b\000\366\000g\000e\000n}{section.40}% 28
\BOOKMARK [3][-]{subsubsection.67}{\376\377\000A\000u\000s\000w\000e\000r\000t\000u\000n\000g\000\040\000d\000e\000s\000\040\000e\000r\000s\000t\000e\000l\000l\000t\000e\000n\000\040\000F\000r\000a\000g\000e\000b\000o\000g\000e\000n\000s}{subsection.66}% 29
\BOOKMARK [0][-]{chapter.73}{\376\377\000P\000r\000o\000d\000u\000k\000t\000s\000p\000e\000z\000i\000f\000i\000k\000a\000t\000i\000o\000n\000e\000n}{}% 30
\BOOKMARK [1][-]{section.74}{\376\377\000A\000n\000f\000o\000r\000d\000e\000r\000u\000n\000g\000e\000n\000\040\000u\000n\000d\000\040\000S\000p\000e\000z\000i\000f\000i\000k\000a\000t\000i\000o\000n\000e\000n}{chapter.73}% 31
\BOOKMARK [2][-]{subsection.75}{\376\377\000U\000s\000e\000\040\000C\000a\000s\000e\000s}{section.74}% 32
\BOOKMARK [1][-]{section.76}{\376\377\000D\000e\000s\000i\000g\000n}{chapter.73}% 33
\BOOKMARK [2][-]{subsection.77}{\376\377\000A\000b\000l\000\344\000u\000f\000e}{section.76}% 34
\BOOKMARK [2][-]{subsection.79}{\376\377\000M\000o\000c\000k\000u\000p\000s}{section.76}% 35
\BOOKMARK [1][-]{section.80}{\376\377\000E\000i\000n\000g\000e\000s\000e\000t\000z\000t\000e\000\040\000T\000e\000c\000h\000n\000o\000l\000o\000g\000i\000e\000n}{chapter.73}% 36
\BOOKMARK [2][-]{subsection.81}{\376\377\000K\000r\000i\000t\000e\000r\000i\000e\000n}{section.80}% 37
\BOOKMARK [2][-]{subsection.82}{\376\377\000G\000a\000m\000e\000\040\000E\000n\000g\000i\000n\000e}{section.80}% 38
\BOOKMARK [3][-]{subsubsection.83}{\376\377\000U\000n\000i\000t\000y}{subsection.82}% 39
\BOOKMARK [3][-]{subsubsection.84}{\376\377\000U\000n\000r\000e\000a\000l\000\040\000E\000n\000g\000i\000n\000e}{subsection.82}% 40
\BOOKMARK [3][-]{subsubsection.85}{\376\377\000G\000a\000m\000e\000\040\000E\000n\000g\000i\000n\000e\000\040\000A\000u\000s\000w\000a\000h\000l\000\040\000u\000n\000d\000\040\000W\000e\000c\000h\000s\000e\000l\000\040\000i\000m\000\040\000P\000r\000o\000j\000e\000k\000t\000v\000e\000r\000l\000a\000u\000f}{subsection.82}% 41
\BOOKMARK [2][-]{subsection.92}{\376\377\000U\000n\000i\000t\000y\000\040\000f\000o\000u\000n\000d\000a\000t\000i\000o\000n\000\040\000p\000a\000c\000k\000a\000g\000e\000s}{section.80}% 42
\BOOKMARK [3][-]{subsubsection.93}{\376\377\000M\000R\000T\000K\0003}{subsection.92}% 43
\BOOKMARK [3][-]{subsubsection.95}{\376\377\000M\000i\000c\000r\000o\000s\000o\000f\000t\000\040\000O\000p\000e\000n\000X\000R\000\040\000P\000l\000u\000g\000i\000n}{subsection.92}% 44
\BOOKMARK [3][-]{subsubsection.97}{\376\377\000I\000n\000t\000e\000g\000r\000a\000t\000i\000o\000n\000s\000p\000r\000o\000z\000e\000s\000s\000\040\000d\000e\000r\000\040\000P\000l\000u\000g\000i\000n\000s}{subsection.92}% 45
\BOOKMARK [2][-]{subsection.98}{\376\377\000M\000o\000d\000e\000l\000l\000i\000e\000r\000u\000n\000g\000s\000p\000r\000o\000g\000r\000a\000m\000m}{section.80}% 46
\BOOKMARK [3][-]{subsubsection.99}{\376\377\000W\000i\000e\000\040\000f\000u\000n\000k\000t\000i\000o\000n\000i\000e\000r\000t\000\040\000B\000l\000e\000n\000d\000e\000r\000\040\000i\000m\000\040\000A\000l\000l\000g\000e\000m\000e\000i\000n\000e\000n\000?}{subsection.98}% 47
\BOOKMARK [0][-]{chapter.100}{\376\377\000F\000e\000i\000n\000k\000o\000n\000z\000e\000p\000t\000\040\000u\000n\000d\000\040\000R\000e\000a\000l\000i\000s\000i\000e\000r\000u\000n\000g}{}% 48
\BOOKMARK [1][-]{section.101}{\376\377\000E\000n\000t\000w\000i\000c\000k\000l\000u\000n\000g\000s\000u\000m\000g\000e\000b\000u\000n\000g\000e\000n}{chapter.100}% 49
\BOOKMARK [2][-]{subsection.102}{\376\377\000V\000i\000s\000u\000a\000l\000\040\000S\000t\000u\000d\000i\000o\000\040\0002\0000\0002\0002}{section.101}% 50
\BOOKMARK [2][-]{subsection.103}{\376\377\000U\000n\000i\000t\000y}{section.101}% 51
\BOOKMARK [3][-]{subsubsection.104}{\376\377\000M\000u\000l\000t\000i\000d\000i\000s\000z\000i\000p\000l\000i\000n\000\344\000r\000e\000\040\000U\000n\000t\000e\000r\000s\000t\000\374\000t\000z\000u\000n\000g\000\040\000u\000n\000d\000\040\000I\000n\000t\000e\000g\000r\000a\000t\000i\000o\000n}{subsection.103}% 52
\BOOKMARK [3][-]{subsubsection.105}{\376\377\000S\000z\000e\000n\000e\000n\000g\000e\000s\000t\000a\000l\000t\000u\000n\000g\000\040\000u\000n\000d\000\040\000A\000s\000s\000e\000t\000-\000M\000a\000n\000a\000g\000e\000m\000e\000n\000t}{subsection.103}% 53
\BOOKMARK [3][-]{subsubsection.106}{\376\377\000P\000r\000o\000g\000r\000a\000m\000m\000i\000e\000r\000u\000n\000g\000\040\000u\000n\000d\000\040\000S\000k\000r\000i\000p\000t\000e\000r\000s\000t\000e\000l\000l\000u\000n\000g}{subsection.103}% 54
\BOOKMARK [3][-]{subsubsection.107}{\376\377\000U\000n\000t\000e\000r\000s\000t\000\374\000t\000z\000u\000n\000g\000\040\000f\000\374\000r\000\040\000A\000u\000g\000m\000e\000n\000t\000e\000d\000\040\000R\000e\000a\000l\000i\000t\000y\000\040\000\050\000A\000R\000\051\000\040\000u\000n\000d\000\040\000V\000i\000r\000t\000u\000a\000l\000\040\000R\000e\000a\000l\000i\000t\000y\000\040\000\050\000V\000R\000\051}{subsection.103}% 55
\BOOKMARK [3][-]{subsubsection.108}{\376\377\000E\000r\000w\000e\000i\000t\000e\000r\000t\000e\000\040\000D\000e\000b\000u\000g\000g\000i\000n\000g\000-\000\040\000u\000n\000d\000\040\000P\000r\000o\000f\000i\000l\000i\000n\000g\000-\000W\000e\000r\000k\000z\000e\000u\000g\000e}{subsection.103}% 56
\BOOKMARK [3][-]{subsubsection.109}{\376\377\000A\000u\000f\000b\000a\000u\000\040\000e\000i\000n\000e\000r\000\040\000U\000n\000i\000t\000y\000-\000A\000p\000p\000l\000i\000k\000a\000t\000i\000o\000n}{subsection.103}% 57
\BOOKMARK [3][-]{subsubsection.110}{\376\377\000L\000e\000b\000e\000n\000s\000z\000y\000k\000l\000u\000s\000m\000e\000t\000h\000o\000d\000e\000n\000\040\000i\000n\000\040\000U\000n\000i\000t\000y}{subsection.103}% 58
\BOOKMARK [3][-]{subsubsection.111}{\376\377\000U\000n\000i\000t\000y\000\040\000S\000z\000e\000n\000e\000n}{subsection.103}% 59
\BOOKMARK [3][-]{subsubsection.113}{\376\377\000U\000n\000i\000t\000y\000\040\000M\000a\000n\000a\000g\000e\000r}{subsection.103}% 60
\BOOKMARK [3][-]{subsubsection.116}{\376\377\000U\000n\000i\000t\000y\000\040\000G\000a\000m\000e\000O\000b\000j\000e\000c\000t\000s\000\040\000u\000n\000d\000\040\000K\000o\000m\000p\000o\000n\000e\000n\000t\000e}{subsection.103}% 61
\BOOKMARK [3][-]{subsubsection.118}{\376\377\000U\000n\000i\000t\000y\000\040\000P\000r\000e\000f\000a\000b\000s}{subsection.103}% 62
\BOOKMARK [2][-]{subsection.119}{\376\377\000D\000e\000p\000l\000o\000y\000m\000e\000n\000t\000\040\000d\000e\000r\000\040\000A\000n\000w\000e\000n\000d\000u\000n\000g}{section.101}% 63
\BOOKMARK [3][-]{subsubsection.120}{\376\377\000V\000o\000r\000a\000u\000s\000s\000e\000t\000z\000u\000n\000g\000e\000n\000\040\000f\000\374\000r\000\040\000d\000a\000s\000\040\000D\000e\000p\000l\000o\000y\000m\000e\000n\000t}{subsection.119}% 64
\BOOKMARK [3][-]{subsubsection.121}{\376\377\000D\000e\000p\000l\000o\000y\000m\000e\000n\000t\000-\000P\000r\000o\000z\000e\000s\000s}{subsection.119}% 65
\BOOKMARK [3][-]{subsubsection.123}{\376\377\000E\000r\000s\000t\000m\000a\000l\000i\000g\000e\000s\000\040\000D\000e\000p\000l\000o\000y\000m\000e\000n\000t}{subsection.119}% 66
\BOOKMARK [1][-]{section.124}{\376\377\000O\000b\000j\000e\000k\000t\000d\000e\000s\000i\000g\000n\000\040\000m\000i\000t\000\040\000B\000l\000e\000n\000d\000e\000r}{chapter.100}% 67
\BOOKMARK [2][-]{subsection.125}{\376\377\000O\000p\000t\000i\000m\000i\000e\000r\000u\000n\000g\000\040\000f\000\374\000r\000\040\000A\000u\000g\000m\000e\000n\000t\000e\000d\000\040\000R\000e\000a\000l\000i\000t\000y}{section.124}% 68
\BOOKMARK [3][-]{subsubsection.126}{\376\377\000P\000o\000l\000y\000g\000o\000n\000r\000e\000d\000u\000k\000t\000i\000o\000n}{subsection.125}% 69
\BOOKMARK [3][-]{subsubsection.127}{\376\377\000T\000e\000x\000t\000u\000r\000e\000n\000o\000p\000t\000i\000m\000i\000e\000r\000u\000n\000g}{subsection.125}% 70
\BOOKMARK [2][-]{subsection.128}{\376\377\000E\000x\000p\000o\000r\000t\000-\000\040\000u\000n\000d\000\040\000I\000n\000t\000e\000g\000r\000a\000t\000i\000o\000n\000s\000p\000r\000o\000z\000e\000s\000s}{section.124}% 71
\BOOKMARK [3][-]{subsubsection.129}{\376\377\000D\000a\000t\000e\000i\000f\000o\000r\000m\000a\000t}{subsection.128}% 72
\BOOKMARK [3][-]{subsubsection.130}{\376\377\000K\000o\000o\000r\000d\000i\000n\000a\000t\000e\000n\000s\000y\000s\000t\000e\000m\000e}{subsection.128}% 73
\BOOKMARK [2][-]{subsection.131}{\376\377\000A\000d\000d\000-\000O\000n\000s\000\040\000u\000n\000d\000\040\000P\000l\000u\000g\000i\000n\000s}{section.124}% 74
\BOOKMARK [3][-]{subsubsection.132}{\376\377\000L\000o\000o\000p\000t\000o\000o\000l\000s\000:\000\040\000O\000p\000t\000i\000m\000i\000e\000r\000u\000n\000g\000\040\000v\000o\000n\000\040\000T\000o\000p\000o\000l\000o\000g\000i\000e\000\040\000u\000n\000d\000\040\000O\000b\000e\000r\000f\000l\000\344\000c\000h\000e\000n}{subsection.131}% 75
\BOOKMARK [3][-]{subsubsection.134}{\376\377\000I\000m\000a\000g\000e\000s\000\040\000a\000s\000\040\000P\000l\000a\000n\000e\000s\000:\000\040\000E\000f\000f\000i\000z\000i\000e\000n\000t\000e\000\040\000I\000n\000t\000e\000g\000r\000a\000t\000i\000o\000n\000\040\000v\000o\000n\000\040\000T\000e\000x\000t\000u\000r\000e\000n}{subsection.131}% 76
\BOOKMARK [2][-]{subsection.136}{\376\377\000M\000o\000d\000i}{section.124}% 77
\BOOKMARK [3][-]{subsubsection.138}{\376\377\000O\000b\000j\000e\000c\000t\000-\000M\000o\000d\000u\000s}{subsection.136}% 78
\BOOKMARK [3][-]{subsubsection.139}{\376\377\000E\000d\000i\000t\000-\000M\000o\000d\000u\000s}{subsection.136}% 79
\BOOKMARK [3][-]{subsubsection.141}{\376\377\000T\000e\000x\000t\000u\000r\000e\000-\000P\000a\000i\000n\000t\000-\000M\000o\000d\000u\000s}{subsection.136}% 80
\BOOKMARK [2][-]{subsection.143}{\376\377\000H\000i\000e\000r\000a\000r\000c\000h\000i\000e}{section.124}% 81
\BOOKMARK [2][-]{subsection.144}{\376\377\000M\000o\000d\000i\000f\000i\000e\000r}{section.124}% 82
\BOOKMARK [2][-]{subsection.145}{\376\377\000M\000o\000d\000e\000l\000l\000i\000e\000r\000u\000n\000g\000\040\000v\000o\000n\000\040\000G\000e\000g\000e\000n\000s\000t\000\344\000n\000d\000e\000n\000\040\000f\000\374\000r\000\040\000d\000a\000s\000\040\000P\000r\000o\000j\000e\000k\000t}{section.124}% 83
\BOOKMARK [3][-]{subsubsection.146}{\376\377\000T\000a\000s\000c\000h\000e\000n\000r\000e\000c\000h\000n\000e\000r}{subsection.145}% 84
\BOOKMARK [3][-]{subsubsection.160}{\376\377\000R\000e\000s\000t\000l\000i\000c\000h\000e\000n\000\040\000M\000o\000d\000e\000l\000l\000e}{subsection.145}% 85
\BOOKMARK [1][-]{section.172}{\376\377\000H\000a\000u\000p\000t\000m\000e\000n\000\374}{chapter.100}% 86
\BOOKMARK [2][-]{subsection.173}{\376\377\000E\000r\000s\000t\000e\000n\000t\000w\000u\000r\000f}{section.172}% 87
\BOOKMARK [3][-]{subsubsection.176}{\376\377\000P\000r\000o\000b\000l\000e\000m\000e\000\040\000b\000e\000i\000m\000\040\000E\000r\000s\000t\000e\000n\000t\000w\000u\000r\000f}{subsection.173}% 88
\BOOKMARK [2][-]{subsection.179}{\376\377\000F\000i\000n\000a\000l\000v\000e\000r\000s\000i\000o\000n\000\040\000d\000e\000s\000\040\000M\000e\000n\000\374\000s}{section.172}% 89
\BOOKMARK [3][-]{subsubsection.180}{\376\377\000F\000i\000n\000a\000l\000v\000e\000r\000s\000i\000o\000n\000\040\000M\000e\000n\000\374\000\040\000-\000\040\000H\000a\000u\000p\000t\000m\000e\000n\000\374}{subsection.179}% 90
\BOOKMARK [3][-]{subsubsection.183}{\376\377\000F\000i\000n\000a\000l\000v\000e\000r\000s\000i\000o\000n\000\040\000M\000e\000n\000\374\000\040\000-\000\040\000A\000n\000w\000e\000n\000d\000u\000n\000g\000s\000s\000z\000e\000n\000a\000r\000i\000o}{subsection.179}% 91
\BOOKMARK [3][-]{subsubsection.185}{\376\377\000S\000e\000t\000z\000e\000n\000\040\000d\000e\000s\000\040\000M\000e\000n\000\374\000s}{subsection.179}% 92
\BOOKMARK [2][-]{subsection.208}{\376\377\000L\000a\000d\000e\000n\000\040\000d\000e\000r\000\040\000L\000e\000v\000e\000l}{section.172}% 93
\BOOKMARK [2][-]{subsection.227}{\376\377\000U\000I\000/\000U\000X}{section.172}% 94
\BOOKMARK [1][-]{section.228}{\376\377\000P\000i\000n\000g\000\040\000L\000e\000v\000e\000l}{chapter.100}% 95
\BOOKMARK [2][-]{subsection.229}{\376\377\000O\000b\000j\000e\000c\000t\000\040\000T\000r\000a\000c\000k\000i\000n\000g}{section.228}% 96
\BOOKMARK [2][-]{subsection.230}{\376\377\000K\000u\000r\000v\000e\000n\000b\000e\000r\000e\000c\000h\000n\000u\000n\000g}{section.228}% 97
\BOOKMARK [1][-]{section.231}{\376\377\000K\000n\000a\000p\000s\000a\000c\000k\000\040\000P\000r\000o\000b\000l\000e\000m\000\040\000S\000z\000e\000n\000a\000r\000i\000o}{chapter.100}% 98
\BOOKMARK [2][-]{subsection.232}{\376\377\000K\000n\000a\000p\000s\000a\000c\000k\000-\000P\000r\000o\000b\000l\000e\000m\000\040\000S\000z\000e\000n\000r\000i\000o\000\040\000H\000i\000r\000a\000r\000c\000h\000i\000e}{section.231}% 99
\BOOKMARK [2][-]{subsection.234}{\376\377\000N\000u\000t\000z\000u\000n\000g\000\040\000v\000o\000n\000\040\000Q\000R\000-\000C\000o\000d\000e\000s}{section.231}% 100
\BOOKMARK [3][-]{subsubsection.235}{\376\377\000S\000t\000r\000u\000k\000t\000u\000r\000\040\000u\000n\000d\000\040\000I\000n\000h\000a\000l\000t\000\040\000e\000i\000n\000e\000s\000\040\000Q\000R\000-\000C\000o\000d\000e\000s}{subsection.234}% 101
\BOOKMARK [3][-]{subsubsection.264}{\376\377\000Q\000R\000-\000C\000o\000d\000e\000-\000T\000r\000a\000c\000k\000i\000n\000g}{subsection.234}% 102
\BOOKMARK [3][-]{subsubsection.266}{\376\377\000I\000n\000t\000e\000r\000a\000k\000t\000i\000o\000n\000\040\000m\000i\000t\000\040\000Q\000R\000-\000C\000o\000d\000e\000s}{subsection.234}% 103
\BOOKMARK [3][-]{subsubsection.268}{\376\377\000B\000e\000s\000t\000i\000m\000m\000e\000n\000\040\000d\000e\000r\000\040\000P\000o\000s\000i\000t\000i\000o\000n\000\040\000Q\000R\000-\000C\000o\000d\000e\000s}{subsection.234}% 104
\BOOKMARK [3][-]{subsubsection.269}{\376\377\000V\000i\000s\000u\000a\000l\000i\000s\000i\000e\000r\000u\000n\000g\000\040\000v\000o\000n\000\040\000Q\000R\000-\000C\000o\000d\000e\000s}{subsection.234}% 105
\BOOKMARK [3][-]{subsubsection.270}{\376\377\000Z\000u\000g\000r\000i\000f\000f\000\040\000a\000u\000f\000\040\000Q\000R\000-\000C\000o\000d\000e\000s\000\040\000b\000e\000r\000e\000i\000t\000s\000t\000e\000l\000l\000e\000n}{subsection.234}% 106
\BOOKMARK [2][-]{subsection.271}{\376\377\000I\000n\000v\000e\000n\000t\000o\000r\000y\000\040\000P\000l\000a\000c\000e\000m\000e\000n\000t\000\040\000C\000o\000n\000t\000r\000o\000l\000l\000e\000r\000\040\000G\000a\000m\000e\000\040\000O\000b\000j\000e\000k\000t}{section.231}% 107
\BOOKMARK [3][-]{subsubsection.273}{\376\377\000I\000n\000v\000e\000n\000t\000o\000r\000y\000P\000l\000a\000c\000e\000m\000e\000n\000t\000C\000o\000n\000t\000r\000o\000l\000l\000e\000r\000\040\000K\000l\000a\000s\000s\000e\000n\000v\000a\000r\000i\000a\000b\000l\000e\000n}{subsection.271}% 108
\BOOKMARK [3][-]{subsubsection.290}{\376\377\000S\000t\000a\000r\000t\000v\000e\000r\000z\000\366\000g\000e\000r\000u\000n\000g}{subsection.271}% 109
\BOOKMARK [3][-]{subsubsection.303}{\376\377\000I\000d\000e\000n\000t\000i\000f\000i\000k\000a\000t\000i\000o\000n\000\040\000d\000e\000s\000\040\000r\000i\000c\000h\000t\000i\000g\000e\000n\000\040\000A\000R\000P\000l\000a\000n\000e\000s}{subsection.271}% 110
\BOOKMARK [2][-]{subsection.383}{\376\377\000I\000n\000v\000e\000n\000t\000o\000r\000y\000\040\000C\000o\000n\000t\000r\000o\000l\000l\000e\000r\000\040\000G\000a\000m\000e\000\040\000O\000b\000j\000e\000k\000t}{section.231}% 111
\BOOKMARK [3][-]{subsubsection.385}{\376\377\000I\000n\000v\000e\000n\000t\000o\000r\000y\000C\000o\000n\000t\000r\000o\000l\000l\000e\000r\000\040\000K\000l\000a\000s\000s\000e\000n\000v\000a\000r\000i\000a\000b\000l\000e\000n}{subsection.383}% 112
\BOOKMARK [3][-]{subsubsection.404}{\376\377\000S\000t\000a\000r\000t\000\040\000d\000e\000s\000\040\000I\000n\000v\000e\000n\000t\000o\000r\000y\000C\000o\000n\000t\000r\000o\000l\000l\000e\000r\000s}{subsection.383}% 113
\BOOKMARK [3][-]{subsubsection.416}{\376\377\000B\000o\000u\000n\000d\000s\000\040\000d\000e\000s\000\040\000I\000n\000v\000e\000n\000t\000a\000r\000s\000\040\000a\000k\000t\000u\000a\000l\000l\000i\000s\000i\000e\000r\000e\000n}{subsection.383}% 114
\BOOKMARK [3][-]{subsubsection.427}{\376\377\000B\000o\000u\000n\000d\000s\000\040\000d\000e\000s\000\040\000I\000n\000v\000e\000n\000t\000a\000r\000s\000\040\000e\000r\000m\000i\000t\000t\000e\000l\000n}{subsection.383}% 115
\BOOKMARK [3][-]{subsubsection.434}{\376\377\000I\000n\000v\000e\000n\000t\000o\000r\000y\000\040\000B\000o\000u\000n\000d\000s\000\040\000e\000r\000w\000e\000i\000t\000e\000r\000n}{subsection.383}% 116
\BOOKMARK [3][-]{subsubsection.442}{\376\377\000I\000D\000\040\000G\000r\000i\000d\000\040\000I\000n\000i\000t\000i\000a\000l\000i\000s\000i\000e\000r\000u\000n\000g}{subsection.383}% 117
\BOOKMARK [3][-]{subsubsection.448}{\376\377\000U\000p\000d\000a\000t\000e\000-\000F\000u\000n\000k\000t\000i\000o\000n}{subsection.383}% 118
\BOOKMARK [3][-]{subsubsection.454}{\376\377\000N\000e\000u\000e\000\040\000o\000d\000e\000r\000\040\000e\000n\000t\000f\000e\000r\000n\000t\000e\000\040\000I\000t\000e\000m\000s\000\040\000e\000r\000k\000e\000n\000n\000e\000n}{subsection.383}% 119
\BOOKMARK [2][-]{subsection.566}{\376\377\000E\000v\000e\000n\000t\000M\000a\000n\000a\000g\000e\000r}{section.231}% 120
\BOOKMARK [2][-]{subsection.597}{\376\377\000K\000n\000a\000p\000s\000a\000c\000k\000\040\000S\000o\000l\000v\000e\000r\000\040\000G\000a\000m\000e\000\040\000O\000b\000j\000e\000k\000t}{section.231}% 121
\BOOKMARK [3][-]{subsubsection.599}{\376\377\000K\000n\000a\000p\000s\000a\000c\000k\000-\000A\000l\000g\000o\000r\000i\000t\000h\000m\000u\000s}{subsection.597}% 122
\BOOKMARK [3][-]{subsubsection.600}{\376\377\000P\000r\000o\000b\000l\000e\000m\000s\000t\000e\000l\000l\000u\000n\000g}{subsection.597}% 123
\BOOKMARK [3][-]{subsubsection.601}{\376\377\000V\000a\000r\000i\000a\000t\000i\000o\000n\000e\000n\000\040\000d\000e\000s\000\040\000K\000n\000a\000p\000s\000a\000c\000k\000-\000P\000r\000o\000b\000l\000e\000m\000s}{subsection.597}% 124
\BOOKMARK [3][-]{subsubsection.608}{\376\377\000T\000y\000p\000e\000n\000\040\000d\000e\000s\000\040\000K\000n\000a\000p\000s\000a\000c\000k\000-\000P\000r\000o\000b\000l\000e\000m\000s}{subsection.597}% 125
\BOOKMARK [3][-]{subsubsection.614}{\376\377\000A\000n\000s\000\344\000t\000z\000e\000\040\000z\000u\000r\000\040\000L\000\366\000s\000u\000n\000g\000\040\000d\000e\000s\000\040\000K\000n\000a\000p\000s\000a\000c\000k\000-\000P\000r\000o\000b\000l\000e\000m\000s}{subsection.597}% 126
\BOOKMARK [3][-]{subsubsection.663}{\376\377\000A\000n\000w\000e\000n\000d\000u\000n\000g\000e\000n\000\040\000d\000e\000s\000\040\000K\000n\000a\000p\000s\000a\000c\000k\000-\000P\000r\000o\000b\000l\000e\000m\000s}{subsection.597}% 127
\BOOKMARK [3][-]{subsubsection.669}{\376\377\000A\000u\000s\000w\000a\000h\000l\000\040\000d\000e\000s\000\040\000I\000m\000p\000l\000e\000m\000e\000n\000t\000i\000e\000r\000u\000n\000g\000s\000a\000n\000s\000a\000t\000z\000e\000s}{subsection.597}% 128
\BOOKMARK [3][-]{subsubsection.674}{\376\377\000K\000n\000a\000p\000s\000a\000c\000k\000S\000o\000l\000v\000e\000r\000\040\000K\000l\000a\000s\000s\000e\000n\000v\000a\000r\000i\000a\000b\000l\000e\000n}{subsection.597}% 129
\BOOKMARK [3][-]{subsubsection.687}{\376\377\000S\000t\000a\000r\000t\000\040\000d\000e\000s\000\040\000K\000n\000a\000p\000s\000a\000c\000k\000S\000o\000l\000v\000e\000r\000s}{subsection.597}% 130
\BOOKMARK [3][-]{subsubsection.700}{\376\377\000S\000t\000a\000r\000t\000e\000n\000\040\000d\000e\000r\000\040\000B\000e\000r\000e\000c\000h\000n\000u\000n\000g}{subsection.597}% 131
\BOOKMARK [3][-]{subsubsection.727}{\376\377\000K\000n\000a\000p\000s\000a\000c\000k\000-\000A\000l\000g\000o\000r\000i\000t\000h\000m\000u\000s\000\040\000I\000m\000p\000l\000e\000m\000e\000n\000t\000i\000e\000r\000u\000n\000g}{subsection.597}% 132
\BOOKMARK [3][-]{subsubsection.791}{\376\377\000B\000e\000r\000e\000c\000h\000n\000u\000n\000g\000\040\000d\000e\000s\000\040\000e\000i\000g\000e\000n\000e\000n\000\040\000I\000n\000v\000e\000n\000t\000a\000r\000s}{subsection.597}% 133
\BOOKMARK [3][-]{subsubsection.817}{\376\377\000I\000n\000f\000o\000M\000e\000s\000h\000\040\000a\000k\000t\000u\000a\000l\000i\000s\000i\000e\000r\000e\000n}{subsection.597}% 134
\BOOKMARK [2][-]{subsection.824}{\376\377\000B\000e\000s\000t\000\040\000S\000o\000l\000u\000t\000i\000o\000n\000\040\000P\000r\000e\000f\000a\000b\000\040\000G\000a\000m\000e\000\040\000O\000b\000j\000e\000k\000t}{section.231}% 135
\BOOKMARK [3][-]{subsubsection.828}{\376\377\000S\000c\000r\000i\000p\000t\000\040\000A\000u\000f\000r\000u\000f}{subsection.824}% 136
\BOOKMARK [3][-]{subsubsection.830}{\376\377\000P\000e\000r\000f\000e\000c\000t\000S\000o\000l\000u\000t\000i\000o\000n\000V\000i\000s\000u\000a\000l\000i\000z\000e\000r\000\040\000K\000l\000a\000s\000s\000e\000n\000v\000a\000r\000i\000a\000b\000l\000e\000n}{subsection.824}% 137
\BOOKMARK [3][-]{subsubsection.844}{\376\377\000S\000t\000a\000r\000t\000\040\000d\000e\000s\000\040\000P\000e\000r\000f\000e\000c\000t\000S\000o\000l\000u\000t\000i\000o\000n\000V\000i\000s\000u\000a\000l\000i\000z\000e\000r}{subsection.824}% 138
\BOOKMARK [3][-]{subsubsection.865}{\376\377\000S\000e\000t\000z\000e\000n\000\040\000d\000e\000r\000\040\000n\000e\000u\000e\000n\000\040\000P\000o\000s\000i\000t\000i\000o\000n\000\040\000d\000e\000r\000\040\000p\000e\000r\000f\000e\000k\000t\000e\000n\000\040\000L\000\366\000s\000u\000n\000g}{subsection.824}% 139
\BOOKMARK [3][-]{subsubsection.874}{\376\377\000P\000e\000r\000f\000e\000k\000t\000e\000\040\000L\000\366\000s\000u\000n\000g\000\040\000f\000\374\000l\000l\000e\000n}{subsection.824}% 140
\BOOKMARK [1][-]{section.906}{\376\377\000P\000e\000r\000f\000o\000r\000m\000a\000n\000c\000e\000\040\000u\000n\000d\000\040\000Q\000u\000a\000l\000t\000i\000t\000\344\000t\000s\000s\000i\000c\000h\000e\000r\000u\000n\000g}{chapter.100}% 141
\BOOKMARK [2][-]{subsection.907}{\376\377\000U\000n\000i\000t\000-\000T\000e\000s\000t\000s}{section.906}% 142
\BOOKMARK [2][-]{subsection.908}{\376\377\000U\000n\000i\000t\000y\000\040\000T\000e\000s\000t\000\040\000F\000r\000a\000m\000e\000w\000o\000r\000k}{section.906}% 143
\BOOKMARK [2][-]{subsection.909}{\376\377\000P\000e\000r\000f\000o\000r\000m\000a\000n\000c\000e\000-\000M\000e\000s\000s\000u\000n\000g}{section.906}% 144
\BOOKMARK [0][-]{chapter.976}{\376\377\000Z\000u\000s\000a\000m\000m\000e\000n\000f\000a\000s\000s\000u\000n\000g\000\040\000u\000n\000d\000\040\000A\000b\000s\000c\000h\000l\000u\000s\000s}{}% 145
\BOOKMARK [1][-]{section.977}{\376\377\000E\000r\000g\000e\000b\000n\000i\000s}{chapter.976}% 146
\BOOKMARK [1][-]{section.978}{\376\377\000A\000b\000n\000a\000h\000m\000e}{chapter.976}% 147
\BOOKMARK [1][-]{section.979}{\376\377\000Z\000u\000k\000u\000n\000f\000t}{chapter.976}% 148
\BOOKMARK [0][-]{appendix.980}{\376\377\000M\000o\000c\000k\000u\000p\000s}{}% 149
\BOOKMARK [1][-]{section.981}{\376\377\000U\000I\000/\000U\000X}{appendix.980}% 150
\BOOKMARK [1][-]{section.982}{\376\377\000H\000a\000u\000p\000t\000m\000e\000n\000u\000\040\000L\000e\000v\000e\000l\000\040\000D\000e\000s\000i\000g\000n}{appendix.980}% 151
\BOOKMARK [1][-]{section.983}{\376\377\000P\000i\000n\000g\000-\000P\000a\000k\000e\000t\000\040\000L\000e\000v\000e\000l\000\040\000D\000e\000s\000i\000g\000n}{appendix.980}% 152
\BOOKMARK [1][-]{section.984}{\376\377\000K\000n\000a\000p\000p\000s\000a\000c\000k\000-\000L\000e\000v\000e\000l\000\040\000D\000e\000s\000i\000g\000n}{appendix.980}% 153
\BOOKMARK [0][-]{appendix.985}{\376\377\000L\000i\000t\000e\000r\000a\000t\000u\000r}{}% 154
