This is pdfTeX, Version 3.141592653-2.6-1.40.25 (MiKTeX 23.10.12) (preloaded format=pdflatex 2023.12.22)  29 MAR 2024 16:24
entering extended mode
 restricted \write18 enabled.
 file:line:error style messages enabled.
 %&-line parsing enabled.
**./_Diplomarbeit.tex
(_Diplomarbeit.tex
LaTeX2e <2023-11-01>
L3 programming layer <2023-12-11>
(htldipl.cls
Document Class: htldipl 2018/07/01 LaTeX-Vorlage fuer Diplomarbeiten der HTL Wi
ener Neustadt
(C:\Users\dusti\AppData\Local\Programs\MiKTeX\tex/latex/base\ifthen.sty
Package: ifthen 2022/04/13 v1.1d Standard LaTeX ifthen package (DPC)
)
(C:\Users\dusti\AppData\Local\Programs\MiKTeX\tex/latex/pdfpages\pdfpages.sty
Package: pdfpages 2022/12/19 v0.5x Insert pages of external PDF documents (AM)

(C:\Users\dusti\AppData\Local\Programs\MiKTeX\tex/latex/tools\calc.sty
Package: calc 2023/07/08 v4.3 Infix arithmetic (KKT,FJ)
\calc@Acount=\count187
\calc@Bcount=\count188
\calc@Adimen=\dimen140
\calc@Bdimen=\dimen141
\calc@Askip=\skip48
\calc@Bskip=\skip49
LaTeX Info: Redefining \setlength on input line 80.
LaTeX Info: Redefining \addtolength on input line 81.
\calc@Ccount=\count189
\calc@Cskip=\skip50
)
(C:\Users\dusti\AppData\Local\Programs\MiKTeX\tex/latex/eso-pic\eso-pic.sty
Package: eso-pic 2023/05/03 v3.0c eso-pic (RN)
\ESO@tempdima=\dimen142
\ESO@tempdimb=\dimen143

(C:\Users\dusti\AppData\Local\Programs\MiKTeX\tex/latex/graphics\keyval.sty
Package: keyval 2022/05/29 v1.15 key=value parser (DPC)
\KV@toks@=\toks17
)
(C:\Users\dusti\AppData\Local\Programs\MiKTeX\tex/latex/xcolor\xcolor.sty
Package: xcolor 2023/11/15 v3.01 LaTeX color extensions (UK)

(C:\Users\dusti\AppData\Local\Programs\MiKTeX\tex/latex/graphics-cfg\color.cfg
File: color.cfg 2016/01/02 v1.6 sample color configuration
)
Package xcolor Info: Driver file: pdftex.def on input line 274.

(C:\Users\dusti\AppData\Local\Programs\MiKTeX\tex/latex/graphics-def\pdftex.def
File: pdftex.def 2022/09/22 v1.2b Graphics/color driver for pdftex
)
(C:\Users\dusti\AppData\Local\Programs\MiKTeX\tex/latex/graphics\mathcolor.ltx)
Package xcolor Info: Model `cmy' substituted by `cmy0' on input line 1350.
Package xcolor Info: Model `hsb' substituted by `rgb' on input line 1354.
Package xcolor Info: Model `RGB' extended on input line 1366.
Package xcolor Info: Model `HTML' substituted by `rgb' on input line 1368.
Package xcolor Info: Model `Hsb' substituted by `hsb' on input line 1369.
Package xcolor Info: Model `tHsb' substituted by `hsb' on input line 1370.
Package xcolor Info: Model `HSB' substituted by `hsb' on input line 1371.
Package xcolor Info: Model `Gray' substituted by `gray' on input line 1372.
Package xcolor Info: Model `wave' substituted by `hsb' on input line 1373.
))
(C:\Users\dusti\AppData\Local\Programs\MiKTeX\tex/latex/graphics\graphicx.sty
Package: graphicx 2021/09/16 v1.2d Enhanced LaTeX Graphics (DPC,SPQR)

(C:\Users\dusti\AppData\Local\Programs\MiKTeX\tex/latex/graphics\graphics.sty
Package: graphics 2022/03/10 v1.4e Standard LaTeX Graphics (DPC,SPQR)

(C:\Users\dusti\AppData\Local\Programs\MiKTeX\tex/latex/graphics\trig.sty
Package: trig 2021/08/11 v1.11 sin cos tan (DPC)
)
(C:\Users\dusti\AppData\Local\Programs\MiKTeX\tex/latex/graphics-cfg\graphics.c
fg
File: graphics.cfg 2016/06/04 v1.11 sample graphics configuration
)
Package graphics Info: Driver file: pdftex.def on input line 107.
)
\Gin@req@height=\dimen144
\Gin@req@width=\dimen145
)
\AM@pagewidth=\dimen146
\AM@pageheight=\dimen147
\AM@fboxrule=\dimen148

(C:\Users\dusti\AppData\Local\Programs\MiKTeX\tex/latex/pdfpages\pppdftex.def
File: pppdftex.def 2022/12/19 v0.5x Pdfpages driver for pdfTeX (AM)
)
\pdfpages@includegraphics@status=\count190
\AM@pagebox=\box51
\AM@global@opts=\toks18
\AM@pagecnt=\count191
\AM@toc@title=\toks19
\AM@lof@heading=\toks20
\c@AM@survey=\count192
\AM@templatesizebox=\box52
) (C:\Users\dusti\AppData\Local\Programs\MiKTeX\tex/latex/base\book.cls
Document Class: book 2023/05/17 v1.4n Standard LaTeX document class
(C:\Users\dusti\AppData\Local\Programs\MiKTeX\tex/latex/base\bk11.clo
File: bk11.clo 2023/05/17 v1.4n Standard LaTeX file (size option)
)
\c@part=\count193
\c@chapter=\count194
\c@section=\count195
\c@subsection=\count196
\c@subsubsection=\count197
\c@paragraph=\count198
\c@subparagraph=\count199
\c@figure=\count266
\c@table=\count267
\abovecaptionskip=\skip51
\belowcaptionskip=\skip52
\bibindent=\dimen149
)
(htl.sty
Package: htl 2018/07/01

(C:\Users\dusti\AppData\Local\Programs\MiKTeX\tex/latex/base\inputenc.sty
Package: inputenc 2021/02/14 v1.3d Input encoding file
\inpenc@prehook=\toks21
\inpenc@posthook=\toks22
)
(C:\Users\dusti\AppData\Local\Programs\MiKTeX\tex/latex/base\fontenc.sty
Package: fontenc 2021/04/29 v2.0v Standard LaTeX package
)
(C:\Users\dusti\AppData\Local\Programs\MiKTeX\tex/generic/babel\babel.sty
Package: babel 2023/12/10 v3.99 The Babel package
\babel@savecnt=\count268
\U@D=\dimen150
\l@unhyphenated=\language79

(C:\Users\dusti\AppData\Local\Programs\MiKTeX\tex/generic/babel\txtbabel.def)
\bbl@readstream=\read2
\bbl@dirlevel=\count269

*************************************
* Local config file bblopts.cfg used
*
(C:\Users\dusti\AppData\Local\Programs\MiKTeX\tex/latex/arabi\bblopts.cfg
File: bblopts.cfg 2005/09/08 v0.1 add Arabic and Farsi to "declared" options of
 babel
)
(C:\Users\dusti\AppData\Local\Programs\MiKTeX\tex/latex/babel-german\german.ldf
Language: german 2021/02/27 v2.13 German support for babel (pre-1996 orthograph
y)

(C:\Users\dusti\AppData\Local\Programs\MiKTeX\tex/latex/babel-german\germanb.ld
f
Language: germanb 2021/02/27 v2.13 German support for babel (pre-1996 orthograp
hy)
Package babel Info: Making " an active character on input line 139.
))
(C:\Users\dusti\AppData\Local\Programs\MiKTeX\tex/latex/babel-english\english.l
df
Language: english 2017/06/06 v3.3r English support from the babel system
Package babel Info: Hyphen rules for 'canadian' set to \l@english
(babel)             (\language0). Reported on input line 102.
Package babel Info: Hyphen rules for 'australian' set to \l@ukenglish
(babel)             (\language73). Reported on input line 105.
Package babel Info: Hyphen rules for 'newzealand' set to \l@ukenglish
(babel)             (\language73). Reported on input line 108.
)
(C:\Users\dusti\AppData\Local\Programs\MiKTeX\tex/latex/babel-german\ngerman.ld
f
Language: ngerman 2021/02/27 v2.13 German support for babel (post-1996 orthogra
phy)

(C:\Users\dusti\AppData\Local\Programs\MiKTeX\tex/latex/babel-german\ngermanb.l
df
Language: ngermanb 2021/02/27 v2.13 German support for babel (post-1996 orthogr
aphy)
)))
(C:\Users\dusti\AppData\Local\Programs\MiKTeX\tex/generic/babel/locale/de\babel
-ngerman.tex
Package babel Info: Importing font and identification data for ngerman
(babel)             from babel-de.ini. Reported on input line 11.
)
(C:\Users\dusti\AppData\Local\Programs\MiKTeX\tex/generic/babel/locale/en\babel
-english.tex
Package babel Info: Importing font and identification data for english
(babel)             from babel-en.ini. Reported on input line 11.
)
(C:\Users\dusti\AppData\Local\Programs\MiKTeX\tex/generic/babel/locale/de\babel
-german.tex
Package babel Info: Importing font and identification data for german
(babel)             from babel-de.ini. Reported on input line 25.
)
(C:\Users\dusti\AppData\Local\Programs\MiKTeX\tex/latex/eurosym\eurosym.sty
Package: eurosym 1998/08/06 v1.1 European currency symbol ``Euro''
\@eurobox=\box53
)
(C:\Users\dusti\AppData\Local\Programs\MiKTeX\tex/latex/csquotes\csquotes.sty
Package: csquotes 2022-09-14 v5.2n context-sensitive quotations (JAW)

(C:\Users\dusti\AppData\Local\Programs\MiKTeX\tex/latex/etoolbox\etoolbox.sty
Package: etoolbox 2020/10/05 v2.5k e-TeX tools for LaTeX (JAW)
\etb@tempcnta=\count270
)
\csq@reset=\count271
\csq@gtype=\count272
\csq@glevel=\count273
\csq@qlevel=\count274
\csq@maxlvl=\count275
\csq@tshold=\count276
\csq@ltx@everypar=\toks23

(C:\Users\dusti\AppData\Local\Programs\MiKTeX\tex/latex/csquotes\csquotes.def
File: csquotes.def 2022-09-14 v5.2n csquotes generic definitions (JAW)
)
Package csquotes Info: Trying to load configuration file 'csquotes.cfg'...
Package csquotes Info: ... configuration file loaded successfully.

(C:\Users\dusti\AppData\Local\Programs\MiKTeX\tex/latex/csquotes\csquotes.cfg
File: csquotes.cfg 
)) (C:\Users\dusti\AppData\Local\Programs\MiKTeX\tex/latex/biblatex\biblatex.st
y
Package: biblatex 2023/03/05 v3.19 programmable bibliographies (PK/MW)

(C:\Users\dusti\AppData\Local\Programs\MiKTeX\tex/generic/pdftexcmds\pdftexcmds
.sty
Package: pdftexcmds 2020-06-27 v0.33 Utility functions of pdfTeX for LuaTeX (HO
)

(C:\Users\dusti\AppData\Local\Programs\MiKTeX\tex/generic/infwarerr\infwarerr.s
ty
Package: infwarerr 2019/12/03 v1.5 Providing info/warning/error messages (HO)
) (C:\Users\dusti\AppData\Local\Programs\MiKTeX\tex/generic/iftex\iftex.sty
Package: iftex 2022/02/03 v1.0f TeX engine tests
)
(C:\Users\dusti\AppData\Local\Programs\MiKTeX\tex/generic/ltxcmds\ltxcmds.sty
Package: ltxcmds 2023-12-04 v1.26 LaTeX kernel commands for general use (HO)
)
Package pdftexcmds Info: \pdf@primitive is available.
Package pdftexcmds Info: \pdf@ifprimitive is available.
Package pdftexcmds Info: \pdfdraftmode found.
)
(C:\Users\dusti\AppData\Local\Programs\MiKTeX\tex/latex/kvoptions\kvoptions.sty
Package: kvoptions 2022-06-15 v3.15 Key value format for package options (HO)

(C:\Users\dusti\AppData\Local\Programs\MiKTeX\tex/latex/kvsetkeys\kvsetkeys.sty
Package: kvsetkeys 2022-10-05 v1.19 Key value parser (HO)
)) (C:\Users\dusti\AppData\Local\Programs\MiKTeX\tex/latex/logreq\logreq.sty
Package: logreq 2010/08/04 v1.0 xml request logger
\lrq@indent=\count277

(C:\Users\dusti\AppData\Local\Programs\MiKTeX\tex/latex/logreq\logreq.def
File: logreq.def 2010/08/04 v1.0 logreq spec v1.0
))
(C:\Users\dusti\AppData\Local\Programs\MiKTeX\tex/latex/url\url.sty
\Urlmuskip=\muskip16
Package: url 2013/09/16  ver 3.4  Verb mode for urls, etc.
)
\c@tabx@nest=\count278
\c@listtotal=\count279
\c@listcount=\count280
\c@liststart=\count281
\c@liststop=\count282
\c@citecount=\count283
\c@citetotal=\count284
\c@multicitecount=\count285
\c@multicitetotal=\count286
\c@instcount=\count287
\c@maxnames=\count288
\c@minnames=\count289
\c@maxitems=\count290
\c@minitems=\count291
\c@citecounter=\count292
\c@maxcitecounter=\count293
\c@savedcitecounter=\count294
\c@uniquelist=\count295
\c@uniquename=\count296
\c@refsection=\count297
\c@refsegment=\count298
\c@maxextratitle=\count299
\c@maxextratitleyear=\count300
\c@maxextraname=\count301
\c@maxextradate=\count302
\c@maxextraalpha=\count303
\c@abbrvpenalty=\count304
\c@highnamepenalty=\count305
\c@lownamepenalty=\count306
\c@maxparens=\count307
\c@parenlevel=\count308
\blx@tempcnta=\count309
\blx@tempcntb=\count310
\blx@tempcntc=\count311
\c@blx@maxsection=\count312
\blx@maxsegment@0=\count313
\blx@notetype=\count314
\blx@parenlevel@text=\count315
\blx@parenlevel@foot=\count316
\blx@sectionciteorder@0=\count317
\blx@sectionciteorderinternal@0=\count318
\blx@entrysetcounter=\count319
\blx@biblioinstance=\count320
\labelnumberwidth=\skip53
\labelalphawidth=\skip54
\biblabelsep=\skip55
\bibitemsep=\skip56
\bibnamesep=\skip57
\bibinitsep=\skip58
\bibparsep=\skip59
\bibhang=\skip60
\blx@bcfin=\read3
\blx@bcfout=\write3
\blx@langwohyphens=\language80
\c@mincomprange=\count321
\c@maxcomprange=\count322
\c@mincompwidth=\count323
Package biblatex Info: Trying to load biblatex default data model...
Package biblatex Info: ... file 'blx-dm.def' found.

(C:\Users\dusti\AppData\Local\Programs\MiKTeX\tex/latex/biblatex\blx-dm.def
File: blx-dm.def 2023/03/05 v3.19 biblatex localization (PK/MW)
)
Package biblatex Info: Trying to load biblatex style data model...
Package biblatex Info: ... file 'verbose-inote.dbx' not found.
Package biblatex Info: Trying to load biblatex custom data model...
Package biblatex Info: ... file 'biblatex-dm.cfg' not found.
\c@afterword=\count324
\c@savedafterword=\count325
\c@annotator=\count326
\c@savedannotator=\count327
\c@author=\count328
\c@savedauthor=\count329
\c@bookauthor=\count330
\c@savedbookauthor=\count331
\c@commentator=\count332
\c@savedcommentator=\count333
\c@editor=\count334
\c@savededitor=\count335
\c@editora=\count336
\c@savededitora=\count337
\c@editorb=\count338
\c@savededitorb=\count339
\c@editorc=\count340
\c@savededitorc=\count341
\c@foreword=\count342
\c@savedforeword=\count343
\c@holder=\count344
\c@savedholder=\count345
\c@introduction=\count346
\c@savedintroduction=\count347
\c@namea=\count348
\c@savednamea=\count349
\c@nameb=\count350
\c@savednameb=\count351
\c@namec=\count352
\c@savednamec=\count353
\c@translator=\count354
\c@savedtranslator=\count355
\c@shortauthor=\count356
\c@savedshortauthor=\count357
\c@shorteditor=\count358
\c@savedshorteditor=\count359
\c@labelname=\count360
\c@savedlabelname=\count361
\c@institution=\count362
\c@savedinstitution=\count363
\c@lista=\count364
\c@savedlista=\count365
\c@listb=\count366
\c@savedlistb=\count367
\c@listc=\count368
\c@savedlistc=\count369
\c@listd=\count370
\c@savedlistd=\count371
\c@liste=\count372
\c@savedliste=\count373
\c@listf=\count374
\c@savedlistf=\count375
\c@location=\count376
\c@savedlocation=\count377
\c@organization=\count378
\c@savedorganization=\count379
\c@origlocation=\count380
\c@savedoriglocation=\count381
\c@origpublisher=\count382
\c@savedorigpublisher=\count383
\c@publisher=\count384
\c@savedpublisher=\count385
\c@language=\count386
\c@savedlanguage=\count387
\c@origlanguage=\count388
\c@savedoriglanguage=\count389
\c@pageref=\count390
\c@savedpageref=\count391
\shorthandwidth=\skip61
\shortjournalwidth=\skip62
\shortserieswidth=\skip63
\shorttitlewidth=\skip64
\shortauthorwidth=\skip65
\shorteditorwidth=\skip66
\locallabelnumberwidth=\skip67
\locallabelalphawidth=\skip68
\localshorthandwidth=\skip69
\localshortjournalwidth=\skip70
\localshortserieswidth=\skip71
\localshorttitlewidth=\skip72
\localshortauthorwidth=\skip73
\localshorteditorwidth=\skip74
Package biblatex Info: Trying to load compatibility code...
Package biblatex Info: ... file 'blx-compat.def' found.

(C:\Users\dusti\AppData\Local\Programs\MiKTeX\tex/latex/biblatex\blx-compat.def
File: blx-compat.def 2023/03/05 v3.19 biblatex compatibility (PK/MW)
)
Package biblatex Info: Trying to load generic definitions...
Package biblatex Info: ... file 'biblatex.def' found.
 (C:\Users\dusti\AppData\Local\Programs\MiKTeX\tex/latex/biblatex\biblatex.def
File: biblatex.def 2023/03/05 v3.19 biblatex compatibility (PK/MW)
\c@textcitecount=\count392
\c@textcitetotal=\count393
\c@textcitemaxnames=\count394
\c@biburlbigbreakpenalty=\count395
\c@biburlbreakpenalty=\count396
\c@biburlnumpenalty=\count397
\c@biburlucpenalty=\count398
\c@biburllcpenalty=\count399
\biburlbigskip=\muskip17
\biburlnumskip=\muskip18
\biburlucskip=\muskip19
\biburllcskip=\muskip20
\c@smartand=\count400
)
Package biblatex Info: Trying to load bibliography style 'verbose-inote'...
Package biblatex Info: ... file 'verbose-inote.bbx' found.

(C:\Users\dusti\AppData\Local\Programs\MiKTeX\tex/latex/biblatex/bbx\verbose-in
ote.bbx
File: verbose-inote.bbx 2023/03/05 v3.19 biblatex bibliography style (PK/MW)
Package biblatex Info: Trying to load bibliography style 'authortitle'...
Package biblatex Info: ... file 'authortitle.bbx' found.

(C:\Users\dusti\AppData\Local\Programs\MiKTeX\tex/latex/biblatex/bbx\authortitl
e.bbx
File: authortitle.bbx 2023/03/05 v3.19 biblatex bibliography style (PK/MW)
Package biblatex Info: Trying to load bibliography style 'standard'...
Package biblatex Info: ... file 'standard.bbx' found.

(C:\Users\dusti\AppData\Local\Programs\MiKTeX\tex/latex/biblatex/bbx\standard.b
bx
File: standard.bbx 2023/03/05 v3.19 biblatex bibliography style (PK/MW)
\c@bbx:relatedcount=\count401
\c@bbx:relatedtotal=\count402
)))
Package biblatex Info: Trying to load citation style 'authortitle'...
Package biblatex Info: ... file 'authortitle.cbx' found.

(C:\Users\dusti\AppData\Local\Programs\MiKTeX\tex/latex/biblatex/cbx\authortitl
e.cbx
File: authortitle.cbx 2023/03/05 v3.19 biblatex citation style (PK/MW)
Package biblatex Info: Redefining '\cite'.
Package biblatex Info: Redefining '\parencite'.
Package biblatex Info: Redefining '\footcite'.
Package biblatex Info: Redefining '\footcitetext'.
Package biblatex Info: Redefining '\smartcite'.
Package biblatex Info: Redefining '\textcite'.
Package biblatex Info: Redefining '\textcites'.
)
Package biblatex Info: Trying to load configuration file...
Package biblatex Info: ... file 'biblatex.cfg' found.

(C:\Users\dusti\AppData\Local\Programs\MiKTeX\tex/latex/biblatex\biblatex.cfg
File: biblatex.cfg 
)
Package biblatex Info: Input encoding 'utf8' detected.
Package biblatex Info: Document encoding is UTF8 ....

(C:\Users\dusti\AppData\Local\Programs\MiKTeX\tex/latex/l3kernel\expl3.sty
Package: expl3 2023-12-11 L3 programming layer (loader) 

(C:\Users\dusti\AppData\Local\Programs\MiKTeX\tex/latex/l3backend\l3backend-pdf
tex.def
File: l3backend-pdftex.def 2023-11-09 L3 backend support: PDF output (pdfTeX)
\l__color_backend_stack_int=\count403
\l__pdf_internal_box=\box54
))
Package biblatex Info: ... and expl3
(biblatex)             2023-12-11 L3 programming layer (loader) 
(biblatex)             is new enough (at least 2020/04/06),
(biblatex)             setting 'casechanger=expl3'.

(C:\Users\dusti\AppData\Local\Programs\MiKTeX\tex/latex/biblatex\blx-case-expl3
.sty
(C:\Users\dusti\AppData\Local\Programs\MiKTeX\tex/latex/l3packages/xparse\xpars
e.sty
Package: xparse 2023-10-10 L3 Experimental document command parser
)
Package: blx-case-expl3 2023/03/05 v3.19 expl3 case changing code for biblatex
))
(C:\Users\dusti\AppData\Local\Programs\MiKTeX\tex/latex/imakeidx\imakeidx.sty
Package: imakeidx 2016/10/15 v1.3e Package for typesetting indices in a synchro
nous mode

(C:\Users\dusti\AppData\Local\Programs\MiKTeX\tex/latex/xkeyval\xkeyval.sty
Package: xkeyval 2022/06/16 v2.9 package option processing (HA)

(C:\Users\dusti\AppData\Local\Programs\MiKTeX\tex/generic/xkeyval\xkeyval.tex
(C:\Users\dusti\AppData\Local\Programs\MiKTeX\tex/generic/xkeyval\xkvutils.tex
\XKV@toks=\toks24
\XKV@tempa@toks=\toks25
)
\XKV@depth=\count404
File: xkeyval.tex 2014/12/03 v2.7a key=value parser (HA)
)) (C:\Users\dusti\AppData\Local\Programs\MiKTeX\tex/generic/iftex\ifxetex.sty
Package: ifxetex 2019/10/25 v0.7 ifxetex legacy package. Use iftex instead.
) (C:\Users\dusti\AppData\Local\Programs\MiKTeX\tex/generic/iftex\ifluatex.sty
Package: ifluatex 2019/10/25 v1.5 ifluatex legacy package. Use iftex instead.
)
(C:\Users\dusti\AppData\Local\Programs\MiKTeX\tex/latex/tools\multicol.sty
Package: multicol 2023/03/30 v1.9f multicolumn formatting (FMi)
\c@tracingmulticols=\count405
\mult@box=\box55
\multicol@leftmargin=\dimen151
\c@unbalance=\count406
\c@collectmore=\count407
\doublecol@number=\count408
\multicoltolerance=\count409
\multicolpretolerance=\count410
\full@width=\dimen152
\page@free=\dimen153
\premulticols=\dimen154
\postmulticols=\dimen155
\multicolsep=\skip75
\multicolbaselineskip=\skip76
\partial@page=\box56
\last@line=\box57
\mc@boxedresult=\box58
\maxbalancingoverflow=\dimen156
\mult@rightbox=\box59
\mult@grightbox=\box60
\mult@firstbox=\box61
\mult@gfirstbox=\box62
\@tempa=\box63
\@tempa=\box64
\@tempa=\box65
\@tempa=\box66
\@tempa=\box67
\@tempa=\box68
\@tempa=\box69
\@tempa=\box70
\@tempa=\box71
\@tempa=\box72
\@tempa=\box73
\@tempa=\box74
\@tempa=\box75
\@tempa=\box76
\@tempa=\box77
\@tempa=\box78
\@tempa=\box79
\@tempa=\box80
\@tempa=\box81
\@tempa=\box82
\@tempa=\box83
\@tempa=\box84
\@tempa=\box85
\@tempa=\box86
\@tempa=\box87
\@tempa=\box88
\@tempa=\box89
\@tempa=\box90
\@tempa=\box91
\@tempa=\box92
\@tempa=\box93
\@tempa=\box94
\@tempa=\box95
\@tempa=\box96
\@tempa=\box97
\@tempa=\box98
\c@minrows=\count411
\c@columnbadness=\count412
\c@finalcolumnbadness=\count413
\last@try=\dimen157
\multicolovershoot=\dimen158
\multicolundershoot=\dimen159
\mult@nat@firstbox=\box99
\colbreak@box=\box100
\mc@col@check@num=\count414
))
(C:\Users\dusti\AppData\Local\Programs\MiKTeX\tex/latex/caption\subcaption.sty
Package: subcaption 2023/07/28 v1.6b Sub-captions (AR)

(C:\Users\dusti\AppData\Local\Programs\MiKTeX\tex/latex/caption\caption.sty
Package: caption 2023/08/05 v3.6o Customizing captions (AR)

(C:\Users\dusti\AppData\Local\Programs\MiKTeX\tex/latex/caption\caption3.sty
Package: caption3 2023/07/31 v2.4d caption3 kernel (AR)
\caption@tempdima=\dimen160
\captionmargin=\dimen161
\caption@leftmargin=\dimen162
\caption@rightmargin=\dimen163
\caption@width=\dimen164
\caption@indent=\dimen165
\caption@parindent=\dimen166
\caption@hangindent=\dimen167
Package caption Info: Standard document class detected.
)
\c@caption@flags=\count415
\c@continuedfloat=\count416
)
Package caption Info: New subtype `subfigure' on input line 238.
\c@subfigure=\count417
Package caption Info: New subtype `subtable' on input line 238.
\c@subtable=\count418
) (C:\Users\dusti\AppData\Local\Programs\MiKTeX\tex/latex/tools\verbatim.sty
Package: verbatim 2023-11-06 v1.5v LaTeX2e package for verbatim enhancements
\every@verbatim=\toks26
\verbatim@line=\toks27
\verbatim@in@stream=\read4
)
(C:\Users\dusti\AppData\Local\Programs\MiKTeX\tex/latex/moreverb\moreverb.sty
Package: moreverb 2008/06/03 v2.3a `more' verbatim facilities
\tab@position=\count419
\tab@size=\count420
\listing@line=\count421
)
(C:\Users\dusti\AppData\Local\Programs\MiKTeX\tex/latex/float\float.sty
Package: float 2001/11/08 v1.3d Float enhancements (AL)
\c@float@type=\count422
\float@exts=\toks28
\float@box=\box101
\@float@everytoks=\toks29
\@floatcapt=\box102
)
(C:\Users\dusti\AppData\Local\Programs\MiKTeX\tex/latex/base\exscale.sty
Package: exscale 2018/09/24 v2.1i Standard LaTeX package exscale
LaTeX Font Info:    Redeclaring symbol font `largesymbols' on input line 57.
LaTeX Font Info:    Overwriting symbol font `largesymbols' in version `normal'
(Font)                  OMX/cmex/m/n --> OMX/cmex/m/n on input line 57.
LaTeX Font Info:    Overwriting symbol font `largesymbols' in version `bold'
(Font)                  OMX/cmex/m/n --> OMX/cmex/m/n on input line 57.
\big@size=\dimen168
)
(C:\Users\dusti\AppData\Local\Programs\MiKTeX\tex/latex/upquote\upquote.sty
Package: upquote 2012/04/19 v1.3 upright-quote and grave-accent glyphs in verba
tim

(C:\Users\dusti\AppData\Local\Programs\MiKTeX\tex/latex/base\textcomp.sty
Package: textcomp 2020/02/02 v2.0n Standard LaTeX package
))
(C:\Users\dusti\AppData\Local\Programs\MiKTeX\tex/latex/psfrag\psfrag.sty
Package: psfrag 1998/04/11 v3.04 PSfrag (MCG)
\pfg@pcount=\count423
\pfg@scount=\count424
\pfg@temp=\write4
)
(C:\Users\dusti\AppData\Local\Programs\MiKTeX\tex/latex/amsmath\amsmath.sty
Package: amsmath 2023/05/13 v2.17o AMS math features
\@mathmargin=\skip77

For additional information on amsmath, use the `?' option.
(C:\Users\dusti\AppData\Local\Programs\MiKTeX\tex/latex/amsmath\amstext.sty
Package: amstext 2021/08/26 v2.01 AMS text

(C:\Users\dusti\AppData\Local\Programs\MiKTeX\tex/latex/amsmath\amsgen.sty
File: amsgen.sty 1999/11/30 v2.0 generic functions
\@emptytoks=\toks30
\ex@=\dimen169
))
(C:\Users\dusti\AppData\Local\Programs\MiKTeX\tex/latex/amsmath\amsbsy.sty
Package: amsbsy 1999/11/29 v1.2d Bold Symbols
\pmbraise@=\dimen170
)
(C:\Users\dusti\AppData\Local\Programs\MiKTeX\tex/latex/amsmath\amsopn.sty
Package: amsopn 2022/04/08 v2.04 operator names
)
\inf@bad=\count425
LaTeX Info: Redefining \frac on input line 234.
\uproot@=\count426
\leftroot@=\count427
LaTeX Info: Redefining \overline on input line 399.
LaTeX Info: Redefining \colon on input line 410.
\classnum@=\count428
\DOTSCASE@=\count429
LaTeX Info: Redefining \ldots on input line 496.
LaTeX Info: Redefining \dots on input line 499.
LaTeX Info: Redefining \cdots on input line 620.
\Mathstrutbox@=\box103
\strutbox@=\box104
LaTeX Info: Redefining \big on input line 722.
LaTeX Info: Redefining \Big on input line 723.
LaTeX Info: Redefining \bigg on input line 724.
LaTeX Info: Redefining \Bigg on input line 725.
\big@size=\dimen171
LaTeX Font Info:    Redeclaring font encoding OML on input line 743.
LaTeX Font Info:    Redeclaring font encoding OMS on input line 744.
\macc@depth=\count430
LaTeX Info: Redefining \bmod on input line 905.
LaTeX Info: Redefining \pmod on input line 910.
LaTeX Info: Redefining \smash on input line 940.
LaTeX Info: Redefining \relbar on input line 970.
LaTeX Info: Redefining \Relbar on input line 971.
\c@MaxMatrixCols=\count431
\dotsspace@=\muskip21
\c@parentequation=\count432
\dspbrk@lvl=\count433
\tag@help=\toks31
\row@=\count434
\column@=\count435
\maxfields@=\count436
\andhelp@=\toks32
\eqnshift@=\dimen172
\alignsep@=\dimen173
\tagshift@=\dimen174
\tagwidth@=\dimen175
\totwidth@=\dimen176
\lineht@=\dimen177
\@envbody=\toks33
\multlinegap=\skip78
\multlinetaggap=\skip79
\mathdisplay@stack=\toks34
LaTeX Info: Redefining \[ on input line 2953.
LaTeX Info: Redefining \] on input line 2954.
)
(C:\Users\dusti\AppData\Local\Programs\MiKTeX\tex/latex/amsfonts\amsfonts.sty
Package: amsfonts 2013/01/14 v3.01 Basic AMSFonts support
\symAMSa=\mathgroup4
\symAMSb=\mathgroup5
LaTeX Font Info:    Redeclaring math symbol \hbar on input line 98.
LaTeX Font Info:    Overwriting math alphabet `\mathfrak' in version `bold'
(Font)                  U/euf/m/n --> U/euf/b/n on input line 106.
)
(C:\Users\dusti\AppData\Local\Programs\MiKTeX\tex/latex/tools\xspace.sty
Package: xspace 2014/10/28 v1.13 Space after command names (DPC,MH)
)
(C:\Users\dusti\AppData\Local\Programs\MiKTeX\tex/latex/algorithms\algorithm.st
y
Package: algorithm 2009/08/24 v0.1 Document Style `algorithm' - floating enviro
nment
\@float@every@algorithm=\toks35
\c@algorithm=\count437
)
(C:\Users\dusti\AppData\Local\Programs\MiKTeX\tex/latex/algorithmicx\algorithmi
cx.sty
Package: algorithmicx 2005/04/27 v1.2 Algorithmicx

Document Style algorithmicx 1.2 - a greatly improved `algorithmic' style
\c@ALG@line=\count438
\c@ALG@rem=\count439
\c@ALG@nested=\count440
\ALG@tlm=\skip80
\ALG@thistlm=\skip81
\c@ALG@Lnr=\count441
\c@ALG@blocknr=\count442
\c@ALG@storecount=\count443
\c@ALG@tmpcounter=\count444
\ALG@tmplength=\skip82
)
(C:\Users\dusti\AppData\Local\Programs\MiKTeX\tex/latex/algorithmicx\algpseudoc
ode.sty
Package: algpseudocode 

Document Style - pseudocode environments for use with the `algorithmicx' style
)
\@float@every@program=\toks36
\c@program=\count445
Package caption Info: New subtype `subprogram' on input line 300.
\c@subprogram=\count446

(C:\Users\dusti\AppData\Local\Programs\MiKTeX\tex/latex/listingsutf8\listingsut
f8.sty
Package: listingsutf8 2019-12-10 v1.5 Allow UTF-8 in listings input (HO)

(C:\Users\dusti\AppData\Local\Programs\MiKTeX\tex/latex/listings\listings.sty
\lst@mode=\count447
\lst@gtempboxa=\box105
\lst@token=\toks37
\lst@length=\count448
\lst@currlwidth=\dimen178
\lst@column=\count449
\lst@pos=\count450
\lst@lostspace=\dimen179
\lst@width=\dimen180
\lst@newlines=\count451
\lst@lineno=\count452
\lst@maxwidth=\dimen181

(C:\Users\dusti\AppData\Local\Programs\MiKTeX\tex/latex/listings\lstmisc.sty
File: lstmisc.sty 2023/02/27 1.9 (Carsten Heinz)
\c@lstnumber=\count453
\lst@skipnumbers=\count454
\lst@framebox=\box106
)
(C:\Users\dusti\AppData\Local\Programs\MiKTeX\tex/latex/listings\listings.cfg
File: listings.cfg 2023/02/27 1.9 listings configuration
))
Package: listings 2023/02/27 1.9 (Carsten Heinz)

(C:\Users\dusti\AppData\Local\Programs\MiKTeX\tex/generic/stringenc\stringenc.s
ty
Package: stringenc 2019/11/29 v1.12 Convert strings between diff. encodings (HO
)

(C:\Users\dusti\AppData\Local\Programs\MiKTeX\tex/generic/pdfescape\pdfescape.s
ty
Package: pdfescape 2019/12/09 v1.15 Implements pdfTeX's escape features (HO)
)))
(C:\Users\dusti\AppData\Local\Programs\MiKTeX\tex/latex/datetime\datetime.sty
Package: datetime 2015/03/20 v2.60 Date Time Package

(C:\Users\dusti\AppData\Local\Programs\MiKTeX\tex/latex/fmtcount\fmtcount.sty
Package: fmtcount 2020/01/30 v3.07

(C:\Users\dusti\AppData\Local\Programs\MiKTeX\tex/latex/fmtcount\fcprefix.sty
Package: fcprefix 2012/09/28

(C:\Users\dusti\AppData\Local\Programs\MiKTeX\tex/latex/fmtcount\fcnumparser.st
y
Package: fcnumparser 2017/06/15
\fc@digit@counter=\count455
))
\c@padzeroesN=\count456
\fc@tmpcatcode=\count457

(C:\Users\dusti\AppData\Local\Programs\MiKTeX\tex/latex/fmtcount\fc-english.def
File: fc-english.def 2016/01/12
)
(C:\Users\dusti\AppData\Local\Programs\MiKTeX\tex/latex/fmtcount\fc-german.def
File: fc-german.def 2018/06/17

(C:\Users\dusti\AppData\Local\Programs\MiKTeX\tex/latex/fmtcount\fc-germanb.def
File: fc-germanb.def 2013/08/17
))
(C:\Users\dusti\AppData\Local\Programs\MiKTeX\tex/latex/fmtcount\fc-ngerman.def
File: fc-ngerman.def 2012/06/18

(C:\Users\dusti\AppData\Local\Programs\MiKTeX\tex/latex/fmtcount\fc-ngermanb.de
f
File: fc-ngermanb.def 2013/08/17
))
\@DT@modctr=\count458
\@ordinalctr=\count459
\@orgargctr=\count460
\@strctr=\count461
\@tmpstrctr=\count462
\@DT@loopN=\count463
\@DT@X=\count464
)
(C:\Users\dusti\AppData\Local\Programs\MiKTeX\tex/latex/datetime\datetime-defau
lts.sty
Package: datetime-defaults 2013/09/10
)
\@day=\count465
\@month=\count466
\@year=\count467
\c@HOUR=\count468
\c@HOURXII=\count469
\c@MINUTE=\count470
\c@TOHOUR=\count471
\c@TOMINUTE=\count472
\c@SECOND=\count473
\currenthour=\count474
\currentminute=\count475
\currentsecond=\count476
Package datetime Info: No datetime.cfg file found, using default settings on in
put line 308.

(C:\Users\dusti\AppData\Local\Programs\MiKTeX\tex/latex/datetime\dt-german.def
File: dt-german.def 2010/09/10
LaTeX Info: Redefining \dategerman on input line 86.
)
\@dtctr=\count477
\dayofyear=\count478
\dayofweek=\count479
LaTeX Info: Redefining \today on input line 736.

(C:\Users\dusti\AppData\Local\Programs\MiKTeX\tex/latex/datetime\dt-ngerman.def
File: dt-ngerman.def 2013/09/10
LaTeX Info: Redefining \datengerman on input line 86.
)
\dt@a=\toks38
\dt@b=\toks39
)
(C:\Users\dusti\AppData\Local\Programs\MiKTeX\tex/latex/hyperref\hyperref.sty
Package: hyperref 2023-11-26 v7.01g Hypertext links for LaTeX

(C:\Users\dusti\AppData\Local\Programs\MiKTeX\tex/generic/kvdefinekeys\kvdefine
keys.sty
Package: kvdefinekeys 2019-12-19 v1.6 Define keys (HO)
)
(C:\Users\dusti\AppData\Local\Programs\MiKTeX\tex/latex/hycolor\hycolor.sty
Package: hycolor 2020-01-27 v1.10 Color options for hyperref/bookmark (HO)
)
(C:\Users\dusti\AppData\Local\Programs\MiKTeX\tex/latex/letltxmacro\letltxmacro
.sty
Package: letltxmacro 2019/12/03 v1.6 Let assignment for LaTeX macros (HO)
)
(C:\Users\dusti\AppData\Local\Programs\MiKTeX\tex/latex/auxhook\auxhook.sty
Package: auxhook 2019-12-17 v1.6 Hooks for auxiliary files (HO)
)
(C:\Users\dusti\AppData\Local\Programs\MiKTeX\tex/latex/hyperref\nameref.sty
Package: nameref 2023-11-26 v2.56 Cross-referencing by name of section

(C:\Users\dusti\AppData\Local\Programs\MiKTeX\tex/latex/refcount\refcount.sty
Package: refcount 2019/12/15 v3.6 Data extraction from label references (HO)
)
(C:\Users\dusti\AppData\Local\Programs\MiKTeX\tex/generic/gettitlestring\gettit
lestring.sty
Package: gettitlestring 2019/12/15 v1.6 Cleanup title references (HO)
)
\c@section@level=\count480
)
\@linkdim=\dimen182
\Hy@linkcounter=\count481
\Hy@pagecounter=\count482

(C:\Users\dusti\AppData\Local\Programs\MiKTeX\tex/latex/hyperref\pd1enc.def
File: pd1enc.def 2023-11-26 v7.01g Hyperref: PDFDocEncoding definition (HO)
Now handling font encoding PD1 ...
... no UTF-8 mapping file for font encoding PD1
)
(C:\Users\dusti\AppData\Local\Programs\MiKTeX\tex/generic/intcalc\intcalc.sty
Package: intcalc 2019/12/15 v1.3 Expandable calculations with integers (HO)
)
\Hy@SavedSpaceFactor=\count483

(C:\Users\dusti\AppData\Local\Programs\MiKTeX\tex/latex/hyperref\puenc.def
File: puenc.def 2023-11-26 v7.01g Hyperref: PDF Unicode definition (HO)
Now handling font encoding PU ...
... no UTF-8 mapping file for font encoding PU
)
Package hyperref Info: Option `hypertexnames' set `false' on input line 4064.
Package hyperref Info: Hyper figures OFF on input line 4181.
Package hyperref Info: Link nesting OFF on input line 4186.
Package hyperref Info: Hyper index ON on input line 4189.
Package hyperref Info: Plain pages OFF on input line 4196.
Package hyperref Info: Backreferencing OFF on input line 4201.
Package hyperref Info: Implicit mode ON; LaTeX internals redefined.
Package hyperref Info: Bookmarks ON on input line 4448.
\c@Hy@tempcnt=\count484
LaTeX Info: Redefining \url on input line 4786.
\XeTeXLinkMargin=\dimen183

(C:\Users\dusti\AppData\Local\Programs\MiKTeX\tex/generic/bitset\bitset.sty
Package: bitset 2019/12/09 v1.3 Handle bit-vector datatype (HO)

(C:\Users\dusti\AppData\Local\Programs\MiKTeX\tex/generic/bigintcalc\bigintcalc
.sty
Package: bigintcalc 2019/12/15 v1.5 Expandable calculations on big integers (HO
)
))
\Fld@menulength=\count485
\Field@Width=\dimen184
\Fld@charsize=\dimen185
Package hyperref Info: Hyper figures OFF on input line 6065.
Package hyperref Info: Link nesting OFF on input line 6070.
Package hyperref Info: Hyper index ON on input line 6073.
Package hyperref Info: backreferencing OFF on input line 6080.
Package hyperref Info: Link coloring OFF on input line 6085.
Package hyperref Info: Link coloring with OCG OFF on input line 6090.
Package hyperref Info: PDF/A mode OFF on input line 6095.

(C:\Users\dusti\AppData\Local\Programs\MiKTeX\tex/latex/base\atbegshi-ltx.sty
Package: atbegshi-ltx 2021/01/10 v1.0c Emulation of the original atbegshi
package with kernel methods
)
\Hy@abspage=\count486
\c@Item=\count487
\c@Hfootnote=\count488
)
Package hyperref Info: Driver (autodetected): hpdftex.
(C:\Users\dusti\AppData\Local\Programs\MiKTeX\tex/latex/hyperref\hpdftex.def
File: hpdftex.def 2023-11-26 v7.01g Hyperref driver for pdfTeX

(C:\Users\dusti\AppData\Local\Programs\MiKTeX\tex/latex/base\atveryend-ltx.sty
Package: atveryend-ltx 2020/08/19 v1.0a Emulation of the original atveryend pac
kage
with kernel methods
)
\Fld@listcount=\count489
\c@bookmark@seq@number=\count490

(C:\Users\dusti\AppData\Local\Programs\MiKTeX\tex/latex/rerunfilecheck\rerunfil
echeck.sty
Package: rerunfilecheck 2022-07-10 v1.10 Rerun checks for auxiliary files (HO)

(C:\Users\dusti\AppData\Local\Programs\MiKTeX\tex/generic/uniquecounter\uniquec
ounter.sty
Package: uniquecounter 2019/12/15 v1.4 Provide unlimited unique counter (HO)
)
Package uniquecounter Info: New unique counter `rerunfilecheck' on input line 2
85.
)
\Hy@SectionHShift=\skip83
)
Package hyperref Info: Option `colorlinks' set `true' on input line 568.

(C:\Users\dusti\AppData\Local\Programs\MiKTeX\tex/latex/oberdiek\hypcap.sty
Package: hypcap 2016/05/16 v1.12 Adjusting the anchors of captions (HO)
)
(C:\Users\dusti\AppData\Local\Programs\MiKTeX\tex/latex/pdfsync\pdfsync.sty
Package: pdfsync 2008/01/26 v1.1
)
(C:\Users\dusti\AppData\Local\Programs\MiKTeX\tex/generic/iftex\ifpdf.sty
Package: ifpdf 2019/10/25 v3.4 ifpdf legacy package. Use iftex instead.
)
(C:\Users\dusti\AppData\Local\Programs\MiKTeX\tex/latex/epstopdf-pkg\epstopdf.s
ty
Package: epstopdf 2020-01-24 v2.11 Conversion with epstopdf on the fly (HO)
 (C:\Users\dusti\AppData\Local\Programs\MiKTeX\tex/latex/grfext\grfext.sty
Package: grfext 2019/12/03 v1.3 Manage graphics extensions (HO)
)
(C:\Users\dusti\AppData\Local\Programs\MiKTeX\tex/latex/epstopdf-pkg\epstopdf-b
ase.sty
Package: epstopdf-base 2020-01-24 v2.11 Base part for package epstopdf
Package epstopdf-base Info: Redefining graphics rule for `.eps' on input line 4
85.
Package grfext Info: Graphics extension search list:
(grfext)             [.pdf,.png,.jpg,.mps,.jpeg,.jbig2,.jb2,.PDF,.PNG,.JPG,.JPE
G,.JBIG2,.JB2,.eps]
(grfext)             \AppendGraphicsExtensions on input line 504.

(C:\Users\dusti\AppData\Local\Programs\MiKTeX\tex/latex/00miktex\epstopdf-sys.c
fg
File: epstopdf-sys.cfg 2021/03/18 v2.0 Configuration of epstopdf for MiKTeX
)))
(C:\Users\dusti\AppData\Local\Programs\MiKTeX\tex/latex/enumitem\enumitem.sty
Package: enumitem 2019/06/20 v3.9 Customized lists
\labelindent=\skip84
\enit@outerparindent=\dimen186
\enit@toks=\toks40
\enit@inbox=\box107
\enit@count@id=\count491
\enitdp@description=\count492
))
(C:\Users\dusti\AppData\Local\Programs\MiKTeX\tex/latex/glossaries/base\glossar
ies.sty
Package: glossaries 2023/09/29 v4.53 (NLCT)

(C:\Users\dusti\AppData\Local\Programs\MiKTeX\tex/latex/mfirstuc\mfirstuc.sty
Package: mfirstuc 2022/10/14 v2.08 (NLCT)
\@glsmfirst=\toks41
\@glsmrest=\toks42
)
(C:\Users\dusti\AppData\Local\Programs\MiKTeX\tex/latex/xfor\xfor.sty
Package: xfor 2009/02/05 v1.05 (NLCT)
)
(C:\Users\dusti\AppData\Local\Programs\MiKTeX\tex/latex/datatool\datatool-base.
sty
Package: datatool-base 2019/09/27 v2.32 (NLCT)
 (C:\Users\dusti\AppData\Local\Programs\MiKTeX\tex/latex/substr\substr.sty
Package: substr 2009/10/20 v1.2 Handle substrings
\c@su@anzahl=\count493
)
(C:\Users\dusti\AppData\Local\Programs\MiKTeX\tex/latex/datatool\datatool-fp.st
y
Package: datatool-fp 2019/09/27 v2.32 (NLCT)
 (C:\Users\dusti\AppData\Local\Programs\MiKTeX\tex/latex/fp\fp.sty
Package: fp 1995/04/02

`Fixed Point Package', Version 0.8, April 2, 1995 (C) Michael Mehlich
(C:\Users\dusti\AppData\Local\Programs\MiKTeX\tex/latex/fp\defpattern.sty
Package: defpattern 1994/10/12
\actioncount=\count494
)
(C:\Users\dusti\AppData\Local\Programs\MiKTeX\tex/latex/fp\fp-basic.sty
Package: fp-basic 1996/05/13
\FP@xs=\count495
\FP@xia=\count496
\FP@xib=\count497
\FP@xfa=\count498
\FP@xfb=\count499
\FP@rega=\count500
\FP@regb=\count501
\FP@regs=\count502
\FP@times=\count503
)
(C:\Users\dusti\AppData\Local\Programs\MiKTeX\tex/latex/fp\fp-addons.sty
Package: fp-addons 1995/03/15
)
(C:\Users\dusti\AppData\Local\Programs\MiKTeX\tex/latex/fp\fp-snap.sty
Package: fp-snap 1995/04/05
)
(C:\Users\dusti\AppData\Local\Programs\MiKTeX\tex/latex/fp\fp-exp.sty
Package: fp-exp 1995/04/03
)
(C:\Users\dusti\AppData\Local\Programs\MiKTeX\tex/latex/fp\fp-trigo.sty
Package: fp-trigo 1995/04/14
)
(C:\Users\dusti\AppData\Local\Programs\MiKTeX\tex/latex/fp\fp-pas.sty
Package: fp-pas 1994/08/29
)
(C:\Users\dusti\AppData\Local\Programs\MiKTeX\tex/latex/fp\fp-random.sty
Package: fp-random 1995/02/23
\FPseed=\count504
)
(C:\Users\dusti\AppData\Local\Programs\MiKTeX\tex/latex/fp\fp-eqn.sty
Package: fp-eqn 1995/04/03
)
(C:\Users\dusti\AppData\Local\Programs\MiKTeX\tex/latex/fp\fp-upn.sty
Package: fp-upn 1996/10/21
)
(C:\Users\dusti\AppData\Local\Programs\MiKTeX\tex/latex/fp\fp-eval.sty
Package: fp-eval 1995/04/03
)))
\@dtl@toks=\toks43
\@dtl@tmpcount=\count505
\dtl@tmplength=\skip85
\dtl@sortresult=\count506
\@dtl@numgrpsepcount=\count507
\@dtl@datatype=\count508
\dtl@codeA=\count509
\dtl@codeB=\count510
\@dtl@foreach@level=\count511
)
(C:\Users\dusti\AppData\Local\Programs\MiKTeX\tex/latex/tracklang\tracklang.sty
Package: tracklang 2022/12/13 v1.6.1 (NLCT) Track Languages

(C:\Users\dusti\AppData\Local\Programs\MiKTeX\tex/generic/tracklang\tracklang.t
ex))
(C:\Users\dusti\AppData\Local\Programs\MiKTeX\tex/latex/translator\translator.s
ty
Package: translator 2021-05-31 v1.12d Easy translation of strings in LaTeX
)
(C:\Users\dusti\AppData\Local\Programs\MiKTeX\tex/latex/glossaries-german\gloss
aries-german.ldf
File: glossaries-german.ldf 2014/11/23 v1.0
)
\gls@level=\count512
\@gls@tmpb=\toks44
\gls@tmplen=\skip86
\glskeylisttok=\toks45
\glslabeltok=\toks46
\glsshorttok=\toks47
\glslongtok=\toks48

(C:\Users\dusti\AppData\Local\Programs\MiKTeX\tex/latex/glossaries/styles\gloss
ary-hypernav.sty
Package: glossary-hypernav 2023/09/29 v4.53 (NLCT)
)
(C:\Users\dusti\AppData\Local\Programs\MiKTeX\tex/latex/glossaries/styles\gloss
ary-list.sty
Package: glossary-list 2023/09/29 v4.53 (NLCT)
\glslistdottedwidth=\skip87
)
(C:\Users\dusti\AppData\Local\Programs\MiKTeX\tex/latex/glossaries/styles\gloss
ary-long.sty
Package: glossary-long 2023/09/29 v4.53 (NLCT)

(C:\Users\dusti\AppData\Local\Programs\MiKTeX\tex/latex/tools\longtable.sty
Package: longtable 2023-11-01 v4.19 Multi-page Table package (DPC)
\LTleft=\skip88
\LTright=\skip89
\LTpre=\skip90
\LTpost=\skip91
\LTchunksize=\count513
\LTcapwidth=\dimen187
\LT@head=\box108
\LT@firsthead=\box109
\LT@foot=\box110
\LT@lastfoot=\box111
\LT@gbox=\box112
\LT@cols=\count514
\LT@rows=\count515
\c@LT@tables=\count516
\c@LT@chunks=\count517
\LT@p@ftn=\toks49
)
\glsdescwidth=\skip92
\glspagelistwidth=\skip93
)
(C:\Users\dusti\AppData\Local\Programs\MiKTeX\tex/latex/glossaries/styles\gloss
ary-super.sty
Package: glossary-super 2023/09/29 v4.53 (NLCT)

(C:\Users\dusti\AppData\Local\Programs\MiKTeX\tex/latex/supertabular\supertabul
ar.sty
Package: supertabular 2020/02/02 v4.1g the supertabular environment
\c@tracingst=\count518
\ST@wd=\dimen188
\ST@rightskip=\skip94
\ST@leftskip=\skip95
\ST@parfillskip=\skip96
\ST@pageleft=\dimen189
\ST@headht=\dimen190
\ST@tailht=\dimen191
\ST@pagesofar=\dimen192
\ST@pboxht=\dimen193
\ST@lineht=\dimen194
\ST@prevht=\dimen195
\ST@toadd=\dimen196
\ST@dimen=\dimen197
\ST@pbox=\box113
))
(C:\Users\dusti\AppData\Local\Programs\MiKTeX\tex/latex/glossaries/styles\gloss
ary-tree.sty
Package: glossary-tree 2023/09/29 v4.53 (NLCT)
\glstreeindent=\skip97
))
(C:\Users\dusti\AppData\Local\Programs\MiKTeX\tex/latex/fancyhdr\fancyhdr.sty
Package: fancyhdr 2022/11/09 v4.1 Extensive control of page headers and footers

\f@nch@headwidth=\skip98
\f@nch@O@elh=\skip99
\f@nch@O@erh=\skip100
\f@nch@O@olh=\skip101
\f@nch@O@orh=\skip102
\f@nch@O@elf=\skip103
\f@nch@O@erf=\skip104
\f@nch@O@olf=\skip105
\f@nch@O@orf=\skip106
))

LaTeX Warning: \include should only be used after \begin{document} on input lin
e 13.

(Settings.tex
(C:\Users\dusti\AppData\Local\Programs\MiKTeX\tex/latex/geometry\geometry.sty
Package: geometry 2020/01/02 v5.9 Page Geometry

(C:\Users\dusti\AppData\Local\Programs\MiKTeX\tex/generic/iftex\ifvtex.sty
Package: ifvtex 2019/10/25 v1.7 ifvtex legacy package. Use iftex instead.
)
\Gm@cnth=\count519
\Gm@cntv=\count520
\c@Gm@tempcnt=\count521
\Gm@bindingoffset=\dimen198
\Gm@wd@mp=\dimen199
\Gm@odd@mp=\dimen256
\Gm@even@mp=\dimen257
\Gm@layoutwidth=\dimen258
\Gm@layoutheight=\dimen259
\Gm@layouthoffset=\dimen260
\Gm@layoutvoffset=\dimen261
\Gm@dimlist=\toks50

(C:\Users\dusti\AppData\Local\Programs\MiKTeX\tex/latex/geometry\geometry.cfg))
(C:\Users\dusti\AppData\Local\Programs\MiKTeX\tex/latex/xurl\xurl.sty
Package: xurl 2022/01/09 v 0.10 modify URL breaks

xurl: Set penalties for biblatex
)
\_Diplomarbeit@idxfile=\write5
\openout5 = `_Diplomarbeit.idx'.


Writing index file _Diplomarbeit.idx
\allgemein@idxfile=\write6
\openout6 = `allgemein.idx'.

Writing index file allgemein.idx
\name@idxfile=\write7
\openout7 = `name.idx'.

Writing index file name.idx
\title@idxfile=\write8
\openout8 = `title.idx'.

Writing index file title.idx
)
\glswrite=\write9
\glo@main@file=\write10
\openout10 = `_Diplomarbeit.glo'.

Package glossaries Info: Writing glossary file _Diplomarbeit.glo on input line 
15.
 (glossary.tex)
Package csquotes Info: Checking for multilingual support...
Package csquotes Info: ... found 'babel' package.
Package csquotes Info: Adjusting default style.
Package csquotes Info: Redefining alias 'default' -> 'ngerman'.
 (_Diplomarbeit.aux (vorwort.aux) (dokumentation.aux)
(kurzfassung.aux) (abstract.aux) (einleitung.aux) (grundlagen.aux

LaTeX Warning: Label `fig:fr1' multiply defined.


LaTeX Warning: Label `fig:fr1' multiply defined.


LaTeX Warning: Label `fig:fr1' multiply defined.


LaTeX Warning: Label `fig:fr1' multiply defined.

) (produktspezifikationen.aux) (feinkonzept_realisierung.aux)
(zmfs_abschluss.aux) (anhang_a.aux) (anhang_b.aux) (literatur.aux))
\openout1 = `_Diplomarbeit.aux'.

LaTeX Font Info:    Checking defaults for OML/cmm/m/it on input line 23.
LaTeX Font Info:    ... okay on input line 23.
LaTeX Font Info:    Checking defaults for OMS/cmsy/m/n on input line 23.
LaTeX Font Info:    ... okay on input line 23.
LaTeX Font Info:    Checking defaults for OT1/cmr/m/n on input line 23.
LaTeX Font Info:    ... okay on input line 23.
LaTeX Font Info:    Checking defaults for T1/cmr/m/n on input line 23.
LaTeX Font Info:    ... okay on input line 23.
LaTeX Font Info:    Checking defaults for TS1/cmr/m/n on input line 23.
LaTeX Font Info:    ... okay on input line 23.
LaTeX Font Info:    Checking defaults for OMX/cmex/m/n on input line 23.
LaTeX Font Info:    ... okay on input line 23.
LaTeX Font Info:    Checking defaults for U/cmr/m/n on input line 23.
LaTeX Font Info:    ... okay on input line 23.
LaTeX Font Info:    Checking defaults for PD1/pdf/m/n on input line 23.
LaTeX Font Info:    ... okay on input line 23.
LaTeX Font Info:    Checking defaults for PU/pdf/m/n on input line 23.
LaTeX Font Info:    ... okay on input line 23.

(C:\Users\dusti\AppData\Local\Programs\MiKTeX\tex/context/base/mkii\supp-pdf.mk
ii
[Loading MPS to PDF converter (version 2006.09.02).]
\scratchcounter=\count522
\scratchdimen=\dimen262
\scratchbox=\box114
\nofMPsegments=\count523
\nofMParguments=\count524
\everyMPshowfont=\toks51
\MPscratchCnt=\count525
\MPscratchDim=\dimen263
\MPnumerator=\count526
\makeMPintoPDFobject=\count527
\everyMPtoPDFconversion=\toks52
)
(C:\Users\dusti\AppData\Local\Programs\MiKTeX\tex/latex/pdflscape\pdflscape.sty
Package: pdflscape 2022-10-27 v0.13 Display of landscape pages in PDF

(C:\Users\dusti\AppData\Local\Programs\MiKTeX\tex/latex/pdflscape\pdflscape-nom
etadata.sty
Package: pdflscape-nometadata 2022-10-28 v0.13 Display of landscape pages in PD
F (HO)

(C:\Users\dusti\AppData\Local\Programs\MiKTeX\tex/latex/graphics\lscape.sty
Package: lscape 2020/05/28 v3.02 Landscape Pages (DPC)
)
Package pdflscape Info: Auto-detected driver: pdftex on input line 81.
))
Package biblatex Info: Trying to load language 'ngerman'...
Package biblatex Info: ... file 'ngerman.lbx' found.

(C:\Users\dusti\AppData\Local\Programs\MiKTeX\tex/latex/biblatex/lbx\ngerman.lb
x
File: ngerman.lbx 2023/03/05 v3.19 biblatex localization (PK/MW)
Package biblatex Info: Trying to load language 'german'...
Package biblatex Info: ... file 'german.lbx' found.

(C:\Users\dusti\AppData\Local\Programs\MiKTeX\tex/latex/biblatex/lbx\german.lbx
File: german.lbx 2023/03/05 v3.19 biblatex localization (PK/MW)
)
Package biblatex Info: Trying to load language 'german'...
Package biblatex Info: ... file 'german.lbx' found.

(C:\Users\dusti\AppData\Local\Programs\MiKTeX\tex/latex/biblatex/lbx\german.lbx
File: german.lbx 2023/03/05 v3.19 biblatex localization (PK/MW)
))
Package biblatex Info: Trying to load language 'english'...
Package biblatex Info: ... file 'english.lbx' found.

(C:\Users\dusti\AppData\Local\Programs\MiKTeX\tex/latex/biblatex/lbx\english.lb
x
File: english.lbx 2023/03/05 v3.19 biblatex localization (PK/MW)
)
Package biblatex Info: Trying to load language 'german'...
Package biblatex Info: ... file 'german.lbx' found.

(C:\Users\dusti\AppData\Local\Programs\MiKTeX\tex/latex/biblatex/lbx\german.lbx
File: german.lbx 2023/03/05 v3.19 biblatex localization (PK/MW)
)
Package biblatex Info: Input encoding 'utf8' detected.
Package biblatex Info: Data encoding 'utf8' specified.
(biblatex)             No need to reencode data.
\openout3 = `_Diplomarbeit.bcf'.

Package biblatex Info: Trying to load bibliographic data...
Package biblatex Info: ... file '_Diplomarbeit.bbl' found.
 (C:/Users\dusti\Desktop\github\Diplomschrift\out\_Diplomarbeit.bbl)
Package biblatex Info: Reference section=0 on input line 23.
Package biblatex Info: Reference segment=0 on input line 23.
Package caption Info: Begin \AtBeginDocument code.
Package caption Info: float package is loaded.
Package caption Info: hyperref package is loaded.
Package caption Info: hypcap package is loaded.
Package caption Info: listings package is loaded.
Package caption Info: longtable package is loaded.

(C:\Users\dusti\AppData\Local\Programs\MiKTeX\tex/latex/caption\ltcaption.sty
Package: ltcaption 2021/01/08 v1.4c longtable captions (AR)
)
Package caption Info: supertabular package is loaded.
Package caption Info: End \AtBeginDocument code.
\c@lstlisting=\count528
Package hyperref Info: Link coloring ON on input line 23.

(_Diplomarbeit.out) (_Diplomarbeit.out)
\@outlinefile=\write11
\openout11 = `_Diplomarbeit.out'.

Configuring pdfsync
\PDFSYNC@ut=\write12
\openout12 = `_Diplomarbeit.pdfsync'.

\PDFSYNCf@li@=\count529
\PDFSYNC@rder=\count530
**** pdfsync.sty: Synchronizing at \everypar
\PDFSYNCeveryp@r=\toks53
**** pdfsync.sty: Synchronizing at \everymath
\PDFSYNCeverym@th=\toks54
**** pdfsync.sty: Synchronizing at \everyhbox
\PDFSYNCeveryhb@x=\toks55
**** pdfsync.sty: started

(C:\Users\dusti\AppData\Local\Programs\MiKTeX\tex/latex/glossaries-english\glos
saries-dictionary-English.dict
Dictionary: glossaries-dictionary, Language: English 
)
(C:\Users\dusti\AppData\Local\Programs\MiKTeX\tex/latex/glossaries-german\gloss
aries-dictionary-German.dict
Dictionary: glossaries-dictionary, Language: German 
)
*geometry* driver: auto-detecting
*geometry* detected driver: pdftex
*geometry* verbose mode - [ preamble ] result:
* driver: pdftex
* paper: a4paper
* layout: <same size as paper>
* layoutoffset:(h,v)=(0.0pt,0.0pt)
* modes: 
* h-part:(L,W,R)=(85.35826pt, 426.79135pt, 85.35826pt)
* v-part:(T,H,B)=(85.35826pt, 674.33032pt, 85.35826pt)
* \paperwidth=597.50787pt
* \paperheight=845.04684pt
* \textwidth=426.79135pt
* \textheight=674.33032pt
* \oddsidemargin=13.08827pt
* \evensidemargin=13.08827pt
* \topmargin=-32.38553pt
* \headheight=25.6pt
* \headsep=19.8738pt
* \topskip=11.0pt
* \footskip=27.46295pt
* \marginparwidth=53.0pt
* \marginparsep=7.0pt
* \columnsep=10.0pt
* \skip\footins=10.0pt plus 4.0pt minus 2.0pt
* \hoffset=0.0pt
* \voffset=0.0pt
* \mag=1000
* \@twocolumnfalse
* \@twosidefalse
* \@mparswitchfalse
* \@reversemarginfalse
* (1in=72.27pt=25.4mm, 1cm=28.453pt)

<images/htl.jpeg, id=329, 497.6994pt x 238.9728pt>
File: images/htl.jpeg Graphic file (type jpg)
<use images/htl.jpeg>
Package pdftex.def Info: images/htl.jpeg  used on input line 61.
(pdftex.def)             Requested size: 85.35826pt x 40.98218pt.
<images/htl_allgemein.jpg, id=330, 770.88pt x 337.26pt>
File: images/htl_allgemein.jpg Graphic file (type jpg)
<use images/htl_allgemein.jpg>
Package pdftex.def Info: images/htl_allgemein.jpg  used on input line 61.
(pdftex.def)             Requested size: 85.35826pt x 37.34058pt.

Overfull \hbox (7.26108pt too wide) in paragraph at lines 61--61
 [] 
 []

LaTeX Font Info:    Trying to load font information for U+msa on input line 61.

(C:\Users\dusti\AppData\Local\Programs\MiKTeX\tex/latex/amsfonts\umsa.fd
File: umsa.fd 2013/01/14 v3.01 AMS symbols A
)
LaTeX Font Info:    Trying to load font information for U+msb on input line 61.


(C:\Users\dusti\AppData\Local\Programs\MiKTeX\tex/latex/amsfonts\umsb.fd
File: umsb.fd 2013/01/14 v3.01 AMS symbols B
)
Underfull \hbox (badness 3396) in paragraph at lines 61--61
[][][]\T1/cmr/m/n/10.95 Recherche zu Va-ri-an-ten von Knapsack-Algorithmen und 
Um-set-zung des
 []


Overfull \hbox (12.0pt too wide) in alignment at lines 61--61
[] [] []
 []

[1
Non-PDF special ignored!
<special> header=psfrag.pro

\openout9 = `_Diplomarbeit.ist'.



{C:/Users/dusti/AppData/Local/MiKTeX/fonts/map/pdftex/pdftex.map} <./images/htl
.jpeg> <./images/htl_allgemein.jpg>]
LaTeX Font Info:    Trying to load font information for T1+cmss on input line 6
1.

(C:\Users\dusti\AppData\Local\Programs\MiKTeX\tex/latex/base\t1cmss.fd
File: t1cmss.fd 2023/04/13 v2.5m Standard LaTeX font definitions
)
[2] [1

] (_Diplomarbeit.toc [2

] [3])
\tf@toc=\write13
\openout13 = `_Diplomarbeit.toc'.

 [4]
\openout2 = `vorwort.aux'.

 (vorwort.tex) [5


]
\openout2 = `dokumentation.aux'.

 (dokumentation.tex

pdfTeX warning: pdflatex (file ./pdf/Formular-printed.pdf): PDF inclusion: foun
d PDF version <1.7>, but at most version <1.5> allowed
<pdf/Formular-printed.pdf, id=454, 597.55246pt x 845.07724pt>
File: pdf/Formular-printed.pdf Graphic file (type pdf)
<use pdf/Formular-printed.pdf>
Package pdftex.def Info: pdf/Formular-printed.pdf  used on input line 7.
(pdftex.def)             Requested size: 597.551pt x 845.07518pt.


pdfTeX warning: pdflatex (file ./pdf/Formular-printed.pdf): PDF inclusion: foun
d PDF version <1.7>, but at most version <1.5> allowed
File: pdf/Formular-printed.pdf Graphic file (type pdf)
<use pdf/Formular-printed.pdf>
Package pdftex.def Info: pdf/Formular-printed.pdf  used on input line 7.
(pdftex.def)             Requested size: 597.551pt x 845.07518pt.


pdfTeX warning: pdflatex (file ./pdf/Formular-printed.pdf): PDF inclusion: foun
d PDF version <1.7>, but at most version <1.5> allowed


pdfTeX warning: pdflatex (file ./pdf/Formular-printed.pdf): PDF inclusion: foun
d PDF version <1.7>, but at most version <1.5> allowed
<pdf/Formular-printed.pdf, id=457, page=1, 597.55246pt x 845.07724pt>
File: pdf/Formular-printed.pdf Graphic file (type pdf)
<use pdf/Formular-printed.pdf, page 1>
Package pdftex.def Info: pdf/Formular-printed.pdf , page1 used on input line 7.

(pdftex.def)             Requested size: 597.551pt x 845.07518pt.
File: pdf/Formular-printed.pdf Graphic file (type pdf)
<use pdf/Formular-printed.pdf, page 1>
Package pdftex.def Info: pdf/Formular-printed.pdf , page1 used on input line 7.

(pdftex.def)             Requested size: 597.57834pt x 845.11386pt.
File: pdf/Formular-printed.pdf Graphic file (type pdf)
<use pdf/Formular-printed.pdf, page 1>
Package pdftex.def Info: pdf/Formular-printed.pdf , page1 used on input line 7.

(pdftex.def)             Requested size: 597.57834pt x 845.11386pt.
File: pdf/Formular-printed.pdf Graphic file (type pdf)
<use pdf/Formular-printed.pdf, page 1>
Package pdftex.def Info: pdf/Formular-printed.pdf , page1 used on input line 7.

(pdftex.def)             Requested size: 597.57834pt x 845.11386pt.
File: pdf/Formular-printed.pdf Graphic file (type pdf)
<use pdf/Formular-printed.pdf, page 1>
Package pdftex.def Info: pdf/Formular-printed.pdf , page1 used on input line 7.

(pdftex.def)             Requested size: 597.57834pt x 845.11386pt.
[6




 <./pdf/Formular-printed.pdf>]
File: pdf/Formular-printed.pdf Graphic file (type pdf)
<use pdf/Formular-printed.pdf>
Package pdftex.def Info: pdf/Formular-printed.pdf  used on input line 8.
(pdftex.def)             Requested size: 597.551pt x 845.07518pt.


pdfTeX warning: pdflatex (file ./pdf/Formular-printed.pdf): PDF inclusion: foun
d PDF version <1.7>, but at most version <1.5> allowed
File: pdf/Formular-printed.pdf Graphic file (type pdf)
<use pdf/Formular-printed.pdf>
Package pdftex.def Info: pdf/Formular-printed.pdf  used on input line 8.
(pdftex.def)             Requested size: 597.551pt x 845.07518pt.


pdfTeX warning: pdflatex (file ./pdf/Formular-printed.pdf): PDF inclusion: foun
d PDF version <1.7>, but at most version <1.5> allowed


pdfTeX warning: pdflatex (file ./pdf/Formular-printed.pdf): PDF inclusion: foun
d PDF version <1.7>, but at most version <1.5> allowed
<pdf/Formular-printed.pdf, id=482, page=2, 597.55246pt x 845.07724pt>
File: pdf/Formular-printed.pdf Graphic file (type pdf)
<use pdf/Formular-printed.pdf, page 2>
Package pdftex.def Info: pdf/Formular-printed.pdf , page2 used on input line 8.

(pdftex.def)             Requested size: 597.551pt x 845.07518pt.
File: pdf/Formular-printed.pdf Graphic file (type pdf)
<use pdf/Formular-printed.pdf, page 2>
Package pdftex.def Info: pdf/Formular-printed.pdf , page2 used on input line 8.

(pdftex.def)             Requested size: 597.57834pt x 845.11386pt.
File: pdf/Formular-printed.pdf Graphic file (type pdf)
<use pdf/Formular-printed.pdf, page 2>
Package pdftex.def Info: pdf/Formular-printed.pdf , page2 used on input line 8.

(pdftex.def)             Requested size: 597.57834pt x 845.11386pt.
File: pdf/Formular-printed.pdf Graphic file (type pdf)
<use pdf/Formular-printed.pdf, page 2>
Package pdftex.def Info: pdf/Formular-printed.pdf , page2 used on input line 8.

(pdftex.def)             Requested size: 597.57834pt x 845.11386pt.
File: pdf/Formular-printed.pdf Graphic file (type pdf)
<use pdf/Formular-printed.pdf, page 2>
Package pdftex.def Info: pdf/Formular-printed.pdf , page2 used on input line 8.

(pdftex.def)             Requested size: 597.57834pt x 845.11386pt.
[7 <./pdf/Formular-printed.pdf>]
File: pdf/Formular-printed.pdf Graphic file (type pdf)
<use pdf/Formular-printed.pdf>
Package pdftex.def Info: pdf/Formular-printed.pdf  used on input line 9.
(pdftex.def)             Requested size: 597.551pt x 845.07518pt.


pdfTeX warning: pdflatex (file ./pdf/Formular-printed.pdf): PDF inclusion: foun
d PDF version <1.7>, but at most version <1.5> allowed
File: pdf/Formular-printed.pdf Graphic file (type pdf)
<use pdf/Formular-printed.pdf>
Package pdftex.def Info: pdf/Formular-printed.pdf  used on input line 9.
(pdftex.def)             Requested size: 597.551pt x 845.07518pt.


pdfTeX warning: pdflatex (file ./pdf/Formular-printed.pdf): PDF inclusion: foun
d PDF version <1.7>, but at most version <1.5> allowed


pdfTeX warning: pdflatex (file ./pdf/Formular-printed.pdf): PDF inclusion: foun
d PDF version <1.7>, but at most version <1.5> allowed
<pdf/Formular-printed.pdf, id=491, page=3, 597.55246pt x 845.07724pt>
File: pdf/Formular-printed.pdf Graphic file (type pdf)
<use pdf/Formular-printed.pdf, page 3>
Package pdftex.def Info: pdf/Formular-printed.pdf , page3 used on input line 9.

(pdftex.def)             Requested size: 597.551pt x 845.07518pt.
File: pdf/Formular-printed.pdf Graphic file (type pdf)
<use pdf/Formular-printed.pdf, page 3>
Package pdftex.def Info: pdf/Formular-printed.pdf , page3 used on input line 9.

(pdftex.def)             Requested size: 597.57834pt x 845.11386pt.
File: pdf/Formular-printed.pdf Graphic file (type pdf)
<use pdf/Formular-printed.pdf, page 3>
Package pdftex.def Info: pdf/Formular-printed.pdf , page3 used on input line 9.

(pdftex.def)             Requested size: 597.57834pt x 845.11386pt.
File: pdf/Formular-printed.pdf Graphic file (type pdf)
<use pdf/Formular-printed.pdf, page 3>
Package pdftex.def Info: pdf/Formular-printed.pdf , page3 used on input line 9.

(pdftex.def)             Requested size: 597.57834pt x 845.11386pt.
File: pdf/Formular-printed.pdf Graphic file (type pdf)
<use pdf/Formular-printed.pdf, page 3>
Package pdftex.def Info: pdf/Formular-printed.pdf , page3 used on input line 9.

(pdftex.def)             Requested size: 597.57834pt x 845.11386pt.
[8

 <./pdf/Formular-printed.pdf>]
File: pdf/Formular-printed.pdf Graphic file (type pdf)
<use pdf/Formular-printed.pdf>
Package pdftex.def Info: pdf/Formular-printed.pdf  used on input line 10.
(pdftex.def)             Requested size: 597.551pt x 845.07518pt.


pdfTeX warning: pdflatex (file ./pdf/Formular-printed.pdf): PDF inclusion: foun
d PDF version <1.7>, but at most version <1.5> allowed
File: pdf/Formular-printed.pdf Graphic file (type pdf)
<use pdf/Formular-printed.pdf>
Package pdftex.def Info: pdf/Formular-printed.pdf  used on input line 10.
(pdftex.def)             Requested size: 597.551pt x 845.07518pt.


pdfTeX warning: pdflatex (file ./pdf/Formular-printed.pdf): PDF inclusion: foun
d PDF version <1.7>, but at most version <1.5> allowed


pdfTeX warning: pdflatex (file ./pdf/Formular-printed.pdf): PDF inclusion: foun
d PDF version <1.7>, but at most version <1.5> allowed
<pdf/Formular-printed.pdf, id=498, page=4, 597.55246pt x 845.07724pt>
File: pdf/Formular-printed.pdf Graphic file (type pdf)
<use pdf/Formular-printed.pdf, page 4>
Package pdftex.def Info: pdf/Formular-printed.pdf , page4 used on input line 10
.
(pdftex.def)             Requested size: 597.551pt x 845.07518pt.
File: pdf/Formular-printed.pdf Graphic file (type pdf)
<use pdf/Formular-printed.pdf, page 4>
Package pdftex.def Info: pdf/Formular-printed.pdf , page4 used on input line 10
.
(pdftex.def)             Requested size: 597.57834pt x 845.11386pt.
File: pdf/Formular-printed.pdf Graphic file (type pdf)
<use pdf/Formular-printed.pdf, page 4>
Package pdftex.def Info: pdf/Formular-printed.pdf , page4 used on input line 10
.
(pdftex.def)             Requested size: 597.57834pt x 845.11386pt.
File: pdf/Formular-printed.pdf Graphic file (type pdf)
<use pdf/Formular-printed.pdf, page 4>
Package pdftex.def Info: pdf/Formular-printed.pdf , page4 used on input line 10
.
(pdftex.def)             Requested size: 597.57834pt x 845.11386pt.
File: pdf/Formular-printed.pdf Graphic file (type pdf)
<use pdf/Formular-printed.pdf, page 4>
Package pdftex.def Info: pdf/Formular-printed.pdf , page4 used on input line 10
.
(pdftex.def)             Requested size: 597.57834pt x 845.11386pt.
[9 <./pdf/Formular-printed.pdf>])
\openout2 = `kurzfassung.aux'.

 (kurzfassung.tex) [10




]
\openout2 = `abstract.aux'.

 (abstract.tex)
[11




]
\openout2 = `einleitung.aux'.

 (einleitung.tex
Kapitel 1.
[1





]
Overfull \hbox (19.17381pt too wide) in paragraph at lines 43--49
\T1/cmr/m/n/10.95 dun-gen be-reit-stellt und HTML, CSS und Ja-vaS-cript. Die Um
-set-zung des Nachrichtenaustausch-
 []

) [2]
\openout2 = `grundlagen.aux'.

 (grundlagen.tex
Kapitel 2.

LaTeX Warning: Citation 'What is Scrum' on page 3 undefined on input line 14.


Underfull \hbox (badness 10000) in paragraph at lines 12--15

 []


LaTeX Warning: Citation 'What is a Product Owner' on page 3 undefined on input 
line 32.

[3




]

LaTeX Warning: Citation 'What is a Scrum Master' on page 4 undefined on input l
ine 41.


LaTeX Warning: Citation 'What is a developer' on page 4 undefined on input line
 47.


Overfull \hbox (3.8332pt too wide) in paragraph at lines 44--48
\T1/cmr/m/n/10.95 Ent-wick-lern, Ar-chi-tek-ten, Tes-tern und tech-ni-schen Re-
dak-teu-ren zu-sam-men. Es agiert selbst-
 []


LaTeX Warning: Citation 'What is Sprint Planning' on page 4 undefined on input 
line 57.


LaTeX Warning: Citation 'What is a Sprint' on page 4 undefined on input line 61
.


LaTeX Warning: Citation 'What is a Daily Scrum' on page 4 undefined on input li
ne 69.

[4]

LaTeX Warning: Citation 'What is a Sprint Review' on page 5 undefined on input 
line 74.


LaTeX Warning: Citation 'What is a Sprint Retrospective' on page 5 undefined on
 input line 79.


Underfull \hbox (badness 10000) in paragraph at lines 77--81

 []

[5]

LaTeX Warning: Citation 'GitLab Website' on page 6 undefined on input line 119.



LaTeX Warning: Citation 'SourceForge Website' on page 6 undefined on input line
 120.


LaTeX Warning: Citation 'BitBucket Website' on page 6 undefined on input line 1
21.


LaTeX Warning: Citation 'Repositories und Mitglieder' on page 6 undefined on in
put line 125.


LaTeX Warning: Citation 'GitHub Sprachunterstuetzung' on page 6 undefined on in
put line 130.

[6]

LaTeX Warning: Citation 'VivifyScrum Website' on page 7 undefined on input line
 140.


LaTeX Warning: Citation 'Trello Website' on page 7 undefined on input line 141.



LaTeX Warning: Citation 'Tarife und Preise vergleichen' on page 7 undefined on 
input line 145.


LaTeX Warning: Citation 'How to connect a GitHub account to Jira Software' on p
age 7 undefined on input line 146.


LaTeX Warning: Citation 'Im Team schneller vorankommen' on page 7 undefined on 
input line 149.


LaTeX Warning: Citation 'an einem Strang ziehen und besser entwickeln' on page 
7 undefined on input line 149.


Overfull \hbox (3.58054pt too wide) in paragraph at lines 149--149
[][][][][]\T1/cmr/m/n/9 Atlassian []; []| 
 []

[7]

grundlagen.tex:201: LaTeX Error: There's no line here to end.

See the LaTeX manual or LaTeX Companion for explanation.
Type  H <return>  for immediate help.
 ...                                              
                                                  
l.201 \\
        
Your command was ignored.
Type  I <command> <return>  to replace it with another command,
or  <return>  to continue without it.


grundlagen.tex:202: LaTeX Error: There's no line here to end.

See the LaTeX manual or LaTeX Companion for explanation.
Type  H <return>  for immediate help.
 ...                                              
                                                  
l.202 
      
Your command was ignored.
Type  I <command> <return>  to replace it with another command,
or  <return>  to continue without it.


LaTeX Warning: Citation 'Interview und schriftliche Befragung' on page 8 undefi
ned on input line 213.

<images/zsmhGrundStich.png, id=603, 287.27325pt x 139.722pt>
File: images/zsmhGrundStich.png Graphic file (type png)
<use images/zsmhGrundStich.png>
Package pdftex.def Info: images/zsmhGrundStich.png  used on input line 218.
(pdftex.def)             Requested size: 341.43437pt x 166.07722pt.

LaTeX Warning: Citation 'Statistik von Null auf Hundert' on page 8 undefined on
 input line 222.

[8]

LaTeX Warning: Citation 'Interview und schriftliche Befragung' on page 9 undefi
ned on input line 226.


LaTeX Warning: Citation 'Interview und schriftliche Befragung' on page 9 undefi
ned on input line 238.


LaTeX Warning: Citation 'Einfuehrung in die Test- und Fragebogenkonstruktion' o
n page 9 undefined on input line 242.


Overfull \hbox (0.47345pt too wide) in paragraph at lines 253--254
[][][]\T1/cmr/m/n/10.95 Verwendung von ein-fa-chem Vo-ka-bu-lar oh-ne Ver-wen-d
ung von Fach-aus-drcken, Fremd-
 []

[9 <./images/zsmhGrundStich.png>]

LaTeX Warning: Citation 'Interview und schriftliche Befragung' on page 10 undef
ined on input line 259.


Underfull \hbox (badness 10000) in paragraph at lines 259--260

 []


Underfull \hbox (badness 10000) in paragraph at lines 278--279

 []


LaTeX Warning: Citation 'Die Befragung' on page 10 undefined on input line 288.


[10]

LaTeX Warning: Citation 'Die Befragung' on page 11 undefined on input line 299.



LaTeX Warning: Citation 'Einfuehrung in die Test und Fragebogenkonstruktion' on
 page 11 undefined on input line 337.


Underfull \hbox (badness 10000) in paragraph at lines 334--338

 []


LaTeX Warning: Citation 'Einfuehrung in die Test und Fragebogenkonstruktion' on
 page 11 undefined on input line 343.

[11] [12]
<images/AuswertungFrage1.png, id=647, 510.708pt x 307.1475pt>
File: images/AuswertungFrage1.png Graphic file (type png)
<use images/AuswertungFrage1.png>
Package pdftex.def Info: images/AuswertungFrage1.png  used on input line 426.
(pdftex.def)             Requested size: 384.1096pt x 231.01619pt.

Underfull \hbox (badness 10000) in paragraph at lines 418--429

 []


Underfull \hbox (badness 10000) in paragraph at lines 418--429

 []

[13]
<images/AuswertungFrage2.png, id=652, 510.708pt x 304.13625pt>
File: images/AuswertungFrage2.png Graphic file (type png)
<use images/AuswertungFrage2.png>
Package pdftex.def Info: images/AuswertungFrage2.png  used on input line 438.
(pdftex.def)             Requested size: 384.1096pt x 228.75131pt.

Underfull \hbox (badness 10000) in paragraph at lines 430--441

 []


Underfull \hbox (badness 10000) in paragraph at lines 430--441

 []

File: images/AuswertungFrage2.png Graphic file (type png)
<use images/AuswertungFrage2.png>
Package pdftex.def Info: images/AuswertungFrage2.png  used on input line 450.
(pdftex.def)             Requested size: 384.1096pt x 228.75131pt.

Underfull \hbox (badness 10000) in paragraph at lines 442--453

 []


Underfull \hbox (badness 10000) in paragraph at lines 442--453

 []

[14 <./images/AuswertungFrage1.png> <./images/AuswertungFrage2.png>]
<images/AuswertungFrage4.png, id=661, 510.708pt x 305.34074pt>
File: images/AuswertungFrage4.png Graphic file (type png)
<use images/AuswertungFrage4.png>
Package pdftex.def Info: images/AuswertungFrage4.png  used on input line 462.
(pdftex.def)             Requested size: 384.1096pt x 229.65727pt.

Underfull \hbox (badness 10000) in paragraph at lines 454--465

 []


Underfull \hbox (badness 10000) in paragraph at lines 454--465

 []

<images/AuswertungFrage5.png, id=662, 511.31026pt x 304.13625pt>
File: images/AuswertungFrage5.png Graphic file (type png)
<use images/AuswertungFrage5.png>
Package pdftex.def Info: images/AuswertungFrage5.png  used on input line 474.
(pdftex.def)             Requested size: 384.1096pt x 228.4868pt.

Underfull \hbox (badness 10000) in paragraph at lines 466--477

 []


Underfull \hbox (badness 10000) in paragraph at lines 466--477

 []

[15 <./images/AuswertungFrage4.png>]) [16 <./images/AuswertungFrage5.png>]
\openout2 = `produktspezifikationen.aux'.


(produktspezifikationen.tex
Kapitel 3.
[17




]

LaTeX Warning: Citation 'Plattformen' on page 18 undefined on input line 36.


LaTeX Warning: Citation 'Unity Asset Store' on page 18 undefined on input line 
41.


LaTeX Warning: Citation 'Wir liefern die Engine. Sie machen sie Unreal' on page
 18 undefined on input line 63.

[18]

LaTeX Warning: Citation 'Blueprints Visual Scripting' on page 19 undefined on i
nput line 80.

[19]

LaTeX Warning: Citation 'Mixed Reality Toolkit 3' on page 20 undefined on input
 line 137.

[20]

LaTeX Warning: Citation 'OpenXR Plugin' on page 21 undefined on input line 157.



LaTeX Warning: Citation 'Asset Store' on page 21 undefined on input line 188.

[21]

LaTeX Warning: Citation 'Blender Allgemein' on page 22 undefined on input line 
193.


LaTeX Warning: Citation '3DS Max' on page 22 undefined on input line 193.


LaTeX Warning: Citation 'Cinema 4D' on page 22 undefined on input line 194.


LaTeX Warning: Citation 'Benutzeroberflche' on page 22 undefined on input lin
e 216.


LaTeX Warning: Citation 'Toolbar' on page 22 undefined on input line 222.


LaTeX Warning: Citation 'Materials' on page 22 undefined on input line 227.

[22]) [23]
\openout2 = `feinkonzept_realisierung.aux'.

 (feinkonzept_realisierung.tex
(C:\Users\dusti\AppData\Local\Programs\MiKTeX\tex/latex/listings\lstlang1.sty
File: lstlang1.sty 2023/02/27 1.9 listings language file
)
(C:\Users\dusti\AppData\Local\Programs\MiKTeX\tex/latex/listings\lstmisc.sty
File: lstmisc.sty 2023/02/27 1.9 (Carsten Heinz)
)
Kapitel 4.

LaTeX Warning: Citation 'Visual Studio 2022' on page 24 undefined on input line
 66.

[24




]

LaTeX Warning: Citation 'Unity Asset Manager' on page 25 undefined on input lin
e 89.


LaTeX Warning: Citation 'Spiele in Augmented Reality und Virtual Reality' on pa
ge 25 undefined on input line 101.


LaTeX Warning: Citation 'About AR Foundation' on page 25 undefined on input lin
e 108.


Overfull \hbox (15.71858pt too wide) in paragraph at lines 104--109
\T1/cmr/m/n/10.95 grei-fen-de Ab-strak-ti-ons-schicht fr die Ent-wick-lung von
 Aug-men-ted Rea-li-ty (AR)-Anwendungen
 []


LaTeX Warning: Citation 'XR Interaction Toolkit' on page 25 undefined on input 
line 116.


LaTeX Warning: Citation 'Tools for profiling and debugging' on page 25 undefine
d on input line 122.

[25]

LaTeX Warning: Citation 'Was ist mit Quellcodeverwaltung gemeint?' on page 26 u
ndefined on input line 129.


Overfull \hbox (5.80417pt too wide) in paragraph at lines 125--130
\T1/cmr/m/n/10.95 aus ver-schie-de-nen Schls-sel-ele-men-ten, dar-un-ter Sze-n
en, Ga-me-Ob-jects, Kom-po-nen-ten, Skrip-
 []


LaTeX Warning: Citation 'Subsysteme MRTK3' on page 26 undefined on input line 1
35.

<images/monobehaviour_flowchart.png, id=762, 1083.04625pt x 2255.42625pt>
File: images/monobehaviour_flowchart.png Graphic file (type png)
<use images/monobehaviour_flowchart.png>
Package pdftex.def Info: images/monobehaviour_flowchart.png  used on input line
 151.
(pdftex.def)             Requested size: 277.41176pt x 577.69002pt.

Underfull \vbox (badness 10000) has occurred while \output is active []

 [26]

LaTeX Warning: Citation 'Order of execution for event functions' on page 27 und
efined on input line 155.


LaTeX Warning: Citation 'MonoBevaiour Class' on page 27 undefined on input line
 162.

[27 <./images/monobehaviour_flowchart.png>]

LaTeX Warning: Reference `sec:Scene1' on page 28 undefined on input line 172.


LaTeX Warning: Reference `sec:Scene2' on page 28 undefined on input line 172.


LaTeX Warning: Citation 'Scenes' on page 28 undefined on input line 189.


LaTeX Warning: Citation 'Managers' on page 28 undefined on input line 193.


LaTeX Warning: Citation 'Plane Manager' on page 28 undefined on input line 206.


[28]

LaTeX Warning: Citation 'Raycast Manager' on page 29 undefined on input line 21
4.


Overfull \hbox (2.4266pt too wide) in paragraph at lines 216--220
[][]\T1/cmr/m/n/10.95 Die er-folg-rei-che Um-set-zung der funk-tio-na-len An-fo
r-de-run-gen in den spe-zi-fi-schen Augmented-
 []

[29]

LaTeX Warning: Citation 'GameObjects' on page 30 undefined on input line 253.


LaTeX Warning: Citation 'Prefabs' on page 30 undefined on input line 262.


LaTeX Warning: Citation 'Prefabs-2' on page 30 undefined on input line 262.


LaTeX Warning: Reference `sec:restlicheModelle' on page 30 undefined on input l
ine 271.


LaTeX Warning: Reference `sec:restlicheModelle' on page 30 undefined on input l
ine 271.

[30]

LaTeX Warning: Reference `sec:qrcodes' on page 31 undefined on input line 272.

[31]

LaTeX Warning: Citation 'Universal Windows Platform (UWP)' on page 32 undefined
 on input line 304.


LaTeX Warning: Citation 'Build-Tutorial' on page 32 undefined on input line 311
.


LaTeX Warning: Citation 'Visual-Studio-Build-Settings' on page 32 undefined on 
input line 311.

<images/build.png, id=817, 523.9575pt x 454.69875pt>
File: images/build.png Graphic file (type png)
<use images/build.png>
Package pdftex.def Info: images/build.png  used on input line 318.
(pdftex.def)             Requested size: 314.37692pt x 272.82135pt.

LaTeX Warning: Citation 'Visual Studio Solution' on page 32 undefined on input 
line 323.

[32 <./images/build.png>])
Runaway argument?
{Microsoft-Homepage, \cite {Visual-Studio} \par \par \begin {figure}[\ETC.
_Diplomarbeit.tex:77: File ended while scanning use of \@footnotetext.
<inserted text> 
                \par 
l.77 \include{feinkonzept_realisierung}
                                       
I suspect you have forgotten a `}', causing me
to read past where you wanted me to stop.
I'll try to recover; but if the error is serious,
you'd better type `E' or `X' now and fix your file.

[33]
\openout2 = `zmfs_abschluss.aux'.

 (zmfs_abschluss.tex
Kapitel 5.
[34




]) [35]
\openout2 = `anhang_a.aux'.

 (anhang_a.tex
Anhang A.
<images/HauptmenuMockup.png, id=845, 372.79276pt x 794.97pt>
File: images/HauptmenuMockup.png Graphic file (type png)
<use images/HauptmenuMockup.png>
Package pdftex.def Info: images/HauptmenuMockup.png  used on input line 6.
(pdftex.def)             Requested size: 205.03664pt x 437.23485pt.

anhang_a.tex:7: Package hypcap Error: You have forgotten to use \caption.

See the hypcap package documentation for explanation.
Type  H <return>  for immediate help.
 ...                                              
                                                  
l.7 \end{figure}
                
\global 

[36




 <./images/HauptmenuMockup.png>]
<images/NachrichtenaustauschMockup.png, id=853, 308.352pt x 792.561pt>
File: images/NachrichtenaustauschMockup.png Graphic file (type png)
<use images/NachrichtenaustauschMockup.png>
Package pdftex.def Info: images/NachrichtenaustauschMockup.png  used on input l
ine 13.
(pdftex.def)             Requested size: 231.26343pt x 594.4193pt.


anhang_a.tex:14: Package hypcap Error: You have forgotten to use \caption.

See the hypcap package documentation for explanation.
Type  H <return>  for immediate help.
 ...                                              
                                                  
l.14 \end{figure}
                 
\global 

[37 <./images/NachrichtenaustauschMockup.png>]
<images/MockUpKnapsack.png, id=860, 436.029pt x 792.561pt>
File: images/MockUpKnapsack.png Graphic file (type png)
<use images/MockUpKnapsack.png>
Package pdftex.def Info: images/MockUpKnapsack.png  used on input line 20.
(pdftex.def)             Requested size: 327.02094pt x 594.4193pt.


anhang_a.tex:21: Package hypcap Error: You have forgotten to use \caption.

See the hypcap package documentation for explanation.
Type  H <return>  for immediate help.
 ...                                              
                                                  
l.21 \end{figure}
                 
\global 

[38 <./images/MockUpKnapsack.png>])
\openout2 = `anhang_b.aux'.

 (anhang_b.tex
Anhang B.
<images/Hauptmenu_Ablauf.png, id=867, 736.7525pt x 864.22874pt>
File: images/Hauptmenu_Ablauf.png Graphic file (type png)
<use images/Hauptmenu_Ablauf.png>
Package pdftex.def Info: images/Hauptmenu_Ablauf.png  used on input line 6.
(pdftex.def)             Requested size: 341.43437pt x 400.50394pt.
[39




 <./images/Hauptmenu_Ablauf.png>]
<images/Nachrichtenaustausch_Ablauf.png, id=874, 743.77875pt x 894.34125pt>
File: images/Nachrichtenaustausch_Ablauf.png Graphic file (type png)
<use images/Nachrichtenaustausch_Ablauf.png>
Package pdftex.def Info: images/Nachrichtenaustausch_Ablauf.png  used on input 
line 14.
(pdftex.def)             Requested size: 426.79135pt x 513.19144pt.
 [40 <./images/Nachrichtenaustausch_Ablauf.png>]
<images/Knapsack_Ablauf.png, id=881, 924.45375pt x 1185.42876pt>
File: images/Knapsack_Ablauf.png Graphic file (type png)
<use images/Knapsack_Ablauf.png>
Package pdftex.def Info: images/Knapsack_Ablauf.png  used on input line 22.
(pdftex.def)             Requested size: 426.79135pt x 547.27545pt.
 [41 <./images/Knapsack_Ablauf.png>])
\openout2 = `literatur.aux'.

 (literatur.tex
Anhang C.
literatur.tex:35: Misplaced alignment tab character &.
l.35     \item BitBucket.org - Code &
                                      CI/CD built for teams using Jira. {\sc...
I can't figure out why you would want to use a tab mark
here. If you just want an ampersand, the remedy is
simple: Just type `I\&' now. But if some right brace
up above has ended a previous alignment prematurely,
you're probably due for more error messages, and you
might try typing `S' now just to see what is salvageable.

[42




] [43] [44] [45] [46] [47]) [48] (_Diplomarbeit.gls)
runsystem(makeindex allgemein.idx)...executed safely (allowed).

 (allgemein.ind)
runsystem(makeindex _Diplomarbeit.idx)...executed safely (allowed).


(_Diplomarbeit.ind)
runsystem(makeindex name.idx)...executed safely (allowed).

 (name.ind)
runsystem(makeindex title.idx)...executed safely (allowed).

 (title.ind)
LaTeX Font Info:    Trying to load font information for T1+cmtt on input line 1
15.

(C:\Users\dusti\AppData\Local\Programs\MiKTeX\tex/latex/base\t1cmtt.fd
File: t1cmtt.fd 2023/04/13 v2.5m Standard LaTeX font definitions
)
[49







\indexentry{Anisetti, M.|hyperpage}{49}
\indexentry{Method, System, Network and Computer Program Product for Positionin
g in a Mobile Communications Network@\emph  {Method, System, Network and Comput
er Program Product for Positioning in a Mobile Communications Network}|hyperpag
e}{49}
\indexentry{Application Service Providers: Evolution and Resources@\emph  {Appl
ication Service Providers: Evolution and Resources}|hyperpage}{49}
\indexentry{Bacher, Florian|hyperpage}{49}
\indexentry{Interaktionsmglichkeiten mit Bildschirmen und groflchigen Pro
jektionen@\emph  {Interaktionsmglichkeiten mit Bildschirmen und groflchig
en Projektionen}|hyperpage}{49}
\indexentry{Beeler, De E.|hyperpage}{49}
\indexentry{Mayer, John P.|hyperpage}{49}
\indexentry{Measurement of the wing and tail loads during acceptance test of th
e {Bell} {XS-1} research airplane@\emph  {Measurement of the wing and tail load
s during acceptance test of the {Bell} {XS-1} research airplane}|hyperpage}{49}

\indexentry{Braams, Johannes|hyperpage}{49}
\indexentry{Babel, a multilingual package for use with {LaTeX}'s standard docum
ent classes@\emph  {Babel, a multilingual package for use with {LaTeX}'s standa
rd document classes}|hyperpage}{49}
\indexentry{Burge, Mark|hyperpage}{49}
\indexentry{Burger, Wilhelm|hyperpage}{49}
\indexentry{Jain, Anil K.|hyperpage}{49}
\indexentry{Ruud, Bolle|hyperpage}{49}
\indexentry{Sharath, Pankanti|hyperpage}{49}
\indexentry{Ear Biometrics@\emph  {Ear Biometrics}|hyperpage}{49}
\indexentry{Burger, Wilhelm|hyperpage}{49}
\indexentry{Bhanu, Bir|hyperpage}{49}
\indexentry{Qualitative Motion Understanding@\emph  {Qualitative Motion Underst
anding}|hyperpage}{49}
\indexentry{Burger, Wilhelm|hyperpage}{49}
\indexentry{Burge, Mark|hyperpage}{49}
\indexentry{Digitale Bildverarbeitung -- Eine Einfhrung mit Java und ImageJ@\
emph  {Digitale Bildverarbeitung -- Eine Einfhrung mit Java und ImageJ}|hyper
page}{49}
\indexentry{Carlisle, D. P.|hyperpage}{49}
\indexentry{Packages in the {`graphics'} bundle@\emph  {Packages in the {`graph
ics'} bundle}|hyperpage}{49}
\indexentry{Christian, Friedrich|hyperpage}{49}
\indexentry{Schriftliche Arbeiten im technisch-natur\-wissen\-schaft\-lichen St
udium: ein Leitfaden zur effektiven Erstellung und zum Einsatz moderner Arbeits
methoden@\emph  {Schriftliche Arbeiten im technisch-natur\-wissen\-schaft\-lich
en Studium: ein Leitfaden zur effektiven Erstellung und zum Einsatz moderner Ar
beitsmethoden}|hyperpage}{49}
\indexentry{Cochran, Steven Douglas|hyperpage}{49}
\indexentry{The {\tt  subfigure} Package@\emph  {The {\tt  subfigure} Package}|
hyperpage}{49}
\indexentry{Ergonomie der Mensch-System-Interaktion: Teil 110 Grundstze der D
ialoggestaltung@\emph  {Ergonomie der Mensch-System-Interaktion: Teil 110 Grund
stze der Dialoggestaltung}|hyperpage}{49}
\indexentry{Ergonomische Anforderungen fr Brottigkeiten mit Bildschirmger
ten Teil 11: Anforderungen an die Gebrauchstauglichkeit - Leitstze@\emph  {
Ergonomische Anforderungen fr Brottigkeiten mit Bildschirmgerten Teil 1
1: Anforderungen an die Gebrauchstauglichkeit - Leitstze}|hyperpage}{49}
\indexentry{Eberl, Gerhard|hyperpage}{49}
\indexentry{Automatischer Landeanflug durch Rechnersehen@\emph  {Automatischer 
Landeanflug durch Rechnersehen}|hyperpage}{49}
\indexentry{Faires, V. M.|hyperpage}{49}
\indexentry{Design of Machine Elements@\emph  {Design of Machine Elements}|hype
rpage}{49}
] [50
\indexentry{Guttman, Erik|hyperpage}{50}
\indexentry{Autoconfiguration for {IP} Networking@\emph  {Autoconfiguration for
 {IP} Networking}|hyperpage}{50}
\indexentry{Higham, Nicholas J.|hyperpage}{50}
\indexentry{Handbook of Writing for the Mathematical Sciences@\emph  {Handbook 
of Writing for the Mathematical Sciences}|hyperpage}{50}
\indexentry{Kopka, Helmut|hyperpage}{50}
\indexentry{Daly, Patric William|hyperpage}{50}
\indexentry{A Guide to LaTeX@\emph  {A Guide to LaTeX}|hyperpage}{50}
\indexentry{Kreisky, Bruno|hyperpage}{50}
\indexentry{Kaffeehausgesprch zur Lage der Nation@\emph  {Kaffeehausgesprch
 zur Lage der Nation}|hyperpage}{50}
\indexentry{Lamport, Leslie|hyperpage}{50}
\indexentry{Das {LaTeX}-Handbuch@\emph  {Das {LaTeX}-Handbuch}|hyperpage}{50}
\indexentry{Lamport, Leslie|hyperpage}{50}
\indexentry{{LaTeX}, A Document Preparation System@\emph  {{LaTeX}, A Document 
Preparation System}|hyperpage}{50}
\indexentry{Mermin, N. David|hyperpage}{50}
\indexentry{What's wrong with these equations?@\emph  {What's wrong with these 
equations?}|hyperpage}{50}
\indexentry{Nosferatu---A Symphony of Horrors@\emph  {Nosferatu---A Symphony of
 Horrors}|hyperpage}{50}
\indexentry{Oetiker, Tobias|hyperpage}{50}
\indexentry{The Not So Short Introduction to {LaTeX2e}@\emph  {The Not So Short
 Introduction to {LaTeX2e}}|hyperpage}{50}
\indexentry{Oostrum, Piet van|hyperpage}{50}
\indexentry{Page layout in {LaTeX}@\emph  {Page layout in {LaTeX}}|hyperpage}{5
0}
\indexentry{Pakin, Scott|hyperpage}{50}
\indexentry{The Comprehensive {LaTeX} Symbol List@\emph  {The Comprehensive {La
TeX} Symbol List}|hyperpage}{50}
\indexentry{Patashnik, Oren|hyperpage}{50}
\indexentry{{BiBTeXing}@\emph  {{BiBTeXing}}|hyperpage}{50}
\indexentry{Schmidt, Walter|hyperpage}{50}
\indexentry{{LaTeX2e} Kurzbeschreibung@\emph  {{LaTeX2e} Kurzbeschreibung}|hype
rpage}{50}
\indexentry{Sommerfeldt, Axel|hyperpage}{50}
\indexentry{Setzen von Abbildungs- und Tabellenbeschriftungen mit dem {\tt  cap
tion}-Paket@\emph  {Setzen von Abbildungs- und Tabellenbeschriftungen mit dem {
\tt  caption}-Paket}|hyperpage}{50}
\indexentry{Taylor, Paul|hyperpage}{50}
\indexentry{Dawson, Mark|hyperpage}{50}
\indexentry{Bibliography files in Hypatia@\emph  {Bibliography files in Hypatia
}|hyperpage}{50}
\indexentry{User's Guide for the {\tt  amsmath} Package@\emph  {User's Guide fo
r the {\tt  amsmath} Package}|hyperpage}{50}
\indexentry{Vo, Herbert|hyperpage}{50}
\indexentry{Math mode -- v.2.41@\emph  {Math mode -- v.2.41}|hyperpage}{50}
\indexentry{Wintersberger, Markus|hyperpage}{50}
\indexentry{Realisierung eines Internet-Auktionshauses basierend auf {PHP} und 
{MySQL}@\emph  {Realisierung eines Internet-Auktionshauses basierend auf {PHP} 
und {MySQL}}|hyperpage}{50}
\indexentry{Zappa, Frank|hyperpage}{50}
\indexentry{Freak Out@\emph  {Freak Out}|hyperpage}{50}
] (_Diplomarbeit.aux (vorwort.aux) (dokumentation.aux) (kurzfassung.aux)
(abstract.aux) (einleitung.aux) (grundlagen.aux) (produktspezifikationen.aux)
(feinkonzept_realisierung.aux) (zmfs_abschluss.aux) (anhang_a.aux)
(anhang_b.aux) (literatur.aux))
 ***********
LaTeX2e <2023-11-01>
L3 programming layer <2023-12-11>
 ***********


LaTeX Warning: There were undefined references.


LaTeX Warning: There were multiply-defined labels.

Package rerunfilecheck Info: File `_Diplomarbeit.out' has not changed.
(rerunfilecheck)             Checksum: 5920927E9442C694325A80FB9F7D7361;7860.

Package biblatex Warning: Please (re)run Biber on the file:
(biblatex)                _Diplomarbeit
(biblatex)                and rerun LaTeX afterwards.

Package logreq Info: Writing requests to '_Diplomarbeit.run.xml'.
\openout1 = `_Diplomarbeit.run.xml'.

 ) 
Here is how much of TeX's memory you used:
 33526 strings out of 474495
 611915 string characters out of 5743934
 2019460 words of memory out of 5000000
 54844 multiletter control sequences out of 15000+600000
 580319 words of font info for 88 fonts, out of 8000000 for 9000
 1145 hyphenation exceptions out of 8191
 112i,47n,159p,2335b,2463s stack positions out of 10000i,1000n,20000p,200000b,200000s

pdfTeX warning (dest): name{Hfootnote.160} has been referenced but does not exi
st, replaced by a fixed one

 <C:\Users\dusti\AppData\Local\MiKTeX\fonts/pk/ljfour/jknappen/ec/dpi600\ectt10
95.pk> <C:\Users\dusti\AppData\Local\MiKTeX\fonts/pk/ljfour/jknappen/ec/dpi600\
eccc1095.pk> <C:\Users\dusti\AppData\Local\MiKTeX\fonts/pk/ljfour/jknappen/ec/d
pi600\ecbx0900.pk> <C:\Users\dusti\AppData\Local\MiKTeX\fonts/pk/ljfour/jknappe
n/ec/dpi600\ecrm0900.pk> <C:\Users\dusti\AppData\Local\MiKTeX\fonts/pk/ljfour/j
knappen/ec/dpi600\ecrm0800.pk> <C:\Users\dusti\AppData\Local\MiKTeX\fonts/pk/lj
four/jknappen/ec/dpi600\tcrm1095.pk> <C:\Users\dusti\AppData\Local\MiKTeX\fonts
/pk/ljfour/jknappen/ec/dpi600\ecti1095.pk> <C:\Users\dusti\AppData\Local\MiKTeX
\fonts/pk/ljfour/jknappen/ec/dpi600\ecrm0600.pk> <C:\Users\dusti\AppData\Local\
MiKTeX\fonts/pk/ljfour/jknappen/ec/dpi600\ecbx1440.pk> <C:\Users\dusti\AppData\
Local\MiKTeX\fonts/pk/ljfour/jknappen/ec/dpi600\ecbx1095.pk> <C:\Users\dusti\Ap
pData\Local\MiKTeX\fonts/pk/ljfour/jknappen/ec/dpi600\ecss1095.pk> <C:\Users\du
sti\AppData\Local\MiKTeX\fonts/pk/ljfour/jknappen/ec/dpi600\ecrm1200.pk> <C:\Us
ers\dusti\AppData\Local\MiKTeX\fonts/pk/ljfour/jknappen/ec/dpi600\ecrm1095.pk> 
<C:\Users\dusti\AppData\Local\MiKTeX\fonts/pk/ljfour/jknappen/ec/dpi600\ecbx120
0.pk> <C:\Users\dusti\AppData\Local\MiKTeX\fonts/pk/ljfour/jknappen/ec/dpi600\e
cbx2074.pk> <C:\Users\dusti\AppData\Local\MiKTeX\fonts/pk/ljfour/jknappen/ec/dp
i600\ecbx2488.pk> <C:\Users\dusti\AppData\Local\MiKTeX\fonts/pk/ljfour/jknappen
/ec/dpi600\ecrm1000.pk> <C:\Users\dusti\AppData\Local\MiKTeX\fonts/pk/ljfour/jk
nappen/ec/dpi600\ecrm1440.pk><C:/Users/dusti/AppData/Local/Programs/MiKTeX/font
s/type1/public/amsfonts/cm/cmsy10.pfb>
Output written on C:/Users\dusti\Desktop\github\Diplomschrift\out\_Diplomarbeit
.pdf (63 pages, 2380612 bytes).
PDF statistics:
 2055 PDF objects out of 2073 (max. 8388607)
 278 named destinations out of 1000 (max. 500000)
 797 words of extra memory for PDF output out of 10000 (max. 10000000)

