This is pdfTeX, Version 3.141592653-2.6-1.40.25 (MiKTeX 23.5) (preloaded format=pdflatex 2023.9.22)  27 SEP 2023 08:28
entering extended mode
 restricted \write18 enabled.
 %&-line parsing enabled.
**C:/Users/Moritz/Documents/GitHub/Diplomschrift/kurzfassung.tex
(C:/Users/Moritz/Documents/GitHub/Diplomschrift/kurzfassung.tex
LaTeX2e <2023-06-01> patch level 1
L3 programming layer <2023-08-29>
! Undefined control sequence.
l.1 \chapter
            {Kurzfassung}
? 
! Emergency stop.
l.1 
    
End of file on the terminal!

 
Here is how much of TeX's memory you used:
 19 strings out of 475248
 548 string characters out of 5757341
 1917801 words of memory out of 5000000
 21642 multiletter control sequences out of 15000+600000
 558069 words of font info for 36 fonts, out of 8000000 for 9000
 1141 hyphenation exceptions out of 8191
 13i,0n,12p,115b,9s stack positions out of 10000i,1000n,20000p,200000b,200000s
!  ==> Fatal error occurred, no output PDF file produced!
