This is pdfTeX, Version 3.141592653-2.6-1.40.25 (TeX Live 2023) (preloaded format=pdflatex 2023.9.22)  29 SEP 2023 09:04
entering extended mode
 restricted \write18 enabled.
 file:line:error style messages enabled.
 %&-line parsing enabled.
**_Diplomarbeit.tex
(./_Diplomarbeit.tex
LaTeX2e <2023-06-01> patch level 1
L3 programming layer <2023-08-29>
(./htldipl.cls
Document Class: htldipl 2018/07/01 LaTeX-Vorlage fuer Diplomarbeiten der HTL Wi
ener Neustadt
(c:/texlive/2023/texmf-dist/tex/latex/base/ifthen.sty
Package: ifthen 2022/04/13 v1.1d Standard LaTeX ifthen package (DPC)
)
(c:/texlive/2023/texmf-dist/tex/latex/pdfpages/pdfpages.sty
Package: pdfpages 2022/12/19 v0.5x Insert pages of external PDF documents (AM)

(c:/texlive/2023/texmf-dist/tex/latex/tools/calc.sty
Package: calc 2017/05/25 v4.3 Infix arithmetic (KKT,FJ)
\calc@Acount=\count185
\calc@Bcount=\count186
\calc@Adimen=\dimen140
\calc@Bdimen=\dimen141
\calc@Askip=\skip48
\calc@Bskip=\skip49
LaTeX Info: Redefining \setlength on input line 80.
LaTeX Info: Redefining \addtolength on input line 81.
\calc@Ccount=\count187
\calc@Cskip=\skip50
)
(c:/texlive/2023/texmf-dist/tex/latex/eso-pic/eso-pic.sty
Package: eso-pic 2023/05/03 v3.0c eso-pic (RN)
\ESO@tempdima=\dimen142
\ESO@tempdimb=\dimen143

(c:/texlive/2023/texmf-dist/tex/latex/graphics/keyval.sty
Package: keyval 2022/05/29 v1.15 key=value parser (DPC)
\KV@toks@=\toks17
)
(c:/texlive/2023/texmf-dist/tex/latex/xcolor/xcolor.sty
Package: xcolor 2022/06/12 v2.14 LaTeX color extensions (UK)

(c:/texlive/2023/texmf-dist/tex/latex/graphics-cfg/color.cfg
File: color.cfg 2016/01/02 v1.6 sample color configuration
)
Package xcolor Info: Driver file: pdftex.def on input line 227.

(c:/texlive/2023/texmf-dist/tex/latex/graphics-def/pdftex.def
File: pdftex.def 2022/09/22 v1.2b Graphics/color driver for pdftex
)
(c:/texlive/2023/texmf-dist/tex/latex/graphics/mathcolor.ltx)
Package xcolor Info: Model `cmy' substituted by `cmy0' on input line 1353.
Package xcolor Info: Model `hsb' substituted by `rgb' on input line 1357.
Package xcolor Info: Model `RGB' extended on input line 1369.
Package xcolor Info: Model `HTML' substituted by `rgb' on input line 1371.
Package xcolor Info: Model `Hsb' substituted by `hsb' on input line 1372.
Package xcolor Info: Model `tHsb' substituted by `hsb' on input line 1373.
Package xcolor Info: Model `HSB' substituted by `hsb' on input line 1374.
Package xcolor Info: Model `Gray' substituted by `gray' on input line 1375.
Package xcolor Info: Model `wave' substituted by `hsb' on input line 1376.
))
(c:/texlive/2023/texmf-dist/tex/latex/graphics/graphicx.sty
Package: graphicx 2021/09/16 v1.2d Enhanced LaTeX Graphics (DPC,SPQR)

(c:/texlive/2023/texmf-dist/tex/latex/graphics/graphics.sty
Package: graphics 2022/03/10 v1.4e Standard LaTeX Graphics (DPC,SPQR)

(c:/texlive/2023/texmf-dist/tex/latex/graphics/trig.sty
Package: trig 2021/08/11 v1.11 sin cos tan (DPC)
)
(c:/texlive/2023/texmf-dist/tex/latex/graphics-cfg/graphics.cfg
File: graphics.cfg 2016/06/04 v1.11 sample graphics configuration
)
Package graphics Info: Driver file: pdftex.def on input line 107.
)
\Gin@req@height=\dimen144
\Gin@req@width=\dimen145
)
\AM@pagewidth=\dimen146
\AM@pageheight=\dimen147
\AM@fboxrule=\dimen148

(c:/texlive/2023/texmf-dist/tex/latex/pdfpages/pppdftex.def
File: pppdftex.def 2022/12/19 v0.5x Pdfpages driver for pdfTeX (AM)
)
\pdfpages@includegraphics@status=\count188
\AM@pagebox=\box51
\AM@global@opts=\toks18
\AM@pagecnt=\count189
\AM@toc@title=\toks19
\AM@lof@heading=\toks20
\c@AM@survey=\count190
\AM@templatesizebox=\box52
)
(c:/texlive/2023/texmf-dist/tex/latex/base/book.cls
Document Class: book 2023/05/17 v1.4n Standard LaTeX document class
(c:/texlive/2023/texmf-dist/tex/latex/base/bk11.clo
File: bk11.clo 2023/05/17 v1.4n Standard LaTeX file (size option)
)
\c@part=\count191
\c@chapter=\count192
\c@section=\count193
\c@subsection=\count194
\c@subsubsection=\count195
\c@paragraph=\count196
\c@subparagraph=\count197
\c@figure=\count198
\c@table=\count199
\abovecaptionskip=\skip51
\belowcaptionskip=\skip52
\bibindent=\dimen149
) (./htl.sty
Package: htl 2018/07/01

(c:/texlive/2023/texmf-dist/tex/latex/base/inputenc.sty
Package: inputenc 2021/02/14 v1.3d Input encoding file
\inpenc@prehook=\toks21
\inpenc@posthook=\toks22
)
(c:/texlive/2023/texmf-dist/tex/latex/base/fontenc.sty
Package: fontenc 2021/04/29 v2.0v Standard LaTeX package
)
(c:/texlive/2023/texmf-dist/tex/generic/babel/babel.sty
Package: babel 2023/09/12 v3.94 The Babel package
\babel@savecnt=\count266
\U@D=\dimen150
\l@unhyphenated=\language89

(c:/texlive/2023/texmf-dist/tex/generic/babel/txtbabel.def)
\bbl@readstream=\read2
\bbl@dirlevel=\count267

(c:/texlive/2023/texmf-dist/tex/generic/babel-german/german.ldf
Language: german 2021/02/27 v2.13 German support for babel (pre-1996 orthograph
y)

(c:/texlive/2023/texmf-dist/tex/generic/babel-german/germanb.ldf
Language: germanb 2021/02/27 v2.13 German support for babel (pre-1996 orthograp
hy)
Package babel Info: Making " an active character on input line 139.
))
(c:/texlive/2023/texmf-dist/tex/generic/babel-english/english.ldf
Language: english 2017/06/06 v3.3r English support from the babel system
Package babel Info: Hyphen rules for 'canadian' set to \l@english
(babel)             (\language0). Reported on input line 102.
Package babel Info: Hyphen rules for 'australian' set to \l@ukenglish
(babel)             (\language23). Reported on input line 105.
Package babel Info: Hyphen rules for 'newzealand' set to \l@ukenglish
(babel)             (\language23). Reported on input line 108.
)
(c:/texlive/2023/texmf-dist/tex/generic/babel-german/ngerman.ldf
Language: ngerman 2021/02/27 v2.13 German support for babel (post-1996 orthogra
phy)

(c:/texlive/2023/texmf-dist/tex/generic/babel-german/ngermanb.ldf
Language: ngermanb 2021/02/27 v2.13 German support for babel (post-1996 orthogr
aphy)
)))
(c:/texlive/2023/texmf-dist/tex/generic/babel/locale/de/babel-ngerman.tex
Package babel Info: Importing font and identification data for ngerman
(babel)             from babel-de.ini. Reported on input line 11.
)
(c:/texlive/2023/texmf-dist/tex/generic/babel/locale/en/babel-english.tex
Package babel Info: Importing font and identification data for english
(babel)             from babel-en.ini. Reported on input line 11.
)
(c:/texlive/2023/texmf-dist/tex/generic/babel/locale/de/babel-german.tex
Package babel Info: Importing font and identification data for german
(babel)             from babel-de.ini. Reported on input line 25.
)
(c:/texlive/2023/texmf-dist/tex/latex/eurosym/eurosym.sty
Package: eurosym 1998/08/06 v1.1 European currency symbol ``Euro''
\@eurobox=\box53
)
(c:/texlive/2023/texmf-dist/tex/latex/csquotes/csquotes.sty
Package: csquotes 2022-09-14 v5.2n context-sensitive quotations (JAW)

(c:/texlive/2023/texmf-dist/tex/latex/etoolbox/etoolbox.sty
Package: etoolbox 2020/10/05 v2.5k e-TeX tools for LaTeX (JAW)
\etb@tempcnta=\count268
)
\csq@reset=\count269
\csq@gtype=\count270
\csq@glevel=\count271
\csq@qlevel=\count272
\csq@maxlvl=\count273
\csq@tshold=\count274
\csq@ltx@everypar=\toks23

(c:/texlive/2023/texmf-dist/tex/latex/csquotes/csquotes.def
File: csquotes.def 2022-09-14 v5.2n csquotes generic definitions (JAW)
)
Package csquotes Info: Trying to load configuration file 'csquotes.cfg'...
Package csquotes Info: ... configuration file loaded successfully.

(c:/texlive/2023/texmf-dist/tex/latex/csquotes/csquotes.cfg
File: csquotes.cfg 
))
(c:/texlive/2023/texmf-dist/tex/latex/biblatex/biblatex.sty
Package: biblatex 2023/03/05 v3.19 programmable bibliographies (PK/MW)

(c:/texlive/2023/texmf-dist/tex/generic/pdftexcmds/pdftexcmds.sty
Package: pdftexcmds 2020-06-27 v0.33 Utility functions of pdfTeX for LuaTeX (HO
)

(c:/texlive/2023/texmf-dist/tex/generic/infwarerr/infwarerr.sty
Package: infwarerr 2019/12/03 v1.5 Providing info/warning/error messages (HO)
)
(c:/texlive/2023/texmf-dist/tex/generic/iftex/iftex.sty
Package: iftex 2022/02/03 v1.0f TeX engine tests
)
(c:/texlive/2023/texmf-dist/tex/generic/ltxcmds/ltxcmds.sty
Package: ltxcmds 2020-05-10 v1.25 LaTeX kernel commands for general use (HO)
)
Package pdftexcmds Info: \pdf@primitive is available.
Package pdftexcmds Info: \pdf@ifprimitive is available.
Package pdftexcmds Info: \pdfdraftmode found.
)
(c:/texlive/2023/texmf-dist/tex/latex/kvoptions/kvoptions.sty
Package: kvoptions 2022-06-15 v3.15 Key value format for package options (HO)

(c:/texlive/2023/texmf-dist/tex/latex/kvsetkeys/kvsetkeys.sty
Package: kvsetkeys 2022-10-05 v1.19 Key value parser (HO)
))
(c:/texlive/2023/texmf-dist/tex/latex/logreq/logreq.sty
Package: logreq 2010/08/04 v1.0 xml request logger
\lrq@indent=\count275

(c:/texlive/2023/texmf-dist/tex/latex/logreq/logreq.def
File: logreq.def 2010/08/04 v1.0 logreq spec v1.0
))
(c:/texlive/2023/texmf-dist/tex/latex/url/url.sty
\Urlmuskip=\muskip16
Package: url 2013/09/16  ver 3.4  Verb mode for urls, etc.
)
\c@tabx@nest=\count276
\c@listtotal=\count277
\c@listcount=\count278
\c@liststart=\count279
\c@liststop=\count280
\c@citecount=\count281
\c@citetotal=\count282
\c@multicitecount=\count283
\c@multicitetotal=\count284
\c@instcount=\count285
\c@maxnames=\count286
\c@minnames=\count287
\c@maxitems=\count288
\c@minitems=\count289
\c@citecounter=\count290
\c@maxcitecounter=\count291
\c@savedcitecounter=\count292
\c@uniquelist=\count293
\c@uniquename=\count294
\c@refsection=\count295
\c@refsegment=\count296
\c@maxextratitle=\count297
\c@maxextratitleyear=\count298
\c@maxextraname=\count299
\c@maxextradate=\count300
\c@maxextraalpha=\count301
\c@abbrvpenalty=\count302
\c@highnamepenalty=\count303
\c@lownamepenalty=\count304
\c@maxparens=\count305
\c@parenlevel=\count306
\blx@tempcnta=\count307
\blx@tempcntb=\count308
\blx@tempcntc=\count309
\c@blx@maxsection=\count310
\blx@maxsegment@0=\count311
\blx@notetype=\count312
\blx@parenlevel@text=\count313
\blx@parenlevel@foot=\count314
\blx@sectionciteorder@0=\count315
\blx@sectionciteorderinternal@0=\count316
\blx@entrysetcounter=\count317
\blx@biblioinstance=\count318
\labelnumberwidth=\skip53
\labelalphawidth=\skip54
\biblabelsep=\skip55
\bibitemsep=\skip56
\bibnamesep=\skip57
\bibinitsep=\skip58
\bibparsep=\skip59
\bibhang=\skip60
\blx@bcfin=\read3
\blx@bcfout=\write3
\blx@langwohyphens=\language90
\c@mincomprange=\count319
\c@maxcomprange=\count320
\c@mincompwidth=\count321
Package biblatex Info: Trying to load biblatex default data model...
Package biblatex Info: ... file 'blx-dm.def' found.

(c:/texlive/2023/texmf-dist/tex/latex/biblatex/blx-dm.def
File: blx-dm.def 2023/03/05 v3.19 biblatex localization (PK/MW)
)
Package biblatex Info: Trying to load biblatex style data model...
Package biblatex Info: ... file 'verbose-inote.dbx' not found.
Package biblatex Info: Trying to load biblatex custom data model...
Package biblatex Info: ... file 'biblatex-dm.cfg' not found.
\c@afterword=\count322
\c@savedafterword=\count323
\c@annotator=\count324
\c@savedannotator=\count325
\c@author=\count326
\c@savedauthor=\count327
\c@bookauthor=\count328
\c@savedbookauthor=\count329
\c@commentator=\count330
\c@savedcommentator=\count331
\c@editor=\count332
\c@savededitor=\count333
\c@editora=\count334
\c@savededitora=\count335
\c@editorb=\count336
\c@savededitorb=\count337
\c@editorc=\count338
\c@savededitorc=\count339
\c@foreword=\count340
\c@savedforeword=\count341
\c@holder=\count342
\c@savedholder=\count343
\c@introduction=\count344
\c@savedintroduction=\count345
\c@namea=\count346
\c@savednamea=\count347
\c@nameb=\count348
\c@savednameb=\count349
\c@namec=\count350
\c@savednamec=\count351
\c@translator=\count352
\c@savedtranslator=\count353
\c@shortauthor=\count354
\c@savedshortauthor=\count355
\c@shorteditor=\count356
\c@savedshorteditor=\count357
\c@labelname=\count358
\c@savedlabelname=\count359
\c@institution=\count360
\c@savedinstitution=\count361
\c@lista=\count362
\c@savedlista=\count363
\c@listb=\count364
\c@savedlistb=\count365
\c@listc=\count366
\c@savedlistc=\count367
\c@listd=\count368
\c@savedlistd=\count369
\c@liste=\count370
\c@savedliste=\count371
\c@listf=\count372
\c@savedlistf=\count373
\c@location=\count374
\c@savedlocation=\count375
\c@organization=\count376
\c@savedorganization=\count377
\c@origlocation=\count378
\c@savedoriglocation=\count379
\c@origpublisher=\count380
\c@savedorigpublisher=\count381
\c@publisher=\count382
\c@savedpublisher=\count383
\c@language=\count384
\c@savedlanguage=\count385
\c@origlanguage=\count386
\c@savedoriglanguage=\count387
\c@pageref=\count388
\c@savedpageref=\count389
\shorthandwidth=\skip61
\shortjournalwidth=\skip62
\shortserieswidth=\skip63
\shorttitlewidth=\skip64
\shortauthorwidth=\skip65
\shorteditorwidth=\skip66
\locallabelnumberwidth=\skip67
\locallabelalphawidth=\skip68
\localshorthandwidth=\skip69
\localshortjournalwidth=\skip70
\localshortserieswidth=\skip71
\localshorttitlewidth=\skip72
\localshortauthorwidth=\skip73
\localshorteditorwidth=\skip74
Package biblatex Info: Trying to load compatibility code...
Package biblatex Info: ... file 'blx-compat.def' found.

(c:/texlive/2023/texmf-dist/tex/latex/biblatex/blx-compat.def
File: blx-compat.def 2023/03/05 v3.19 biblatex compatibility (PK/MW)
)
Package biblatex Info: Trying to load generic definitions...
Package biblatex Info: ... file 'biblatex.def' found.

(c:/texlive/2023/texmf-dist/tex/latex/biblatex/biblatex.def
File: biblatex.def 2023/03/05 v3.19 biblatex compatibility (PK/MW)
\c@textcitecount=\count390
\c@textcitetotal=\count391
\c@textcitemaxnames=\count392
\c@biburlbigbreakpenalty=\count393
\c@biburlbreakpenalty=\count394
\c@biburlnumpenalty=\count395
\c@biburlucpenalty=\count396
\c@biburllcpenalty=\count397
\biburlbigskip=\muskip17
\biburlnumskip=\muskip18
\biburlucskip=\muskip19
\biburllcskip=\muskip20
\c@smartand=\count398
)
Package biblatex Info: Trying to load bibliography style 'verbose-inote'...
Package biblatex Info: ... file 'verbose-inote.bbx' found.

(c:/texlive/2023/texmf-dist/tex/latex/biblatex/bbx/verbose-inote.bbx
File: verbose-inote.bbx 2023/03/05 v3.19 biblatex bibliography style (PK/MW)
Package biblatex Info: Trying to load bibliography style 'authortitle'...
Package biblatex Info: ... file 'authortitle.bbx' found.

(c:/texlive/2023/texmf-dist/tex/latex/biblatex/bbx/authortitle.bbx
File: authortitle.bbx 2023/03/05 v3.19 biblatex bibliography style (PK/MW)
Package biblatex Info: Trying to load bibliography style 'standard'...
Package biblatex Info: ... file 'standard.bbx' found.

(c:/texlive/2023/texmf-dist/tex/latex/biblatex/bbx/standard.bbx
File: standard.bbx 2023/03/05 v3.19 biblatex bibliography style (PK/MW)
\c@bbx:relatedcount=\count399
\c@bbx:relatedtotal=\count400
)))
Package biblatex Info: Trying to load citation style 'authortitle'...
Package biblatex Info: ... file 'authortitle.cbx' found.

(c:/texlive/2023/texmf-dist/tex/latex/biblatex/cbx/authortitle.cbx
File: authortitle.cbx 2023/03/05 v3.19 biblatex citation style (PK/MW)
Package biblatex Info: Redefining '\cite'.
Package biblatex Info: Redefining '\parencite'.
Package biblatex Info: Redefining '\footcite'.
Package biblatex Info: Redefining '\footcitetext'.
Package biblatex Info: Redefining '\smartcite'.
Package biblatex Info: Redefining '\textcite'.
Package biblatex Info: Redefining '\textcites'.
)
Package biblatex Info: Trying to load configuration file...
Package biblatex Info: ... file 'biblatex.cfg' found.

(c:/texlive/2023/texmf-dist/tex/latex/biblatex/biblatex.cfg
File: biblatex.cfg 
)
Package biblatex Info: Input encoding 'utf8' detected.
Package biblatex Info: Document encoding is UTF8 ....

(c:/texlive/2023/texmf-dist/tex/latex/l3kernel/expl3.sty
Package: expl3 2023-08-29 L3 programming layer (loader) 

(c:/texlive/2023/texmf-dist/tex/latex/l3backend/l3backend-pdftex.def
File: l3backend-pdftex.def 2023-04-19 L3 backend support: PDF output (pdfTeX)
\l__color_backend_stack_int=\count401
\l__pdf_internal_box=\box54
))
Package biblatex Info: ... and expl3
(biblatex)             2023-08-29 L3 programming layer (loader) 
(biblatex)             is new enough (at least 2020/04/06),
(biblatex)             setting 'casechanger=expl3'.

(c:/texlive/2023/texmf-dist/tex/latex/biblatex/blx-case-expl3.sty
(c:/texlive/2023/texmf-dist/tex/latex/l3packages/xparse/xparse.sty
Package: xparse 2023-08-29 L3 Experimental document command parser
)
Package: blx-case-expl3 2023/03/05 v3.19 expl3 case changing code for biblatex
))
(c:/texlive/2023/texmf-dist/tex/latex/imakeidx/imakeidx.sty
Package: imakeidx 2016/10/15 v1.3e Package for typesetting indices in a synchro
nous mode

(c:/texlive/2023/texmf-dist/tex/latex/xkeyval/xkeyval.sty
Package: xkeyval 2022/06/16 v2.9 package option processing (HA)

(c:/texlive/2023/texmf-dist/tex/generic/xkeyval/xkeyval.tex
(c:/texlive/2023/texmf-dist/tex/generic/xkeyval/xkvutils.tex
\XKV@toks=\toks24
\XKV@tempa@toks=\toks25
)
\XKV@depth=\count402
File: xkeyval.tex 2014/12/03 v2.7a key=value parser (HA)
))
(c:/texlive/2023/texmf-dist/tex/generic/iftex/ifxetex.sty
Package: ifxetex 2019/10/25 v0.7 ifxetex legacy package. Use iftex instead.
)
(c:/texlive/2023/texmf-dist/tex/generic/iftex/ifluatex.sty
Package: ifluatex 2019/10/25 v1.5 ifluatex legacy package. Use iftex instead.
)
(c:/texlive/2023/texmf-dist/tex/latex/tools/multicol.sty
Package: multicol 2023/03/30 v1.9f multicolumn formatting (FMi)
\c@tracingmulticols=\count403
\mult@box=\box55
\multicol@leftmargin=\dimen151
\c@unbalance=\count404
\c@collectmore=\count405
\doublecol@number=\count406
\multicoltolerance=\count407
\multicolpretolerance=\count408
\full@width=\dimen152
\page@free=\dimen153
\premulticols=\dimen154
\postmulticols=\dimen155
\multicolsep=\skip75
\multicolbaselineskip=\skip76
\partial@page=\box56
\last@line=\box57
\mc@boxedresult=\box58
\maxbalancingoverflow=\dimen156
\mult@rightbox=\box59
\mult@grightbox=\box60
\mult@firstbox=\box61
\mult@gfirstbox=\box62
\@tempa=\box63
\@tempa=\box64
\@tempa=\box65
\@tempa=\box66
\@tempa=\box67
\@tempa=\box68
\@tempa=\box69
\@tempa=\box70
\@tempa=\box71
\@tempa=\box72
\@tempa=\box73
\@tempa=\box74
\@tempa=\box75
\@tempa=\box76
\@tempa=\box77
\@tempa=\box78
\@tempa=\box79
\@tempa=\box80
\@tempa=\box81
\@tempa=\box82
\@tempa=\box83
\@tempa=\box84
\@tempa=\box85
\@tempa=\box86
\@tempa=\box87
\@tempa=\box88
\@tempa=\box89
\@tempa=\box90
\@tempa=\box91
\@tempa=\box92
\@tempa=\box93
\@tempa=\box94
\@tempa=\box95
\@tempa=\box96
\@tempa=\box97
\@tempa=\box98
\c@minrows=\count409
\c@columnbadness=\count410
\c@finalcolumnbadness=\count411
\last@try=\dimen157
\multicolovershoot=\dimen158
\multicolundershoot=\dimen159
\mult@nat@firstbox=\box99
\colbreak@box=\box100
\mc@col@check@num=\count412
))
(c:/texlive/2023/texmf-dist/tex/latex/caption/subcaption.sty
Package: subcaption 2023/07/28 v1.6b Sub-captions (AR)

(c:/texlive/2023/texmf-dist/tex/latex/caption/caption.sty
Package: caption 2023/07/31 v3.6n Customizing captions (AR)

(c:/texlive/2023/texmf-dist/tex/latex/caption/caption3.sty
Package: caption3 2023/07/31 v2.4d caption3 kernel (AR)
\caption@tempdima=\dimen160
\captionmargin=\dimen161
\caption@leftmargin=\dimen162
\caption@rightmargin=\dimen163
\caption@width=\dimen164
\caption@indent=\dimen165
\caption@parindent=\dimen166
\caption@hangindent=\dimen167
Package caption Info: Standard document class detected.
)
\c@caption@flags=\count413
\c@continuedfloat=\count414
)
Package caption Info: New subtype `subfigure' on input line 238.
\c@subfigure=\count415
Package caption Info: New subtype `subtable' on input line 238.
\c@subtable=\count416
)
(c:/texlive/2023/texmf-dist/tex/latex/tools/verbatim.sty
Package: verbatim 2022-07-02 v1.5u LaTeX2e package for verbatim enhancements
\every@verbatim=\toks26
\verbatim@line=\toks27
\verbatim@in@stream=\read4
)
(c:/texlive/2023/texmf-dist/tex/latex/moreverb/moreverb.sty
Package: moreverb 2008/06/03 v2.3a `more' verbatim facilities
\tab@position=\count417
\tab@size=\count418
\listing@line=\count419
)
(c:/texlive/2023/texmf-dist/tex/latex/float/float.sty
Package: float 2001/11/08 v1.3d Float enhancements (AL)
\c@float@type=\count420
\float@exts=\toks28
\float@box=\box101
\@float@everytoks=\toks29
\@floatcapt=\box102
)
(c:/texlive/2023/texmf-dist/tex/latex/base/exscale.sty
Package: exscale 2018/09/24 v2.1i Standard LaTeX package exscale
LaTeX Font Info:    Redeclaring symbol font `largesymbols' on input line 57.
LaTeX Font Info:    Overwriting symbol font `largesymbols' in version `normal'
(Font)                  OMX/cmex/m/n --> OMX/cmex/m/n on input line 57.
LaTeX Font Info:    Overwriting symbol font `largesymbols' in version `bold'
(Font)                  OMX/cmex/m/n --> OMX/cmex/m/n on input line 57.
\big@size=\dimen168
)
(c:/texlive/2023/texmf-dist/tex/latex/upquote/upquote.sty
Package: upquote 2012/04/19 v1.3 upright-quote and grave-accent glyphs in verba
tim

(c:/texlive/2023/texmf-dist/tex/latex/base/textcomp.sty
Package: textcomp 2020/02/02 v2.0n Standard LaTeX package
))
(c:/texlive/2023/texmf-dist/tex/latex/psfrag/psfrag.sty
Package: psfrag 1998/04/11 v3.04 PSfrag (MCG)
\pfg@pcount=\count421
\pfg@scount=\count422
\pfg@temp=\write4
)
(c:/texlive/2023/texmf-dist/tex/latex/amsmath/amsmath.sty
Package: amsmath 2023/05/13 v2.17o AMS math features
\@mathmargin=\skip77

For additional information on amsmath, use the `?' option.
(c:/texlive/2023/texmf-dist/tex/latex/amsmath/amstext.sty
Package: amstext 2021/08/26 v2.01 AMS text

(c:/texlive/2023/texmf-dist/tex/latex/amsmath/amsgen.sty
File: amsgen.sty 1999/11/30 v2.0 generic functions
\@emptytoks=\toks30
\ex@=\dimen169
))
(c:/texlive/2023/texmf-dist/tex/latex/amsmath/amsbsy.sty
Package: amsbsy 1999/11/29 v1.2d Bold Symbols
\pmbraise@=\dimen170
)
(c:/texlive/2023/texmf-dist/tex/latex/amsmath/amsopn.sty
Package: amsopn 2022/04/08 v2.04 operator names
)
\inf@bad=\count423
LaTeX Info: Redefining \frac on input line 234.
\uproot@=\count424
\leftroot@=\count425
LaTeX Info: Redefining \overline on input line 399.
LaTeX Info: Redefining \colon on input line 410.
\classnum@=\count426
\DOTSCASE@=\count427
LaTeX Info: Redefining \ldots on input line 496.
LaTeX Info: Redefining \dots on input line 499.
LaTeX Info: Redefining \cdots on input line 620.
\Mathstrutbox@=\box103
\strutbox@=\box104
LaTeX Info: Redefining \big on input line 722.
LaTeX Info: Redefining \Big on input line 723.
LaTeX Info: Redefining \bigg on input line 724.
LaTeX Info: Redefining \Bigg on input line 725.
\big@size=\dimen171
LaTeX Font Info:    Redeclaring font encoding OML on input line 743.
LaTeX Font Info:    Redeclaring font encoding OMS on input line 744.
\macc@depth=\count428
LaTeX Info: Redefining \bmod on input line 905.
LaTeX Info: Redefining \pmod on input line 910.
LaTeX Info: Redefining \smash on input line 940.
LaTeX Info: Redefining \relbar on input line 970.
LaTeX Info: Redefining \Relbar on input line 971.
\c@MaxMatrixCols=\count429
\dotsspace@=\muskip21
\c@parentequation=\count430
\dspbrk@lvl=\count431
\tag@help=\toks31
\row@=\count432
\column@=\count433
\maxfields@=\count434
\andhelp@=\toks32
\eqnshift@=\dimen172
\alignsep@=\dimen173
\tagshift@=\dimen174
\tagwidth@=\dimen175
\totwidth@=\dimen176
\lineht@=\dimen177
\@envbody=\toks33
\multlinegap=\skip78
\multlinetaggap=\skip79
\mathdisplay@stack=\toks34
LaTeX Info: Redefining \[ on input line 2953.
LaTeX Info: Redefining \] on input line 2954.
)
(c:/texlive/2023/texmf-dist/tex/latex/amsfonts/amsfonts.sty
Package: amsfonts 2013/01/14 v3.01 Basic AMSFonts support
\symAMSa=\mathgroup4
\symAMSb=\mathgroup5
LaTeX Font Info:    Redeclaring math symbol \hbar on input line 98.
LaTeX Font Info:    Overwriting math alphabet `\mathfrak' in version `bold'
(Font)                  U/euf/m/n --> U/euf/b/n on input line 106.
)
(c:/texlive/2023/texmf-dist/tex/latex/tools/xspace.sty
Package: xspace 2014/10/28 v1.13 Space after command names (DPC,MH)
)
(c:/texlive/2023/texmf-dist/tex/latex/algorithms/algorithm.sty
Package: algorithm 2009/08/24 v0.1 Document Style `algorithm' - floating enviro
nment
\@float@every@algorithm=\toks35
\c@algorithm=\count435
)
(c:/texlive/2023/texmf-dist/tex/latex/algorithmicx/algorithmicx.sty
Package: algorithmicx 2005/04/27 v1.2 Algorithmicx

Document Style algorithmicx 1.2 - a greatly improved `algorithmic' style
\c@ALG@line=\count436
\c@ALG@rem=\count437
\c@ALG@nested=\count438
\ALG@tlm=\skip80
\ALG@thistlm=\skip81
\c@ALG@Lnr=\count439
\c@ALG@blocknr=\count440
\c@ALG@storecount=\count441
\c@ALG@tmpcounter=\count442
\ALG@tmplength=\skip82
) (c:/texlive/2023/texmf-dist/tex/latex/algorithmicx/algpseudocode.sty
Package: algpseudocode 

Document Style - pseudocode environments for use with the `algorithmicx' style
)
\@float@every@program=\toks36
\c@program=\count443
Package caption Info: New subtype `subprogram' on input line 300.
\c@subprogram=\count444
 (c:/texlive/2023/texmf-dist/tex/latex/listingsutf8/listingsutf8.sty
Package: listingsutf8 2019-12-10 v1.5 Allow UTF-8 in listings input (HO)

(c:/texlive/2023/texmf-dist/tex/latex/listings/listings.sty
\lst@mode=\count445
\lst@gtempboxa=\box105
\lst@token=\toks37
\lst@length=\count446
\lst@currlwidth=\dimen178
\lst@column=\count447
\lst@pos=\count448
\lst@lostspace=\dimen179
\lst@width=\dimen180
\lst@newlines=\count449
\lst@lineno=\count450
\lst@maxwidth=\dimen181

(c:/texlive/2023/texmf-dist/tex/latex/listings/lstmisc.sty
File: lstmisc.sty 2023/02/27 1.9 (Carsten Heinz)
\c@lstnumber=\count451
\lst@skipnumbers=\count452
\lst@framebox=\box106
)
(c:/texlive/2023/texmf-dist/tex/latex/listings/listings.cfg
File: listings.cfg 2023/02/27 1.9 listings configuration
))
Package: listings 2023/02/27 1.9 (Carsten Heinz)

(c:/texlive/2023/texmf-dist/tex/generic/stringenc/stringenc.sty
Package: stringenc 2019/11/29 v1.12 Convert strings between diff. encodings (HO
)

(c:/texlive/2023/texmf-dist/tex/generic/pdfescape/pdfescape.sty
Package: pdfescape 2019/12/09 v1.15 Implements pdfTeX's escape features (HO)
)))
(c:/texlive/2023/texmf-dist/tex/latex/datetime/datetime.sty
Package: datetime 2015/03/20 v2.60 Date Time Package

(c:/texlive/2023/texmf-dist/tex/latex/fmtcount/fmtcount.sty
Package: fmtcount 2020/01/30 v3.07

(c:/texlive/2023/texmf-dist/tex/latex/fmtcount/fcprefix.sty
Package: fcprefix 2012/09/28

(c:/texlive/2023/texmf-dist/tex/latex/fmtcount/fcnumparser.sty
Package: fcnumparser 2017/06/15
\fc@digit@counter=\count453
))
\c@padzeroesN=\count454
\fc@tmpcatcode=\count455

(c:/texlive/2023/texmf-dist/tex/latex/fmtcount/fc-english.def
File: fc-english.def 2016/01/12
)
(c:/texlive/2023/texmf-dist/tex/latex/fmtcount/fc-german.def
File: fc-german.def 2018/06/17

(c:/texlive/2023/texmf-dist/tex/latex/fmtcount/fc-germanb.def
File: fc-germanb.def 2013/08/17
))
(c:/texlive/2023/texmf-dist/tex/latex/fmtcount/fc-ngerman.def
File: fc-ngerman.def 2012/06/18

(c:/texlive/2023/texmf-dist/tex/latex/fmtcount/fc-ngermanb.def
File: fc-ngermanb.def 2013/08/17
))
\@DT@modctr=\count456
\@ordinalctr=\count457
\@orgargctr=\count458
\@strctr=\count459
\@tmpstrctr=\count460
\@DT@loopN=\count461
\@DT@X=\count462
)
(c:/texlive/2023/texmf-dist/tex/latex/datetime/datetime-defaults.sty
Package: datetime-defaults 2013/09/10
)
\@day=\count463
\@month=\count464
\@year=\count465
\c@HOUR=\count466
\c@HOURXII=\count467
\c@MINUTE=\count468
\c@TOHOUR=\count469
\c@TOMINUTE=\count470
\c@SECOND=\count471
\currenthour=\count472
\currentminute=\count473
\currentsecond=\count474
Package datetime Info: No datetime.cfg file found, using default settings on in
put line 308.

(c:/texlive/2023/texmf-dist/tex/latex/datetime/dt-german.def
File: dt-german.def 2010/09/10
LaTeX Info: Redefining \dategerman on input line 86.
)
\@dtctr=\count475
\dayofyear=\count476
\dayofweek=\count477
LaTeX Info: Redefining \today on input line 736.

(c:/texlive/2023/texmf-dist/tex/latex/datetime/dt-ngerman.def
File: dt-ngerman.def 2013/09/10
LaTeX Info: Redefining \datengerman on input line 86.
)
\dt@a=\toks38
\dt@b=\toks39
)
(c:/texlive/2023/texmf-dist/tex/latex/hyperref/hyperref.sty
Package: hyperref 2023-07-08 v7.01b Hypertext links for LaTeX

(c:/texlive/2023/texmf-dist/tex/generic/kvdefinekeys/kvdefinekeys.sty
Package: kvdefinekeys 2019-12-19 v1.6 Define keys (HO)
)
(c:/texlive/2023/texmf-dist/tex/latex/hycolor/hycolor.sty
Package: hycolor 2020-01-27 v1.10 Color options for hyperref/bookmark (HO)
)
(c:/texlive/2023/texmf-dist/tex/latex/letltxmacro/letltxmacro.sty
Package: letltxmacro 2019/12/03 v1.6 Let assignment for LaTeX macros (HO)
)
(c:/texlive/2023/texmf-dist/tex/latex/auxhook/auxhook.sty
Package: auxhook 2019-12-17 v1.6 Hooks for auxiliary files (HO)
)
(c:/texlive/2023/texmf-dist/tex/latex/hyperref/nameref.sty
Package: nameref 2023-08-07 v2.53 Cross-referencing by name of section

(c:/texlive/2023/texmf-dist/tex/latex/refcount/refcount.sty
Package: refcount 2019/12/15 v3.6 Data extraction from label references (HO)
)
(c:/texlive/2023/texmf-dist/tex/generic/gettitlestring/gettitlestring.sty
Package: gettitlestring 2019/12/15 v1.6 Cleanup title references (HO)
)
\c@section@level=\count478
)
\@linkdim=\dimen182
\Hy@linkcounter=\count479
\Hy@pagecounter=\count480

(c:/texlive/2023/texmf-dist/tex/latex/hyperref/pd1enc.def
File: pd1enc.def 2023-07-08 v7.01b Hyperref: PDFDocEncoding definition (HO)
Now handling font encoding PD1 ...
... no UTF-8 mapping file for font encoding PD1
)
(c:/texlive/2023/texmf-dist/tex/generic/intcalc/intcalc.sty
Package: intcalc 2019/12/15 v1.3 Expandable calculations with integers (HO)
)
\Hy@SavedSpaceFactor=\count481

(c:/texlive/2023/texmf-dist/tex/latex/hyperref/puenc.def
File: puenc.def 2023-07-08 v7.01b Hyperref: PDF Unicode definition (HO)
Now handling font encoding PU ...
... no UTF-8 mapping file for font encoding PU
)
Package hyperref Info: Option `hypertexnames' set `false' on input line 4050.
Package hyperref Info: Hyper figures OFF on input line 4167.
Package hyperref Info: Link nesting OFF on input line 4172.
Package hyperref Info: Hyper index ON on input line 4175.
Package hyperref Info: Plain pages OFF on input line 4182.
Package hyperref Info: Backreferencing OFF on input line 4187.
Package hyperref Info: Implicit mode ON; LaTeX internals redefined.
Package hyperref Info: Bookmarks ON on input line 4434.
\c@Hy@tempcnt=\count482
LaTeX Info: Redefining \url on input line 4772.
\XeTeXLinkMargin=\dimen183

(c:/texlive/2023/texmf-dist/tex/generic/bitset/bitset.sty
Package: bitset 2019/12/09 v1.3 Handle bit-vector datatype (HO)

(c:/texlive/2023/texmf-dist/tex/generic/bigintcalc/bigintcalc.sty
Package: bigintcalc 2019/12/15 v1.5 Expandable calculations on big integers (HO
)
))
\Fld@menulength=\count483
\Field@Width=\dimen184
\Fld@charsize=\dimen185
Package hyperref Info: Hyper figures OFF on input line 6051.
Package hyperref Info: Link nesting OFF on input line 6056.
Package hyperref Info: Hyper index ON on input line 6059.
Package hyperref Info: backreferencing OFF on input line 6066.
Package hyperref Info: Link coloring OFF on input line 6071.
Package hyperref Info: Link coloring with OCG OFF on input line 6076.
Package hyperref Info: PDF/A mode OFF on input line 6081.

(c:/texlive/2023/texmf-dist/tex/latex/base/atbegshi-ltx.sty
Package: atbegshi-ltx 2021/01/10 v1.0c Emulation of the original atbegshi
package with kernel methods
)
\Hy@abspage=\count484
\c@Item=\count485
\c@Hfootnote=\count486
)
Package hyperref Info: Driver (autodetected): hpdftex.

(c:/texlive/2023/texmf-dist/tex/latex/hyperref/hpdftex.def
File: hpdftex.def 2023-07-08 v7.01b Hyperref driver for pdfTeX

(c:/texlive/2023/texmf-dist/tex/latex/base/atveryend-ltx.sty
Package: atveryend-ltx 2020/08/19 v1.0a Emulation of the original atveryend pac
kage
with kernel methods
)
\Fld@listcount=\count487
\c@bookmark@seq@number=\count488

(c:/texlive/2023/texmf-dist/tex/latex/rerunfilecheck/rerunfilecheck.sty
Package: rerunfilecheck 2022-07-10 v1.10 Rerun checks for auxiliary files (HO)

(c:/texlive/2023/texmf-dist/tex/generic/uniquecounter/uniquecounter.sty
Package: uniquecounter 2019/12/15 v1.4 Provide unlimited unique counter (HO)
)
Package uniquecounter Info: New unique counter `rerunfilecheck' on input line 2
85.
)
\Hy@SectionHShift=\skip83
)
Package hyperref Info: Option `colorlinks' set `true' on input line 568.

(c:/texlive/2023/texmf-dist/tex/latex/oberdiek/hypcap.sty
Package: hypcap 2016/05/16 v1.12 Adjusting the anchors of captions (HO)
)
(c:/texlive/2023/texmf-dist/tex/latex/pdfsync/pdfsync.sty
Package: pdfsync 2008/01/26 v1.1
)
(c:/texlive/2023/texmf-dist/tex/generic/iftex/ifpdf.sty
Package: ifpdf 2019/10/25 v3.4 ifpdf legacy package. Use iftex instead.
)
(c:/texlive/2023/texmf-dist/tex/latex/epstopdf-pkg/epstopdf.sty
Package: epstopdf 2020-01-24 v2.11 Conversion with epstopdf on the fly (HO)

(c:/texlive/2023/texmf-dist/tex/latex/grfext/grfext.sty
Package: grfext 2019/12/03 v1.3 Manage graphics extensions (HO)
)
(c:/texlive/2023/texmf-dist/tex/latex/epstopdf-pkg/epstopdf-base.sty
Package: epstopdf-base 2020-01-24 v2.11 Base part for package epstopdf
Package epstopdf-base Info: Redefining graphics rule for `.eps' on input line 4
85.
Package grfext Info: Graphics extension search list:
(grfext)             [.pdf,.png,.jpg,.mps,.jpeg,.jbig2,.jb2,.PDF,.PNG,.JPG,.JPE
G,.JBIG2,.JB2,.eps]
(grfext)             \AppendGraphicsExtensions on input line 504.

(c:/texlive/2023/texmf-dist/tex/latex/latexconfig/epstopdf-sys.cfg
File: epstopdf-sys.cfg 2010/07/13 v1.3 Configuration of (r)epstopdf for TeX Liv
e
)))
(c:/texlive/2023/texmf-dist/tex/latex/enumitem/enumitem.sty
Package: enumitem 2019/06/20 v3.9 Customized lists
\labelindent=\skip84
\enit@outerparindent=\dimen186
\enit@toks=\toks40
\enit@inbox=\box107
\enit@count@id=\count489
\enitdp@description=\count490
))
(c:/texlive/2023/texmf-dist/tex/latex/glossaries/base/glossaries.sty
Package: glossaries 2022/11/03 v4.52 (NLCT)

(c:/texlive/2023/texmf-dist/tex/latex/mfirstuc/mfirstuc.sty
Package: mfirstuc 2022/10/14 v2.08 (NLCT)
\@glsmfirst=\toks41
\@glsmrest=\toks42
)
(c:/texlive/2023/texmf-dist/tex/latex/xfor/xfor.sty
Package: xfor 2009/02/05 v1.05 (NLCT)
)
(c:/texlive/2023/texmf-dist/tex/latex/datatool/datatool-base.sty
Package: datatool-base 2019/09/27 v2.32 (NLCT)

(c:/texlive/2023/texmf-dist/tex/latex/substr/substr.sty
Package: substr 2009/10/20 v1.2 Handle substrings
\c@su@anzahl=\count491
)
(c:/texlive/2023/texmf-dist/tex/latex/datatool/datatool-fp.sty
Package: datatool-fp 2019/09/27 v2.32 (NLCT)

(c:/texlive/2023/texmf-dist/tex/latex/fp/fp.sty
Package: fp 1995/04/02

`Fixed Point Package', Version 0.8, April 2, 1995 (C) Michael Mehlich
(c:/texlive/2023/texmf-dist/tex/latex/fp/defpattern.sty
Package: defpattern 1994/10/12
\actioncount=\count492
)
(c:/texlive/2023/texmf-dist/tex/latex/fp/fp-basic.sty
Package: fp-basic 1996/05/13
\FP@xs=\count493
\FP@xia=\count494
\FP@xib=\count495
\FP@xfa=\count496
\FP@xfb=\count497
\FP@rega=\count498
\FP@regb=\count499
\FP@regs=\count500
\FP@times=\count501
)
(c:/texlive/2023/texmf-dist/tex/latex/fp/fp-addons.sty
Package: fp-addons 1995/03/15
)
(c:/texlive/2023/texmf-dist/tex/latex/fp/fp-snap.sty
Package: fp-snap 1995/04/05
)
(c:/texlive/2023/texmf-dist/tex/latex/fp/fp-exp.sty
Package: fp-exp 1995/04/03
)
(c:/texlive/2023/texmf-dist/tex/latex/fp/fp-trigo.sty
Package: fp-trigo 1995/04/14
)
(c:/texlive/2023/texmf-dist/tex/latex/fp/fp-pas.sty
Package: fp-pas 1994/08/29
)
(c:/texlive/2023/texmf-dist/tex/latex/fp/fp-random.sty
Package: fp-random 1995/02/23
\FPseed=\count502
)
(c:/texlive/2023/texmf-dist/tex/latex/fp/fp-eqn.sty
Package: fp-eqn 1995/04/03
)
(c:/texlive/2023/texmf-dist/tex/latex/fp/fp-upn.sty
Package: fp-upn 1996/10/21
)
(c:/texlive/2023/texmf-dist/tex/latex/fp/fp-eval.sty
Package: fp-eval 1995/04/03
)))
\@dtl@toks=\toks43
\@dtl@tmpcount=\count503
\dtl@tmplength=\skip85
\dtl@sortresult=\count504
\@dtl@numgrpsepcount=\count505
\@dtl@datatype=\count506
\dtl@codeA=\count507
\dtl@codeB=\count508
\@dtl@foreach@level=\count509
)
(c:/texlive/2023/texmf-dist/tex/latex/tracklang/tracklang.sty
Package: tracklang 2022/12/13 v1.6.1 (NLCT) Track Languages

(c:/texlive/2023/texmf-dist/tex/generic/tracklang/tracklang.tex))
(c:/texlive/2023/texmf-dist/tex/latex/translator/translator.sty
Package: translator 2021-05-31 v1.12d Easy translation of strings in LaTeX
)
(c:/texlive/2023/texmf-dist/tex/latex/glossaries-german/glossaries-german.ldf
File: glossaries-german.ldf 2014/11/23 v1.0
)
\gls@level=\count510
\@gls@tmpb=\toks44
\gls@tmplen=\skip86
\glskeylisttok=\toks45
\glslabeltok=\toks46
\glsshorttok=\toks47
\glslongtok=\toks48

(c:/texlive/2023/texmf-dist/tex/latex/glossaries/styles/glossary-hypernav.sty
Package: glossary-hypernav 2022/11/03 v4.52 (NLCT)
)
(c:/texlive/2023/texmf-dist/tex/latex/glossaries/styles/glossary-list.sty
Package: glossary-list 2022/11/03 v4.52 (NLCT)
\glslistdottedwidth=\skip87
)
(c:/texlive/2023/texmf-dist/tex/latex/glossaries/styles/glossary-long.sty
Package: glossary-long 2022/11/03 v4.52 (NLCT)

(c:/texlive/2023/texmf-dist/tex/latex/tools/longtable.sty
Package: longtable 2021-09-01 v4.17 Multi-page Table package (DPC)
\LTleft=\skip88
\LTright=\skip89
\LTpre=\skip90
\LTpost=\skip91
\LTchunksize=\count511
\LTcapwidth=\dimen187
\LT@head=\box108
\LT@firsthead=\box109
\LT@foot=\box110
\LT@lastfoot=\box111
\LT@gbox=\box112
\LT@cols=\count512
\LT@rows=\count513
\c@LT@tables=\count514
\c@LT@chunks=\count515
\LT@p@ftn=\toks49
)
\glsdescwidth=\skip92
\glspagelistwidth=\skip93
)
(c:/texlive/2023/texmf-dist/tex/latex/glossaries/styles/glossary-super.sty
Package: glossary-super 2022/11/03 v4.52 (NLCT)

(c:/texlive/2023/texmf-dist/tex/latex/supertabular/supertabular.sty
Package: supertabular 2020/02/02 v4.1g the supertabular environment
\c@tracingst=\count516
\ST@wd=\dimen188
\ST@rightskip=\skip94
\ST@leftskip=\skip95
\ST@parfillskip=\skip96
\ST@pageleft=\dimen189
\ST@headht=\dimen190
\ST@tailht=\dimen191
\ST@pagesofar=\dimen192
\ST@pboxht=\dimen193
\ST@lineht=\dimen194
\ST@prevht=\dimen195
\ST@toadd=\dimen196
\ST@dimen=\dimen197
\ST@pbox=\box113
))
(c:/texlive/2023/texmf-dist/tex/latex/glossaries/styles/glossary-tree.sty
Package: glossary-tree 2022/11/03 v4.52 (NLCT)
\glstreeindent=\skip97
))
(c:/texlive/2023/texmf-dist/tex/latex/fancyhdr/fancyhdr.sty
Package: fancyhdr 2022/11/09 v4.1 Extensive control of page headers and footers

\f@nch@headwidth=\skip98
\f@nch@O@elh=\skip99
\f@nch@O@erh=\skip100
\f@nch@O@olh=\skip101
\f@nch@O@orh=\skip102
\f@nch@O@elf=\skip103
\f@nch@O@erf=\skip104
\f@nch@O@olf=\skip105
\f@nch@O@orf=\skip106
))

LaTeX Warning: \include should only be used after \begin{document} on input lin
e 13.

(./Settings.tex (c:/texlive/2023/texmf-dist/tex/latex/geometry/geometry.sty
Package: geometry 2020/01/02 v5.9 Page Geometry

(c:/texlive/2023/texmf-dist/tex/generic/iftex/ifvtex.sty
Package: ifvtex 2019/10/25 v1.7 ifvtex legacy package. Use iftex instead.
)
\Gm@cnth=\count517
\Gm@cntv=\count518
\c@Gm@tempcnt=\count519
\Gm@bindingoffset=\dimen198
\Gm@wd@mp=\dimen199
\Gm@odd@mp=\dimen256
\Gm@even@mp=\dimen257
\Gm@layoutwidth=\dimen258
\Gm@layoutheight=\dimen259
\Gm@layouthoffset=\dimen260
\Gm@layoutvoffset=\dimen261
\Gm@dimlist=\toks50
)
\_Diplomarbeit@idxfile=\write5
\openout5 = `_Diplomarbeit.idx'.


Writing index file _Diplomarbeit.idx
\allgemein@idxfile=\write6
\openout6 = `allgemein.idx'.

Writing index file allgemein.idx
\name@idxfile=\write7
\openout7 = `name.idx'.

Writing index file name.idx
\title@idxfile=\write8
\openout8 = `title.idx'.

Writing index file title.idx
)
\glswrite=\write9
\glo@main@file=\write10
\openout10 = `_Diplomarbeit.glo'.

Package glossaries Info: Writing glossary file _Diplomarbeit.glo on input line 
15.
 (./glossary.tex)
Package csquotes Info: Checking for multilingual support...
Package csquotes Info: ... found 'babel' package.
Package csquotes Info: Adjusting default style.
Package csquotes Info: Redefining alias 'default' -> 'ngerman'.

(C:/Users/Moritz/Documents/GitHub/Diplomschrift/out/_Diplomarbeit.aux
(C:/Users/Moritz/Documents/GitHub/Diplomschrift/out/vorwort.aux)
(C:/Users/Moritz/Documents/GitHub/Diplomschrift/out/dokumentation.aux)
(C:/Users/Moritz/Documents/GitHub/Diplomschrift/out/kurzfassung.aux)
(C:/Users/Moritz/Documents/GitHub/Diplomschrift/out/abstract.aux)
(C:/Users/Moritz/Documents/GitHub/Diplomschrift/out/einleitung.aux)
(C:/Users/Moritz/Documents/GitHub/Diplomschrift/out/organisatorische_grundlagen
.aux)
(C:/Users/Moritz/Documents/GitHub/Diplomschrift/out/produktspezifikationen.aux)

(C:/Users/Moritz/Documents/GitHub/Diplomschrift/out/feinkonzept_realisierung.au
x) (C:/Users/Moritz/Documents/GitHub/Diplomschrift/out/zmfs_abschluss.aux)
(C:/Users/Moritz/Documents/GitHub/Diplomschrift/out/mockups.aux)
(C:/Users/Moritz/Documents/GitHub/Diplomschrift/out/literatur.aux))
\openout1 = `_Diplomarbeit.aux'.

LaTeX Font Info:    Checking defaults for OML/cmm/m/it on input line 20.
LaTeX Font Info:    ... okay on input line 20.
LaTeX Font Info:    Checking defaults for OMS/cmsy/m/n on input line 20.
LaTeX Font Info:    ... okay on input line 20.
LaTeX Font Info:    Checking defaults for OT1/cmr/m/n on input line 20.
LaTeX Font Info:    ... okay on input line 20.
LaTeX Font Info:    Checking defaults for T1/cmr/m/n on input line 20.
LaTeX Font Info:    ... okay on input line 20.
LaTeX Font Info:    Checking defaults for TS1/cmr/m/n on input line 20.
LaTeX Font Info:    ... okay on input line 20.
LaTeX Font Info:    Checking defaults for OMX/cmex/m/n on input line 20.
LaTeX Font Info:    ... okay on input line 20.
LaTeX Font Info:    Checking defaults for U/cmr/m/n on input line 20.
LaTeX Font Info:    ... okay on input line 20.
LaTeX Font Info:    Checking defaults for PD1/pdf/m/n on input line 20.
LaTeX Font Info:    ... okay on input line 20.
LaTeX Font Info:    Checking defaults for PU/pdf/m/n on input line 20.
LaTeX Font Info:    ... okay on input line 20.

(c:/texlive/2023/texmf-dist/tex/context/base/mkii/supp-pdf.mkii
[Loading MPS to PDF converter (version 2006.09.02).]
\scratchcounter=\count520
\scratchdimen=\dimen262
\scratchbox=\box114
\nofMPsegments=\count521
\nofMParguments=\count522
\everyMPshowfont=\toks51
\MPscratchCnt=\count523
\MPscratchDim=\dimen263
\MPnumerator=\count524
\makeMPintoPDFobject=\count525
\everyMPtoPDFconversion=\toks52
) (c:/texlive/2023/texmf-dist/tex/latex/pdflscape/pdflscape.sty
Package: pdflscape 2022-10-27 v0.13 Display of landscape pages in PDF

(c:/texlive/2023/texmf-dist/tex/latex/pdflscape/pdflscape-nometadata.sty
Package: pdflscape-nometadata 2022-10-28 v0.13 Display of landscape pages in PD
F (HO)

(c:/texlive/2023/texmf-dist/tex/latex/graphics/lscape.sty
Package: lscape 2020/05/28 v3.02 Landscape Pages (DPC)
)
Package pdflscape Info: Auto-detected driver: pdftex on input line 81.
))
Package biblatex Info: Trying to load language 'ngerman'...
Package biblatex Info: ... file 'ngerman.lbx' found.

(c:/texlive/2023/texmf-dist/tex/latex/biblatex/lbx/ngerman.lbx
File: ngerman.lbx 2023/03/05 v3.19 biblatex localization (PK/MW)
Package biblatex Info: Trying to load language 'german'...
Package biblatex Info: ... file 'german.lbx' found.

(c:/texlive/2023/texmf-dist/tex/latex/biblatex/lbx/german.lbx
File: german.lbx 2023/03/05 v3.19 biblatex localization (PK/MW)
)
Package biblatex Info: Trying to load language 'german'...
Package biblatex Info: ... file 'german.lbx' found.

(c:/texlive/2023/texmf-dist/tex/latex/biblatex/lbx/german.lbx
File: german.lbx 2023/03/05 v3.19 biblatex localization (PK/MW)
))
Package biblatex Info: Trying to load language 'english'...
Package biblatex Info: ... file 'english.lbx' found.

(c:/texlive/2023/texmf-dist/tex/latex/biblatex/lbx/english.lbx
File: english.lbx 2023/03/05 v3.19 biblatex localization (PK/MW)
)
Package biblatex Info: Trying to load language 'german'...
Package biblatex Info: ... file 'german.lbx' found.

(c:/texlive/2023/texmf-dist/tex/latex/biblatex/lbx/german.lbx
File: german.lbx 2023/03/05 v3.19 biblatex localization (PK/MW)
)
Package biblatex Info: Input encoding 'utf8' detected.
Package biblatex Info: Data encoding 'utf8' specified.
(biblatex)             No need to reencode data.
\openout3 = `_Diplomarbeit.bcf'.

Package biblatex Info: Trying to load bibliographic data...
Package biblatex Info: ... file '_Diplomarbeit.bbl' found.

(C:/Users/Moritz/Documents/GitHub/Diplomschrift/out/_Diplomarbeit.bbl)
Package biblatex Info: Reference section=0 on input line 20.
Package biblatex Info: Reference segment=0 on input line 20.
Package caption Info: Begin \AtBeginDocument code.
Package caption Info: float package is loaded.
Package caption Info: hyperref package is loaded.
Package caption Info: hypcap package is loaded.
Package caption Info: listings package is loaded.
Package caption Info: longtable package is loaded.

(c:/texlive/2023/texmf-dist/tex/latex/caption/ltcaption.sty
Package: ltcaption 2021/01/08 v1.4c longtable captions (AR)
)
Package caption Info: supertabular package is loaded.
Package caption Info: End \AtBeginDocument code.
\c@lstlisting=\count526
Package hyperref Info: Link coloring ON on input line 20.

(C:/Users/Moritz/Documents/GitHub/Diplomschrift/out/_Diplomarbeit.out)
(C:/Users/Moritz/Documents/GitHub/Diplomschrift/out/_Diplomarbeit.out)
\@outlinefile=\write11
\openout11 = `_Diplomarbeit.out'.

Configuring pdfsync
\PDFSYNC@ut=\write12
\openout12 = `_Diplomarbeit.pdfsync'.

\PDFSYNCf@li@=\count527
\PDFSYNC@rder=\count528
**** pdfsync.sty: Synchronizing at \everypar
\PDFSYNCeveryp@r=\toks53
**** pdfsync.sty: Synchronizing at \everymath
\PDFSYNCeverym@th=\toks54
**** pdfsync.sty: Synchronizing at \everyhbox
\PDFSYNCeveryhb@x=\toks55
**** pdfsync.sty: started

*geometry* driver: auto-detecting
*geometry* detected driver: pdftex
*geometry* verbose mode - [ preamble ] result:
* driver: pdftex
* paper: a4paper
* layout: <same size as paper>
* layoutoffset:(h,v)=(0.0pt,0.0pt)
* modes: 
* h-part:(L,W,R)=(85.35826pt, 426.79135pt, 85.35826pt)
* v-part:(T,H,B)=(85.35826pt, 674.33032pt, 85.35826pt)
* \paperwidth=597.50787pt
* \paperheight=845.04684pt
* \textwidth=426.79135pt
* \textheight=674.33032pt
* \oddsidemargin=13.08827pt
* \evensidemargin=13.08827pt
* \topmargin=-32.38553pt
* \headheight=25.6pt
* \headsep=19.8738pt
* \topskip=11.0pt
* \footskip=27.46295pt
* \marginparwidth=53.0pt
* \marginparsep=7.0pt
* \columnsep=10.0pt
* \skip\footins=10.0pt plus 4.0pt minus 2.0pt
* \hoffset=0.0pt
* \voffset=0.0pt
* \mag=1000
* \@twocolumnfalse
* \@twosidefalse
* \@mparswitchfalse
* \@reversemarginfalse
* (1in=72.27pt=25.4mm, 1cm=28.453pt)

<images/htl.jpeg, id=232, 497.6994pt x 238.9728pt>
File: images/htl.jpeg Graphic file (type jpg)
<use images/htl.jpeg>
Package pdftex.def Info: images/htl.jpeg  used on input line 58.
(pdftex.def)             Requested size: 85.35826pt x 40.98218pt.
<images/htl_allgemein.jpg, id=233, 770.88pt x 337.26pt>
File: images/htl_allgemein.jpg Graphic file (type jpg)
<use images/htl_allgemein.jpg>
Package pdftex.def Info: images/htl_allgemein.jpg  used on input line 58.
(pdftex.def)             Requested size: 85.35826pt x 37.34058pt.

Overfull \hbox (7.26108pt too wide) in paragraph at lines 58--58
 [] 
 []

LaTeX Font Info:    Trying to load font information for U+msa on input line 58.

(c:/texlive/2023/texmf-dist/tex/latex/amsfonts/umsa.fd
File: umsa.fd 2013/01/14 v3.01 AMS symbols A
)
LaTeX Font Info:    Trying to load font information for U+msb on input line 58.


(c:/texlive/2023/texmf-dist/tex/latex/amsfonts/umsb.fd
File: umsb.fd 2013/01/14 v3.01 AMS symbols B
)
Underfull \hbox (badness 3396) in paragraph at lines 58--58
[][][]\T1/cmr/m/n/10.95 Recherche zu Va-ri-an-ten von Knapsack-Algorithmen und 
Um-set-zung des
 []


Overfull \hbox (12.0pt too wide) in alignment at lines 58--58
[] [] []
 []

[1
Non-PDF special ignored!
<special> header=psfrag.pro

\openout9 = `_Diplomarbeit.ist'.



{c:/texlive/2023/texmf-var/fonts/map/pdftex/updmap/pdftex.map}{c:/texlive/2023/
texmf-dist/fonts/enc/dvips/cm-super/cm-super-t1.enc} <./images/htl.jpeg> <./ima
ges/htl_allgemein.jpg>]
LaTeX Font Info:    Trying to load font information for T1+cmss on input line 5
8.
 (c:/texlive/2023/texmf-dist/tex/latex/base/t1cmss.fd
File: t1cmss.fd 2023/04/13 v2.5m Standard LaTeX font definitions
)
[2] [1

] (C:/Users/Moritz/Documents/GitHub/Diplomschrift/out/_Diplomarbeit.toc
[2

])
\tf@toc=\write13
\openout13 = `_Diplomarbeit.toc'.

 [3]
\openout2 = `vorwort.aux'.

 (./vorwort.tex) [4


]
\openout2 = `dokumentation.aux'.

 (./dokumentation.tex

pdfTeX warning: pdflatex.exe (file ./pdf/Formular-printed.pdf): PDF inclusion: 
found PDF version <1.7>, but at most version <1.5> allowed
<pdf/Formular-printed.pdf, id=326, 597.55246pt x 845.07724pt>
File: pdf/Formular-printed.pdf Graphic file (type pdf)
<use pdf/Formular-printed.pdf>
Package pdftex.def Info: pdf/Formular-printed.pdf  used on input line 7.
(pdftex.def)             Requested size: 597.551pt x 845.07518pt.


pdfTeX warning: pdflatex.exe (file ./pdf/Formular-printed.pdf): PDF inclusion: 
found PDF version <1.7>, but at most version <1.5> allowed
File: pdf/Formular-printed.pdf Graphic file (type pdf)
<use pdf/Formular-printed.pdf>
Package pdftex.def Info: pdf/Formular-printed.pdf  used on input line 7.
(pdftex.def)             Requested size: 597.551pt x 845.07518pt.


pdfTeX warning: pdflatex.exe (file ./pdf/Formular-printed.pdf): PDF inclusion: 
found PDF version <1.7>, but at most version <1.5> allowed


pdfTeX warning: pdflatex.exe (file ./pdf/Formular-printed.pdf): PDF inclusion: 
found PDF version <1.7>, but at most version <1.5> allowed
<pdf/Formular-printed.pdf, id=329, page=1, 597.55246pt x 845.07724pt>
File: pdf/Formular-printed.pdf Graphic file (type pdf)
<use pdf/Formular-printed.pdf, page 1>
Package pdftex.def Info: pdf/Formular-printed.pdf , page1 used on input line 7.

(pdftex.def)             Requested size: 597.551pt x 845.07518pt.
File: pdf/Formular-printed.pdf Graphic file (type pdf)
<use pdf/Formular-printed.pdf, page 1>
Package pdftex.def Info: pdf/Formular-printed.pdf , page1 used on input line 7.

(pdftex.def)             Requested size: 597.57834pt x 845.11386pt.
File: pdf/Formular-printed.pdf Graphic file (type pdf)
<use pdf/Formular-printed.pdf, page 1>
Package pdftex.def Info: pdf/Formular-printed.pdf , page1 used on input line 7.

(pdftex.def)             Requested size: 597.57834pt x 845.11386pt.
File: pdf/Formular-printed.pdf Graphic file (type pdf)
<use pdf/Formular-printed.pdf, page 1>
Package pdftex.def Info: pdf/Formular-printed.pdf , page1 used on input line 7.

(pdftex.def)             Requested size: 597.57834pt x 845.11386pt.
File: pdf/Formular-printed.pdf Graphic file (type pdf)
<use pdf/Formular-printed.pdf, page 1>
Package pdftex.def Info: pdf/Formular-printed.pdf , page1 used on input line 7.

(pdftex.def)             Requested size: 597.57834pt x 845.11386pt.
[5




 <./pdf/Formular-printed.pdf>]
File: pdf/Formular-printed.pdf Graphic file (type pdf)
<use pdf/Formular-printed.pdf>
Package pdftex.def Info: pdf/Formular-printed.pdf  used on input line 8.
(pdftex.def)             Requested size: 597.551pt x 845.07518pt.


pdfTeX warning: pdflatex.exe (file ./pdf/Formular-printed.pdf): PDF inclusion: 
found PDF version <1.7>, but at most version <1.5> allowed
File: pdf/Formular-printed.pdf Graphic file (type pdf)
<use pdf/Formular-printed.pdf>
Package pdftex.def Info: pdf/Formular-printed.pdf  used on input line 8.
(pdftex.def)             Requested size: 597.551pt x 845.07518pt.


pdfTeX warning: pdflatex.exe (file ./pdf/Formular-printed.pdf): PDF inclusion: 
found PDF version <1.7>, but at most version <1.5> allowed


pdfTeX warning: pdflatex.exe (file ./pdf/Formular-printed.pdf): PDF inclusion: 
found PDF version <1.7>, but at most version <1.5> allowed
<pdf/Formular-printed.pdf, id=356, page=2, 597.55246pt x 845.07724pt>
File: pdf/Formular-printed.pdf Graphic file (type pdf)
<use pdf/Formular-printed.pdf, page 2>
Package pdftex.def Info: pdf/Formular-printed.pdf , page2 used on input line 8.

(pdftex.def)             Requested size: 597.551pt x 845.07518pt.
File: pdf/Formular-printed.pdf Graphic file (type pdf)
<use pdf/Formular-printed.pdf, page 2>
Package pdftex.def Info: pdf/Formular-printed.pdf , page2 used on input line 8.

(pdftex.def)             Requested size: 597.57834pt x 845.11386pt.
File: pdf/Formular-printed.pdf Graphic file (type pdf)
<use pdf/Formular-printed.pdf, page 2>
Package pdftex.def Info: pdf/Formular-printed.pdf , page2 used on input line 8.

(pdftex.def)             Requested size: 597.57834pt x 845.11386pt.
File: pdf/Formular-printed.pdf Graphic file (type pdf)
<use pdf/Formular-printed.pdf, page 2>
Package pdftex.def Info: pdf/Formular-printed.pdf , page2 used on input line 8.

(pdftex.def)             Requested size: 597.57834pt x 845.11386pt.
File: pdf/Formular-printed.pdf Graphic file (type pdf)
<use pdf/Formular-printed.pdf, page 2>
Package pdftex.def Info: pdf/Formular-printed.pdf , page2 used on input line 8.

(pdftex.def)             Requested size: 597.57834pt x 845.11386pt.
[6 <./pdf/Formular-printed.pdf>]
File: pdf/Formular-printed.pdf Graphic file (type pdf)
<use pdf/Formular-printed.pdf>
Package pdftex.def Info: pdf/Formular-printed.pdf  used on input line 9.
(pdftex.def)             Requested size: 597.551pt x 845.07518pt.


pdfTeX warning: pdflatex.exe (file ./pdf/Formular-printed.pdf): PDF inclusion: 
found PDF version <1.7>, but at most version <1.5> allowed
File: pdf/Formular-printed.pdf Graphic file (type pdf)
<use pdf/Formular-printed.pdf>
Package pdftex.def Info: pdf/Formular-printed.pdf  used on input line 9.
(pdftex.def)             Requested size: 597.551pt x 845.07518pt.


pdfTeX warning: pdflatex.exe (file ./pdf/Formular-printed.pdf): PDF inclusion: 
found PDF version <1.7>, but at most version <1.5> allowed


pdfTeX warning: pdflatex.exe (file ./pdf/Formular-printed.pdf): PDF inclusion: 
found PDF version <1.7>, but at most version <1.5> allowed
<pdf/Formular-printed.pdf, id=368, page=3, 597.55246pt x 845.07724pt>
File: pdf/Formular-printed.pdf Graphic file (type pdf)
<use pdf/Formular-printed.pdf, page 3>
Package pdftex.def Info: pdf/Formular-printed.pdf , page3 used on input line 9.

(pdftex.def)             Requested size: 597.551pt x 845.07518pt.
File: pdf/Formular-printed.pdf Graphic file (type pdf)
<use pdf/Formular-printed.pdf, page 3>
Package pdftex.def Info: pdf/Formular-printed.pdf , page3 used on input line 9.

(pdftex.def)             Requested size: 597.57834pt x 845.11386pt.
File: pdf/Formular-printed.pdf Graphic file (type pdf)
<use pdf/Formular-printed.pdf, page 3>
Package pdftex.def Info: pdf/Formular-printed.pdf , page3 used on input line 9.

(pdftex.def)             Requested size: 597.57834pt x 845.11386pt.
File: pdf/Formular-printed.pdf Graphic file (type pdf)
<use pdf/Formular-printed.pdf, page 3>
Package pdftex.def Info: pdf/Formular-printed.pdf , page3 used on input line 9.

(pdftex.def)             Requested size: 597.57834pt x 845.11386pt.
File: pdf/Formular-printed.pdf Graphic file (type pdf)
<use pdf/Formular-printed.pdf, page 3>
Package pdftex.def Info: pdf/Formular-printed.pdf , page3 used on input line 9.

(pdftex.def)             Requested size: 597.57834pt x 845.11386pt.
[7

 <./pdf/Formular-printed.pdf>]
File: pdf/Formular-printed.pdf Graphic file (type pdf)
<use pdf/Formular-printed.pdf>
Package pdftex.def Info: pdf/Formular-printed.pdf  used on input line 10.
(pdftex.def)             Requested size: 597.551pt x 845.07518pt.


pdfTeX warning: pdflatex.exe (file ./pdf/Formular-printed.pdf): PDF inclusion: 
found PDF version <1.7>, but at most version <1.5> allowed
File: pdf/Formular-printed.pdf Graphic file (type pdf)
<use pdf/Formular-printed.pdf>
Package pdftex.def Info: pdf/Formular-printed.pdf  used on input line 10.
(pdftex.def)             Requested size: 597.551pt x 845.07518pt.


pdfTeX warning: pdflatex.exe (file ./pdf/Formular-printed.pdf): PDF inclusion: 
found PDF version <1.7>, but at most version <1.5> allowed


pdfTeX warning: pdflatex.exe (file ./pdf/Formular-printed.pdf): PDF inclusion: 
found PDF version <1.7>, but at most version <1.5> allowed
<pdf/Formular-printed.pdf, id=375, page=4, 597.55246pt x 845.07724pt>
File: pdf/Formular-printed.pdf Graphic file (type pdf)
<use pdf/Formular-printed.pdf, page 4>
Package pdftex.def Info: pdf/Formular-printed.pdf , page4 used on input line 10
.
(pdftex.def)             Requested size: 597.551pt x 845.07518pt.
File: pdf/Formular-printed.pdf Graphic file (type pdf)
<use pdf/Formular-printed.pdf, page 4>
Package pdftex.def Info: pdf/Formular-printed.pdf , page4 used on input line 10
.
(pdftex.def)             Requested size: 597.57834pt x 845.11386pt.
File: pdf/Formular-printed.pdf Graphic file (type pdf)
<use pdf/Formular-printed.pdf, page 4>
Package pdftex.def Info: pdf/Formular-printed.pdf , page4 used on input line 10
.
(pdftex.def)             Requested size: 597.57834pt x 845.11386pt.
File: pdf/Formular-printed.pdf Graphic file (type pdf)
<use pdf/Formular-printed.pdf, page 4>
Package pdftex.def Info: pdf/Formular-printed.pdf , page4 used on input line 10
.
(pdftex.def)             Requested size: 597.57834pt x 845.11386pt.
File: pdf/Formular-printed.pdf Graphic file (type pdf)
<use pdf/Formular-printed.pdf, page 4>
Package pdftex.def Info: pdf/Formular-printed.pdf , page4 used on input line 10
.
(pdftex.def)             Requested size: 597.57834pt x 845.11386pt.
[8 <./pdf/Formular-printed.pdf>])
\openout2 = `kurzfassung.aux'.

 (./kurzfassung.tex) [9




]
\openout2 = `abstract.aux'.

 (./abstract.tex)
[10




]
\openout2 = `einleitung.aux'.

 (./einleitung.tex
Kapitel 1.
) [1





]
\openout2 = `organisatorische_grundlagen.aux'.

 (./organisatorische_grundlagen.tex
Kapitel 2.
[2




]) [3]
\openout2 = `produktspezifikationen.aux'.

 (./produktspezifikationen.tex
Kapitel 3.
) [4




]
\openout2 = `feinkonzept_realisierung.aux'.

 (./feinkonzept_realisierung.tex
Kapitel 4.
[5




{c:/texlive/2023/texmf-dist/fonts/enc/dvips/cm-super/cm-super-ts1.enc}])
[6]
\openout2 = `zmfs_abschluss.aux'.

 (./zmfs_abschluss.tex
Kapitel 5.
) [7




]
\openout2 = `mockups.aux'.

 (./mockups.tex
Kapitel 6.
) [8




]
\openout2 = `literatur.aux'.

 (./literatur.tex
Kapitel 7.
) [9




]
No file _Diplomarbeit.gls.
[10



]
runsystem(makeindex allgemein.idx)...executed safely (allowed).

 (./allgemein.ind)
runsystem(makeindex _Diplomarbeit.idx)...executed safely (allowed).

 (./_Diplomarbeit.ind)
runsystem(makeindex name.idx)...executed safely (allowed).

 (./name.ind)
runsystem(makeindex title.idx)...executed safely (allowed).


(C:/Users/Moritz/Documents/GitHub/Diplomschrift/out/title.ind) [11

]
LaTeX Font Info:    Trying to load font information for T1+cmtt on input line 1
11.

(c:/texlive/2023/texmf-dist/tex/latex/base/t1cmtt.fd
File: t1cmtt.fd 2023/04/13 v2.5m Standard LaTeX font definitions
) [12



\indexentry{Anisetti, M.|hyperpage}{12}
\indexentry{Method, System, Network and Computer Program Product for Positionin
g in a Mobile Communications Network@\emph  {Method, System, Network and Comput
er Program Product for Positioning in a Mobile Communications Network}|hyperpag
e}{12}
\indexentry{Application Service Providers: Evolution and Resources@\emph  {Appl
ication Service Providers: Evolution and Resources}|hyperpage}{12}
\indexentry{Bacher, Florian|hyperpage}{12}
\indexentry{Interaktionsmglichkeiten mit Bildschirmen und groflchigen Pro
jektionen@\emph  {Interaktionsmglichkeiten mit Bildschirmen und groflchig
en Projektionen}|hyperpage}{12}
\indexentry{Beeler, De E.|hyperpage}{12}
\indexentry{Mayer, John P.|hyperpage}{12}
\indexentry{Measurement of the wing and tail loads during acceptance test of th
e {Bell} {XS-1} research airplane@\emph  {Measurement of the wing and tail load
s during acceptance test of the {Bell} {XS-1} research airplane}|hyperpage}{12}

\indexentry{Braams, Johannes|hyperpage}{12}
\indexentry{Babel, a multilingual package for use with {LaTeX}'s standard docum
ent classes@\emph  {Babel, a multilingual package for use with {LaTeX}'s standa
rd document classes}|hyperpage}{12}
\indexentry{Burge, Mark|hyperpage}{12}
\indexentry{Burger, Wilhelm|hyperpage}{12}
\indexentry{Jain, Anil K.|hyperpage}{12}
\indexentry{Ruud, Bolle|hyperpage}{12}
\indexentry{Sharath, Pankanti|hyperpage}{12}
\indexentry{Ear Biometrics@\emph  {Ear Biometrics}|hyperpage}{12}
\indexentry{Burger, Wilhelm|hyperpage}{12}
\indexentry{Bhanu, Bir|hyperpage}{12}
\indexentry{Qualitative Motion Understanding@\emph  {Qualitative Motion Underst
anding}|hyperpage}{12}
\indexentry{Burger, Wilhelm|hyperpage}{12}
\indexentry{Burge, Mark|hyperpage}{12}
\indexentry{Digitale Bildverarbeitung -- Eine Einfhrung mit Java und ImageJ@\
emph  {Digitale Bildverarbeitung -- Eine Einfhrung mit Java und ImageJ}|hyper
page}{12}
\indexentry{Carlisle, D. P.|hyperpage}{12}
\indexentry{Packages in the {`graphics'} bundle@\emph  {Packages in the {`graph
ics'} bundle}|hyperpage}{12}
\indexentry{Christian, Friedrich|hyperpage}{12}
\indexentry{Schriftliche Arbeiten im technisch-natur\-wissen\-schaft\-lichen St
udium: ein Leitfaden zur effektiven Erstellung und zum Einsatz moderner Arbeits
methoden@\emph  {Schriftliche Arbeiten im technisch-natur\-wissen\-schaft\-lich
en Studium: ein Leitfaden zur effektiven Erstellung und zum Einsatz moderner Ar
beitsmethoden}|hyperpage}{12}
\indexentry{Cochran, Steven Douglas|hyperpage}{12}
\indexentry{The {\tt  subfigure} Package@\emph  {The {\tt  subfigure} Package}|
hyperpage}{12}
\indexentry{Ergonomie der Mensch-System-Interaktion: Teil 110 Grundstze der D
ialoggestaltung@\emph  {Ergonomie der Mensch-System-Interaktion: Teil 110 Grund
stze der Dialoggestaltung}|hyperpage}{12}
\indexentry{Ergonomische Anforderungen fr Brottigkeiten mit Bildschirmger
ten Teil 11: Anforderungen an die Gebrauchstauglichkeit - Leitstze@\emph  {
Ergonomische Anforderungen fr Brottigkeiten mit Bildschirmgerten Teil 1
1: Anforderungen an die Gebrauchstauglichkeit - Leitstze}|hyperpage}{12}
\indexentry{Eberl, Gerhard|hyperpage}{12}
\indexentry{Automatischer Landeanflug durch Rechnersehen@\emph  {Automatischer 
Landeanflug durch Rechnersehen}|hyperpage}{12}
\indexentry{Faires, V. M.|hyperpage}{12}
\indexentry{Design of Machine Elements@\emph  {Design of Machine Elements}|hype
rpage}{12}
] [13
\indexentry{Guttman, Erik|hyperpage}{13}
\indexentry{Autoconfiguration for {IP} Networking@\emph  {Autoconfiguration for
 {IP} Networking}|hyperpage}{13}
\indexentry{Higham, Nicholas J.|hyperpage}{13}
\indexentry{Handbook of Writing for the Mathematical Sciences@\emph  {Handbook 
of Writing for the Mathematical Sciences}|hyperpage}{13}
\indexentry{Kopka, Helmut|hyperpage}{13}
\indexentry{Daly, Patric William|hyperpage}{13}
\indexentry{A Guide to LaTeX@\emph  {A Guide to LaTeX}|hyperpage}{13}
\indexentry{Kreisky, Bruno|hyperpage}{13}
\indexentry{Kaffeehausgesprch zur Lage der Nation@\emph  {Kaffeehausgesprch
 zur Lage der Nation}|hyperpage}{13}
\indexentry{Lamport, Leslie|hyperpage}{13}
\indexentry{Das {LaTeX}-Handbuch@\emph  {Das {LaTeX}-Handbuch}|hyperpage}{13}
\indexentry{Lamport, Leslie|hyperpage}{13}
\indexentry{{LaTeX}, A Document Preparation System@\emph  {{LaTeX}, A Document 
Preparation System}|hyperpage}{13}
\indexentry{Mermin, N. David|hyperpage}{13}
\indexentry{What's wrong with these equations?@\emph  {What's wrong with these 
equations?}|hyperpage}{13}
\indexentry{Nosferatu---A Symphony of Horrors@\emph  {Nosferatu---A Symphony of
 Horrors}|hyperpage}{13}
\indexentry{Oetiker, Tobias|hyperpage}{13}
\indexentry{The Not So Short Introduction to {LaTeX2e}@\emph  {The Not So Short
 Introduction to {LaTeX2e}}|hyperpage}{13}
\indexentry{Oostrum, Piet van|hyperpage}{13}
\indexentry{Page layout in {LaTeX}@\emph  {Page layout in {LaTeX}}|hyperpage}{1
3}
\indexentry{Pakin, Scott|hyperpage}{13}
\indexentry{The Comprehensive {LaTeX} Symbol List@\emph  {The Comprehensive {La
TeX} Symbol List}|hyperpage}{13}
\indexentry{Patashnik, Oren|hyperpage}{13}
\indexentry{{BiBTeXing}@\emph  {{BiBTeXing}}|hyperpage}{13}
\indexentry{Schmidt, Walter|hyperpage}{13}
\indexentry{{LaTeX2e} Kurzbeschreibung@\emph  {{LaTeX2e} Kurzbeschreibung}|hype
rpage}{13}
\indexentry{Sommerfeldt, Axel|hyperpage}{13}
\indexentry{Setzen von Abbildungs- und Tabellenbeschriftungen mit dem {\tt  cap
tion}-Paket@\emph  {Setzen von Abbildungs- und Tabellenbeschriftungen mit dem {
\tt  caption}-Paket}|hyperpage}{13}
\indexentry{Taylor, Paul|hyperpage}{13}
\indexentry{Dawson, Mark|hyperpage}{13}
\indexentry{Bibliography files in Hypatia@\emph  {Bibliography files in Hypatia
}|hyperpage}{13}
\indexentry{User's Guide for the {\tt  amsmath} Package@\emph  {User's Guide fo
r the {\tt  amsmath} Package}|hyperpage}{13}
\indexentry{Vo, Herbert|hyperpage}{13}
\indexentry{Math mode -- v.2.41@\emph  {Math mode -- v.2.41}|hyperpage}{13}
\indexentry{Wintersberger, Markus|hyperpage}{13}
\indexentry{Realisierung eines Internet-Auktionshauses basierend auf {PHP} und 
{MySQL}@\emph  {Realisierung eines Internet-Auktionshauses basierend auf {PHP} 
und {MySQL}}|hyperpage}{13}
\indexentry{Zappa, Frank|hyperpage}{13}
\indexentry{Freak Out@\emph  {Freak Out}|hyperpage}{13}
] (C:/Users/Moritz/Documents/GitHub/Diplomschrift/out/_Diplomarbeit.aux
(C:/Users/Moritz/Documents/GitHub/Diplomschrift/out/vorwort.aux)
(C:/Users/Moritz/Documents/GitHub/Diplomschrift/out/dokumentation.aux)
(C:/Users/Moritz/Documents/GitHub/Diplomschrift/out/kurzfassung.aux)
(C:/Users/Moritz/Documents/GitHub/Diplomschrift/out/abstract.aux)
(C:/Users/Moritz/Documents/GitHub/Diplomschrift/out/einleitung.aux)
(C:/Users/Moritz/Documents/GitHub/Diplomschrift/out/organisatorische_grundlagen
.aux)
(C:/Users/Moritz/Documents/GitHub/Diplomschrift/out/produktspezifikationen.aux)

(C:/Users/Moritz/Documents/GitHub/Diplomschrift/out/feinkonzept_realisierung.au
x) (C:/Users/Moritz/Documents/GitHub/Diplomschrift/out/zmfs_abschluss.aux)
(C:/Users/Moritz/Documents/GitHub/Diplomschrift/out/mockups.aux)
(C:/Users/Moritz/Documents/GitHub/Diplomschrift/out/literatur.aux))
 ***********
LaTeX2e <2023-06-01> patch level 1
L3 programming layer <2023-08-29>
 ***********
Package rerunfilecheck Info: File `_Diplomarbeit.out' has not changed.
(rerunfilecheck)             Checksum: C069D7FAFECADE4AAA15A40A7B2108AC;7803.
Package logreq Info: Writing requests to '_Diplomarbeit.run.xml'.
\openout1 = `_Diplomarbeit.run.xml'.

 ) 
Here is how much of TeX's memory you used:
 32926 strings out of 474928
 590677 string characters out of 5763562
 1936785 words of memory out of 5000000
 53716 multiletter control sequences out of 15000+600000
 574004 words of font info for 70 fonts, out of 8000000 for 9000
 1145 hyphenation exceptions out of 8191
 112i,47n,159p,2243b,2463s stack positions out of 10000i,1000n,20000p,200000b,200000s
<c:/texlive/2023/texmf-dist/fonts/type1/public/cm-super/sfbx1095.pfb><c:/texl
ive/2023/texmf-dist/fonts/type1/public/cm-super/sfbx1200.pfb><c:/texlive/2023/t
exmf-dist/fonts/type1/public/cm-super/sfbx1440.pfb><c:/texlive/2023/texmf-dist/
fonts/type1/public/cm-super/sfbx2074.pfb><c:/texlive/2023/texmf-dist/fonts/type
1/public/cm-super/sfbx2488.pfb><c:/texlive/2023/texmf-dist/fonts/type1/public/c
m-super/sfcc1095.pfb><c:/texlive/2023/texmf-dist/fonts/type1/public/cm-super/sf
rm1000.pfb><c:/texlive/2023/texmf-dist/fonts/type1/public/cm-super/sfrm1095.pfb
><c:/texlive/2023/texmf-dist/fonts/type1/public/cm-super/sfrm1200.pfb><c:/texli
ve/2023/texmf-dist/fonts/type1/public/cm-super/sfrm1440.pfb><c:/texlive/2023/te
xmf-dist/fonts/type1/public/cm-super/sfss1095.pfb><c:/texlive/2023/texmf-dist/f
onts/type1/public/cm-super/sfti1095.pfb><c:/texlive/2023/texmf-dist/fonts/type1
/public/cm-super/sftt1095.pfb>
Output written on C:/Users/Moritz/Documents/GitHub/Diplomschrift/out/_Diplomarb
eit.pdf (25 pages, 1392437 bytes).
PDF statistics:
 610 PDF objects out of 1000 (max. 8388607)
 520 compressed objects within 6 object streams
 120 named destinations out of 1000 (max. 500000)
 532 words of extra memory for PDF output out of 10000 (max. 10000000)

